<?xml version="1.0" encoding="UTF-8" standalone="no"?>
<!DOCTYPE report PUBLIC "-//JACOCO//DTD Report 1.1//EN" "report.dtd"[]>
<report name="Pester (08/28/2025 22:57:06)">
  <sessioninfo id="this" start="1756421803609" dump="1756421826311" />
  <package name="devsetup">
    <class name="devsetup/generateDocs" sourcefilename="generateDocs.ps1">
      <method name="&lt;script&gt;" desc="()" line="1">
        <counter type="INSTRUCTION" missed="39" covered="0" />
        <counter type="LINE" missed="35" covered="0" />
        <counter type="METHOD" missed="1" covered="0" />
      </method>
      <counter type="INSTRUCTION" missed="39" covered="0" />
      <counter type="LINE" missed="35" covered="0" />
      <counter type="METHOD" missed="1" covered="0" />
      <counter type="CLASS" missed="1" covered="0" />
    </class>
    <class name="devsetup/install" sourcefilename="install.ps1">
      <method name="&lt;script&gt;" desc="()" line="6">
        <counter type="INSTRUCTION" missed="145" covered="0" />
        <counter type="LINE" missed="120" covered="0" />
        <counter type="METHOD" missed="1" covered="0" />
      </method>
      <counter type="INSTRUCTION" missed="145" covered="0" />
      <counter type="LINE" missed="120" covered="0" />
      <counter type="METHOD" missed="1" covered="0" />
      <counter type="CLASS" missed="1" covered="0" />
    </class>
    <class name="devsetup/runTests" sourcefilename="runTests.ps1">
      <method name="&lt;script&gt;" desc="()" line="1">
        <counter type="INSTRUCTION" missed="4" covered="0" />
        <counter type="LINE" missed="4" covered="0" />
        <counter type="METHOD" missed="1" covered="0" />
      </method>
      <counter type="INSTRUCTION" missed="4" covered="0" />
      <counter type="LINE" missed="4" covered="0" />
      <counter type="METHOD" missed="1" covered="0" />
      <counter type="CLASS" missed="1" covered="0" />
    </class>
    <sourcefile name="generateDocs.ps1">
      <line nr="1" mi="1" ci="0" mb="0" cb="0" />
      <line nr="2" mi="1" ci="0" mb="0" cb="0" />
      <line nr="5" mi="1" ci="0" mb="0" cb="0" />
      <line nr="6" mi="1" ci="0" mb="0" cb="0" />
      <line nr="7" mi="1" ci="0" mb="0" cb="0" />
      <line nr="10" mi="1" ci="0" mb="0" cb="0" />
      <line nr="11" mi="2" ci="0" mb="0" cb="0" />
      <line nr="12" mi="1" ci="0" mb="0" cb="0" />
      <line nr="16" mi="3" ci="0" mb="0" cb="0" />
      <line nr="19" mi="1" ci="0" mb="0" cb="0" />
      <line nr="22" mi="1" ci="0" mb="0" cb="0" />
      <line nr="36" mi="1" ci="0" mb="0" cb="0" />
      <line nr="37" mi="1" ci="0" mb="0" cb="0" />
      <line nr="40" mi="1" ci="0" mb="0" cb="0" />
      <line nr="43" mi="1" ci="0" mb="0" cb="0" />
      <line nr="45" mi="1" ci="0" mb="0" cb="0" />
      <line nr="46" mi="1" ci="0" mb="0" cb="0" />
      <line nr="47" mi="1" ci="0" mb="0" cb="0" />
      <line nr="48" mi="1" ci="0" mb="0" cb="0" />
      <line nr="49" mi="1" ci="0" mb="0" cb="0" />
      <line nr="50" mi="1" ci="0" mb="0" cb="0" />
      <line nr="51" mi="1" ci="0" mb="0" cb="0" />
      <line nr="52" mi="1" ci="0" mb="0" cb="0" />
      <line nr="54" mi="1" ci="0" mb="0" cb="0" />
      <line nr="55" mi="1" ci="0" mb="0" cb="0" />
      <line nr="57" mi="1" ci="0" mb="0" cb="0" />
      <line nr="58" mi="1" ci="0" mb="0" cb="0" />
      <line nr="59" mi="1" ci="0" mb="0" cb="0" />
      <line nr="61" mi="1" ci="0" mb="0" cb="0" />
      <line nr="63" mi="1" ci="0" mb="0" cb="0" />
      <line nr="66" mi="2" ci="0" mb="0" cb="0" />
      <line nr="70" mi="1" ci="0" mb="0" cb="0" />
      <line nr="71" mi="1" ci="0" mb="0" cb="0" />
      <line nr="72" mi="1" ci="0" mb="0" cb="0" />
      <line nr="73" mi="1" ci="0" mb="0" cb="0" />
      <counter type="INSTRUCTION" missed="39" covered="0" />
      <counter type="LINE" missed="35" covered="0" />
      <counter type="METHOD" missed="1" covered="0" />
      <counter type="CLASS" missed="1" covered="0" />
    </sourcefile>
    <sourcefile name="install.ps1">
      <line nr="6" mi="1" ci="0" mb="0" cb="0" />
      <line nr="7" mi="1" ci="0" mb="0" cb="0" />
      <line nr="10" mi="1" ci="0" mb="0" cb="0" />
      <line nr="12" mi="1" ci="0" mb="0" cb="0" />
      <line nr="13" mi="1" ci="0" mb="0" cb="0" />
      <line nr="15" mi="1" ci="0" mb="0" cb="0" />
      <line nr="16" mi="1" ci="0" mb="0" cb="0" />
      <line nr="19" mi="2" ci="0" mb="0" cb="0" />
      <line nr="20" mi="1" ci="0" mb="0" cb="0" />
      <line nr="24" mi="1" ci="0" mb="0" cb="0" />
      <line nr="25" mi="2" ci="0" mb="0" cb="0" />
      <line nr="26" mi="1" ci="0" mb="0" cb="0" />
      <line nr="29" mi="1" ci="0" mb="0" cb="0" />
      <line nr="32" mi="1" ci="0" mb="0" cb="0" />
      <line nr="34" mi="1" ci="0" mb="0" cb="0" />
      <line nr="37" mi="2" ci="0" mb="0" cb="0" />
      <line nr="39" mi="1" ci="0" mb="0" cb="0" />
      <line nr="40" mi="2" ci="0" mb="0" cb="0" />
      <line nr="42" mi="1" ci="0" mb="0" cb="0" />
      <line nr="43" mi="2" ci="0" mb="0" cb="0" />
      <line nr="45" mi="1" ci="0" mb="0" cb="0" />
      <line nr="48" mi="1" ci="0" mb="0" cb="0" />
      <line nr="52" mi="1" ci="0" mb="0" cb="0" />
      <line nr="55" mi="1" ci="0" mb="0" cb="0" />
      <line nr="56" mi="2" ci="0" mb="0" cb="0" />
      <line nr="59" mi="2" ci="0" mb="0" cb="0" />
      <line nr="60" mi="2" ci="0" mb="0" cb="0" />
      <line nr="61" mi="1" ci="0" mb="0" cb="0" />
      <line nr="64" mi="1" ci="0" mb="0" cb="0" />
      <line nr="65" mi="4" ci="0" mb="0" cb="0" />
      <line nr="68" mi="1" ci="0" mb="0" cb="0" />
      <line nr="70" mi="1" ci="0" mb="0" cb="0" />
      <line nr="71" mi="1" ci="0" mb="0" cb="0" />
      <line nr="72" mi="1" ci="0" mb="0" cb="0" />
      <line nr="73" mi="1" ci="0" mb="0" cb="0" />
      <line nr="75" mi="1" ci="0" mb="0" cb="0" />
      <line nr="77" mi="1" ci="0" mb="0" cb="0" />
      <line nr="78" mi="1" ci="0" mb="0" cb="0" />
      <line nr="79" mi="1" ci="0" mb="0" cb="0" />
      <line nr="82" mi="1" ci="0" mb="0" cb="0" />
      <line nr="84" mi="1" ci="0" mb="0" cb="0" />
      <line nr="85" mi="2" ci="0" mb="0" cb="0" />
      <line nr="87" mi="1" ci="0" mb="0" cb="0" />
      <line nr="88" mi="1" ci="0" mb="0" cb="0" />
      <line nr="89" mi="1" ci="0" mb="0" cb="0" />
      <line nr="90" mi="1" ci="0" mb="0" cb="0" />
      <line nr="93" mi="1" ci="0" mb="0" cb="0" />
      <line nr="94" mi="1" ci="0" mb="0" cb="0" />
      <line nr="95" mi="2" ci="0" mb="0" cb="0" />
      <line nr="97" mi="1" ci="0" mb="0" cb="0" />
      <line nr="102" mi="1" ci="0" mb="0" cb="0" />
      <line nr="104" mi="1" ci="0" mb="0" cb="0" />
      <line nr="105" mi="1" ci="0" mb="0" cb="0" />
      <line nr="106" mi="1" ci="0" mb="0" cb="0" />
      <line nr="107" mi="1" ci="0" mb="0" cb="0" />
      <line nr="110" mi="1" ci="0" mb="0" cb="0" />
      <line nr="111" mi="1" ci="0" mb="0" cb="0" />
      <line nr="112" mi="2" ci="0" mb="0" cb="0" />
      <line nr="114" mi="1" ci="0" mb="0" cb="0" />
      <line nr="116" mi="1" ci="0" mb="0" cb="0" />
      <line nr="117" mi="1" ci="0" mb="0" cb="0" />
      <line nr="119" mi="1" ci="0" mb="0" cb="0" />
      <line nr="120" mi="1" ci="0" mb="0" cb="0" />
      <line nr="125" mi="1" ci="0" mb="0" cb="0" />
      <line nr="128" mi="1" ci="0" mb="0" cb="0" />
      <line nr="129" mi="1" ci="0" mb="0" cb="0" />
      <line nr="133" mi="2" ci="0" mb="0" cb="0" />
      <line nr="134" mi="1" ci="0" mb="0" cb="0" />
      <line nr="135" mi="2" ci="0" mb="0" cb="0" />
      <line nr="139" mi="1" ci="0" mb="0" cb="0" />
      <line nr="140" mi="1" ci="0" mb="0" cb="0" />
      <line nr="142" mi="1" ci="0" mb="0" cb="0" />
      <line nr="145" mi="1" ci="0" mb="0" cb="0" />
      <line nr="146" mi="1" ci="0" mb="0" cb="0" />
      <line nr="147" mi="2" ci="0" mb="0" cb="0" />
      <line nr="151" mi="1" ci="0" mb="0" cb="0" />
      <line nr="152" mi="2" ci="0" mb="0" cb="0" />
      <line nr="155" mi="1" ci="0" mb="0" cb="0" />
      <line nr="156" mi="2" ci="0" mb="0" cb="0" />
      <line nr="159" mi="1" ci="0" mb="0" cb="0" />
      <line nr="162" mi="1" ci="0" mb="0" cb="0" />
      <line nr="163" mi="1" ci="0" mb="0" cb="0" />
      <line nr="164" mi="1" ci="0" mb="0" cb="0" />
      <line nr="165" mi="2" ci="0" mb="0" cb="0" />
      <line nr="166" mi="3" ci="0" mb="0" cb="0" />
      <line nr="169" mi="1" ci="0" mb="0" cb="0" />
      <line nr="170" mi="1" ci="0" mb="0" cb="0" />
      <line nr="171" mi="2" ci="0" mb="0" cb="0" />
      <line nr="172" mi="1" ci="0" mb="0" cb="0" />
      <line nr="174" mi="1" ci="0" mb="0" cb="0" />
      <line nr="180" mi="1" ci="0" mb="0" cb="0" />
      <line nr="181" mi="1" ci="0" mb="0" cb="0" />
      <line nr="184" mi="1" ci="0" mb="0" cb="0" />
      <line nr="185" mi="1" ci="0" mb="0" cb="0" />
      <line nr="187" mi="1" ci="0" mb="0" cb="0" />
      <line nr="191" mi="1" ci="0" mb="0" cb="0" />
      <line nr="192" mi="1" ci="0" mb="0" cb="0" />
      <line nr="193" mi="2" ci="0" mb="0" cb="0" />
      <line nr="194" mi="2" ci="0" mb="0" cb="0" />
      <line nr="198" mi="1" ci="0" mb="0" cb="0" />
      <line nr="201" mi="1" ci="0" mb="0" cb="0" />
      <line nr="202" mi="1" ci="0" mb="0" cb="0" />
      <line nr="205" mi="1" ci="0" mb="0" cb="0" />
      <line nr="206" mi="1" ci="0" mb="0" cb="0" />
      <line nr="208" mi="1" ci="0" mb="0" cb="0" />
      <line nr="209" mi="1" ci="0" mb="0" cb="0" />
      <line nr="212" mi="1" ci="0" mb="0" cb="0" />
      <line nr="213" mi="1" ci="0" mb="0" cb="0" />
      <line nr="214" mi="1" ci="0" mb="0" cb="0" />
      <line nr="215" mi="1" ci="0" mb="0" cb="0" />
      <line nr="217" mi="1" ci="0" mb="0" cb="0" />
      <line nr="218" mi="1" ci="0" mb="0" cb="0" />
      <line nr="221" mi="1" ci="0" mb="0" cb="0" />
      <line nr="222" mi="1" ci="0" mb="0" cb="0" />
      <line nr="223" mi="1" ci="0" mb="0" cb="0" />
      <line nr="224" mi="1" ci="0" mb="0" cb="0" />
      <line nr="225" mi="1" ci="0" mb="0" cb="0" />
      <line nr="226" mi="1" ci="0" mb="0" cb="0" />
      <line nr="229" mi="1" ci="0" mb="0" cb="0" />
      <line nr="230" mi="1" ci="0" mb="0" cb="0" />
      <counter type="INSTRUCTION" missed="145" covered="0" />
      <counter type="LINE" missed="120" covered="0" />
      <counter type="METHOD" missed="1" covered="0" />
      <counter type="CLASS" missed="1" covered="0" />
    </sourcefile>
    <sourcefile name="runTests.ps1">
      <line nr="1" mi="1" ci="0" mb="0" cb="0" />
      <line nr="3" mi="1" ci="0" mb="0" cb="0" />
      <line nr="4" mi="1" ci="0" mb="0" cb="0" />
      <line nr="6" mi="1" ci="0" mb="0" cb="0" />
      <counter type="INSTRUCTION" missed="4" covered="0" />
      <counter type="LINE" missed="4" covered="0" />
      <counter type="METHOD" missed="1" covered="0" />
      <counter type="CLASS" missed="1" covered="0" />
    </sourcefile>
    <counter type="INSTRUCTION" missed="188" covered="0" />
    <counter type="LINE" missed="159" covered="0" />
    <counter type="METHOD" missed="3" covered="0" />
    <counter type="CLASS" missed="3" covered="0" />
  </package>
  <package name="devsetup/DevSetup">
    <class name="devsetup/DevSetup/DevSetup" sourcefilename="DevSetup/DevSetup.psm1">
      <method name="&lt;script&gt;" desc="()" line="4">
        <counter type="INSTRUCTION" missed="63" covered="0" />
        <counter type="LINE" missed="26" covered="0" />
        <counter type="METHOD" missed="1" covered="0" />
      </method>
      <counter type="INSTRUCTION" missed="63" covered="0" />
      <counter type="LINE" missed="26" covered="0" />
      <counter type="METHOD" missed="1" covered="0" />
      <counter type="CLASS" missed="1" covered="0" />
    </class>
    <sourcefile name="DevSetup/DevSetup.psm1">
      <line nr="4" mi="1" ci="0" mb="0" cb="0" />
      <line nr="7" mi="4" ci="0" mb="0" cb="0" />
      <line nr="8" mi="4" ci="0" mb="0" cb="0" />
      <line nr="9" mi="4" ci="0" mb="0" cb="0" />
      <line nr="10" mi="4" ci="0" mb="0" cb="0" />
      <line nr="11" mi="4" ci="0" mb="0" cb="0" />
      <line nr="12" mi="4" ci="0" mb="0" cb="0" />
      <line nr="13" mi="4" ci="0" mb="0" cb="0" />
      <line nr="16" mi="1" ci="0" mb="0" cb="0" />
      <line nr="17" mi="2" ci="0" mb="0" cb="0" />
      <line nr="18" mi="2" ci="0" mb="0" cb="0" />
      <line nr="19" mi="2" ci="0" mb="0" cb="0" />
      <line nr="20" mi="2" ci="0" mb="0" cb="0" />
      <line nr="21" mi="2" ci="0" mb="0" cb="0" />
      <line nr="22" mi="2" ci="0" mb="0" cb="0" />
      <line nr="23" mi="2" ci="0" mb="0" cb="0" />
      <line nr="26" mi="1" ci="0" mb="0" cb="0" />
      <line nr="28" mi="1" ci="0" mb="0" cb="0" />
      <line nr="29" mi="2" ci="0" mb="0" cb="0" />
      <line nr="32" mi="2" ci="0" mb="0" cb="0" />
      <line nr="37" mi="1" ci="0" mb="0" cb="0" />
      <line nr="38" mi="1" ci="0" mb="0" cb="0" />
      <line nr="41" mi="1" ci="0" mb="0" cb="0" />
      <line nr="42" mi="1" ci="0" mb="0" cb="0" />
      <line nr="45" mi="1" ci="0" mb="0" cb="0" />
      <line nr="48" mi="8" ci="0" mb="0" cb="0" />
      <counter type="INSTRUCTION" missed="63" covered="0" />
      <counter type="LINE" missed="26" covered="0" />
      <counter type="METHOD" missed="1" covered="0" />
      <counter type="CLASS" missed="1" covered="0" />
    </sourcefile>
    <counter type="INSTRUCTION" missed="63" covered="0" />
    <counter type="LINE" missed="26" covered="0" />
    <counter type="METHOD" missed="1" covered="0" />
    <counter type="CLASS" missed="1" covered="0" />
  </package>
  <package name="devsetup/DevSetup/Private/3rdParty">
    <class name="devsetup/DevSetup/Private/3rdParty/ConvertFrom-3rdPartyInstall" sourcefilename="DevSetup/Private/3rdParty/ConvertFrom-3rdPartyInstall.ps1">
      <method name="ConvertFrom-3rdPartyInstall" desc="()" line="7">
        <counter type="INSTRUCTION" missed="0" covered="8" />
        <counter type="LINE" missed="0" covered="6" />
        <counter type="METHOD" missed="0" covered="1" />
      </method>
      <counter type="INSTRUCTION" missed="0" covered="8" />
      <counter type="LINE" missed="0" covered="6" />
      <counter type="METHOD" missed="0" covered="1" />
      <counter type="CLASS" missed="0" covered="1" />
    </class>
    <sourcefile name="DevSetup/Private/3rdParty/ConvertFrom-3rdPartyInstall.ps1">
      <line nr="7" mi="0" ci="1" mb="0" cb="0" />
      <line nr="8" mi="0" ci="2" mb="0" cb="0" />
      <line nr="9" mi="0" ci="1" mb="0" cb="0" />
      <line nr="13" mi="0" ci="1" mb="0" cb="0" />
      <line nr="14" mi="0" ci="2" mb="0" cb="0" />
      <line nr="15" mi="0" ci="1" mb="0" cb="0" />
      <counter type="INSTRUCTION" missed="0" covered="8" />
      <counter type="LINE" missed="0" covered="6" />
      <counter type="METHOD" missed="0" covered="1" />
      <counter type="CLASS" missed="0" covered="1" />
    </sourcefile>
    <counter type="INSTRUCTION" missed="0" covered="8" />
    <counter type="LINE" missed="0" covered="6" />
    <counter type="METHOD" missed="0" covered="1" />
    <counter type="CLASS" missed="0" covered="1" />
  </package>
  <package name="devsetup/DevSetup/Private/3rdParty/VisualStudio">
    <class name="devsetup/DevSetup/Private/3rdParty/VisualStudio/ConvertFrom-VisualStudioInstall" sourcefilename="DevSetup/Private/3rdParty/VisualStudio/ConvertFrom-VisualStudioInstall.ps1">
      <method name="ConvertFrom-VisualStudioInstall" desc="()" line="11">
        <counter type="INSTRUCTION" missed="90" covered="0" />
        <counter type="LINE" missed="68" covered="0" />
        <counter type="METHOD" missed="1" covered="0" />
      </method>
      <counter type="INSTRUCTION" missed="90" covered="0" />
      <counter type="LINE" missed="68" covered="0" />
      <counter type="METHOD" missed="1" covered="0" />
      <counter type="CLASS" missed="1" covered="0" />
    </class>
    <class name="devsetup/DevSetup/Private/3rdParty/VisualStudio/Export-VssConfig" sourcefilename="DevSetup/Private/3rdParty/VisualStudio/Export-VssConfig.ps1">
      <method name="Export-VssConfig" desc="()" line="6">
        <counter type="INSTRUCTION" missed="34" covered="0" />
        <counter type="LINE" missed="29" covered="0" />
        <counter type="METHOD" missed="1" covered="0" />
      </method>
      <counter type="INSTRUCTION" missed="34" covered="0" />
      <counter type="LINE" missed="29" covered="0" />
      <counter type="METHOD" missed="1" covered="0" />
      <counter type="CLASS" missed="1" covered="0" />
    </class>
    <class name="devsetup/DevSetup/Private/3rdParty/VisualStudio/Import-VssConfig" sourcefilename="DevSetup/Private/3rdParty/VisualStudio/Import-VssConfig.ps1">
      <method name="Import-VssConfig" desc="()" line="7">
        <counter type="INSTRUCTION" missed="12" covered="0" />
        <counter type="LINE" missed="11" covered="0" />
        <counter type="METHOD" missed="1" covered="0" />
      </method>
      <counter type="INSTRUCTION" missed="12" covered="0" />
      <counter type="LINE" missed="11" covered="0" />
      <counter type="METHOD" missed="1" covered="0" />
      <counter type="CLASS" missed="1" covered="0" />
    </class>
    <sourcefile name="DevSetup/Private/3rdParty/VisualStudio/ConvertFrom-VisualStudioInstall.ps1">
      <line nr="11" mi="2" ci="0" mb="0" cb="0" />
      <line nr="12" mi="1" ci="0" mb="0" cb="0" />
      <line nr="16" mi="1" ci="0" mb="0" cb="0" />
      <line nr="17" mi="1" ci="0" mb="0" cb="0" />
      <line nr="19" mi="1" ci="0" mb="0" cb="0" />
      <line nr="20" mi="1" ci="0" mb="0" cb="0" />
      <line nr="21" mi="1" ci="0" mb="0" cb="0" />
      <line nr="25" mi="1" ci="0" mb="0" cb="0" />
      <line nr="28" mi="2" ci="0" mb="0" cb="0" />
      <line nr="29" mi="2" ci="0" mb="0" cb="0" />
      <line nr="30" mi="2" ci="0" mb="0" cb="0" />
      <line nr="31" mi="2" ci="0" mb="0" cb="0" />
      <line nr="32" mi="2" ci="0" mb="0" cb="0" />
      <line nr="34" mi="1" ci="0" mb="0" cb="0" />
      <line nr="35" mi="2" ci="0" mb="0" cb="0" />
      <line nr="39" mi="1" ci="0" mb="0" cb="0" />
      <line nr="40" mi="3" ci="0" mb="0" cb="0" />
      <line nr="41" mi="1" ci="0" mb="0" cb="0" />
      <line nr="42" mi="2" ci="0" mb="0" cb="0" />
      <line nr="43" mi="2" ci="0" mb="0" cb="0" />
      <line nr="44" mi="2" ci="0" mb="0" cb="0" />
      <line nr="47" mi="1" ci="0" mb="0" cb="0" />
      <line nr="49" mi="1" ci="0" mb="0" cb="0" />
      <line nr="52" mi="1" ci="0" mb="0" cb="0" />
      <line nr="55" mi="2" ci="0" mb="0" cb="0" />
      <line nr="56" mi="1" ci="0" mb="0" cb="0" />
      <line nr="59" mi="2" ci="0" mb="0" cb="0" />
      <line nr="60" mi="2" ci="0" mb="0" cb="0" />
      <line nr="63" mi="1" ci="0" mb="0" cb="0" />
      <line nr="64" mi="1" ci="0" mb="0" cb="0" />
      <line nr="67" mi="1" ci="0" mb="0" cb="0" />
      <line nr="70" mi="1" ci="0" mb="0" cb="0" />
      <line nr="71" mi="1" ci="0" mb="0" cb="0" />
      <line nr="72" mi="1" ci="0" mb="0" cb="0" />
      <line nr="75" mi="1" ci="0" mb="0" cb="0" />
      <line nr="78" mi="1" ci="0" mb="0" cb="0" />
      <line nr="79" mi="1" ci="0" mb="0" cb="0" />
      <line nr="80" mi="1" ci="0" mb="0" cb="0" />
      <line nr="84" mi="2" ci="0" mb="0" cb="0" />
      <line nr="85" mi="2" ci="0" mb="0" cb="0" />
      <line nr="86" mi="1" ci="0" mb="0" cb="0" />
      <line nr="89" mi="1" ci="0" mb="0" cb="0" />
      <line nr="90" mi="1" ci="0" mb="0" cb="0" />
      <line nr="93" mi="1" ci="0" mb="0" cb="0" />
      <line nr="96" mi="1" ci="0" mb="0" cb="0" />
      <line nr="97" mi="1" ci="0" mb="0" cb="0" />
      <line nr="98" mi="1" ci="0" mb="0" cb="0" />
      <line nr="101" mi="1" ci="0" mb="0" cb="0" />
      <line nr="104" mi="1" ci="0" mb="0" cb="0" />
      <line nr="105" mi="1" ci="0" mb="0" cb="0" />
      <line nr="106" mi="1" ci="0" mb="0" cb="0" />
      <line nr="112" mi="2" ci="0" mb="0" cb="0" />
      <line nr="115" mi="1" ci="0" mb="0" cb="0" />
      <line nr="116" mi="2" ci="0" mb="0" cb="0" />
      <line nr="120" mi="1" ci="0" mb="0" cb="0" />
      <line nr="121" mi="1" ci="0" mb="0" cb="0" />
      <line nr="122" mi="1" ci="0" mb="0" cb="0" />
      <line nr="123" mi="1" ci="0" mb="0" cb="0" />
      <line nr="126" mi="3" ci="0" mb="0" cb="0" />
      <line nr="129" mi="1" ci="0" mb="0" cb="0" />
      <line nr="130" mi="2" ci="0" mb="0" cb="0" />
      <line nr="131" mi="1" ci="0" mb="0" cb="0" />
      <line nr="134" mi="1" ci="0" mb="0" cb="0" />
      <line nr="135" mi="1" ci="0" mb="0" cb="0" />
      <line nr="142" mi="1" ci="0" mb="0" cb="0" />
      <line nr="143" mi="1" ci="0" mb="0" cb="0" />
      <line nr="146" mi="1" ci="0" mb="0" cb="0" />
      <line nr="147" mi="1" ci="0" mb="0" cb="0" />
      <counter type="INSTRUCTION" missed="90" covered="0" />
      <counter type="LINE" missed="68" covered="0" />
      <counter type="METHOD" missed="1" covered="0" />
      <counter type="CLASS" missed="1" covered="0" />
    </sourcefile>
    <sourcefile name="DevSetup/Private/3rdParty/VisualStudio/Export-VssConfig.ps1">
      <line nr="6" mi="2" ci="0" mb="0" cb="0" />
      <line nr="7" mi="1" ci="0" mb="0" cb="0" />
      <line nr="8" mi="1" ci="0" mb="0" cb="0" />
      <line nr="12" mi="1" ci="0" mb="0" cb="0" />
      <line nr="15" mi="1" ci="0" mb="0" cb="0" />
      <line nr="18" mi="1" ci="0" mb="0" cb="0" />
      <line nr="19" mi="1" ci="0" mb="0" cb="0" />
      <line nr="20" mi="1" ci="0" mb="0" cb="0" />
      <line nr="22" mi="1" ci="0" mb="0" cb="0" />
      <line nr="24" mi="1" ci="0" mb="0" cb="0" />
      <line nr="25" mi="3" ci="0" mb="0" cb="0" />
      <line nr="26" mi="1" ci="0" mb="0" cb="0" />
      <line nr="29" mi="1" ci="0" mb="0" cb="0" />
      <line nr="30" mi="1" ci="0" mb="0" cb="0" />
      <line nr="31" mi="1" ci="0" mb="0" cb="0" />
      <line nr="35" mi="1" ci="0" mb="0" cb="0" />
      <line nr="36" mi="1" ci="0" mb="0" cb="0" />
      <line nr="37" mi="1" ci="0" mb="0" cb="0" />
      <line nr="40" mi="2" ci="0" mb="0" cb="0" />
      <line nr="41" mi="1" ci="0" mb="0" cb="0" />
      <line nr="42" mi="1" ci="0" mb="0" cb="0" />
      <line nr="45" mi="1" ci="0" mb="0" cb="0" />
      <line nr="46" mi="1" ci="0" mb="0" cb="0" />
      <line nr="47" mi="1" ci="0" mb="0" cb="0" />
      <line nr="48" mi="1" ci="0" mb="0" cb="0" />
      <line nr="52" mi="2" ci="0" mb="0" cb="0" />
      <line nr="54" mi="1" ci="0" mb="0" cb="0" />
      <line nr="56" mi="1" ci="0" mb="0" cb="0" />
      <line nr="57" mi="1" ci="0" mb="0" cb="0" />
      <counter type="INSTRUCTION" missed="34" covered="0" />
      <counter type="LINE" missed="29" covered="0" />
      <counter type="METHOD" missed="1" covered="0" />
      <counter type="CLASS" missed="1" covered="0" />
    </sourcefile>
    <sourcefile name="DevSetup/Private/3rdParty/VisualStudio/Import-VssConfig.ps1">
      <line nr="7" mi="1" ci="0" mb="0" cb="0" />
      <line nr="8" mi="1" ci="0" mb="0" cb="0" />
      <line nr="9" mi="1" ci="0" mb="0" cb="0" />
      <line nr="14" mi="1" ci="0" mb="0" cb="0" />
      <line nr="17" mi="1" ci="0" mb="0" cb="0" />
      <line nr="20" mi="2" ci="0" mb="0" cb="0" />
      <line nr="22" mi="1" ci="0" mb="0" cb="0" />
      <line nr="25" mi="1" ci="0" mb="0" cb="0" />
      <line nr="27" mi="1" ci="0" mb="0" cb="0" />
      <line nr="30" mi="1" ci="0" mb="0" cb="0" />
      <line nr="31" mi="1" ci="0" mb="0" cb="0" />
      <counter type="INSTRUCTION" missed="12" covered="0" />
      <counter type="LINE" missed="11" covered="0" />
      <counter type="METHOD" missed="1" covered="0" />
      <counter type="CLASS" missed="1" covered="0" />
    </sourcefile>
    <counter type="INSTRUCTION" missed="136" covered="0" />
    <counter type="LINE" missed="108" covered="0" />
    <counter type="METHOD" missed="3" covered="0" />
    <counter type="CLASS" missed="3" covered="0" />
  </package>
  <package name="devsetup/DevSetup/Private/3rdParty/VisualStudioCode">
    <class name="devsetup/DevSetup/Private/3rdParty/VisualStudioCode/ConvertFrom-VisualStudioCodeInstall" sourcefilename="DevSetup/Private/3rdParty/VisualStudioCode/ConvertFrom-VisualStudioCodeInstall.ps1">
      <method name="ConvertFrom-VisualStudioCodeInstall" desc="()" line="7">
        <counter type="INSTRUCTION" missed="101" covered="0" />
        <counter type="LINE" missed="85" covered="0" />
        <counter type="METHOD" missed="1" covered="0" />
      </method>
      <counter type="INSTRUCTION" missed="101" covered="0" />
      <counter type="LINE" missed="85" covered="0" />
      <counter type="METHOD" missed="1" covered="0" />
      <counter type="CLASS" missed="1" covered="0" />
    </class>
    <class name="devsetup/DevSetup/Private/3rdParty/VisualStudioCode/Export-VsCodeConfig" sourcefilename="DevSetup/Private/3rdParty/VisualStudioCode/Export-VsCodeConfig.ps1">
      <method name="Export-VsCodeConfig" desc="()" line="7">
        <counter type="INSTRUCTION" missed="32" covered="0" />
        <counter type="LINE" missed="28" covered="0" />
        <counter type="METHOD" missed="1" covered="0" />
      </method>
      <counter type="INSTRUCTION" missed="32" covered="0" />
      <counter type="LINE" missed="28" covered="0" />
      <counter type="METHOD" missed="1" covered="0" />
      <counter type="CLASS" missed="1" covered="0" />
    </class>
    <class name="devsetup/DevSetup/Private/3rdParty/VisualStudioCode/Import-VsCodeConfig" sourcefilename="DevSetup/Private/3rdParty/VisualStudioCode/Import-VsCodeConfig.ps1">
      <method name="Import-VsCodeConfig" desc="()" line="7">
        <counter type="INSTRUCTION" missed="62" covered="0" />
        <counter type="LINE" missed="58" covered="0" />
        <counter type="METHOD" missed="1" covered="0" />
      </method>
      <counter type="INSTRUCTION" missed="62" covered="0" />
      <counter type="LINE" missed="58" covered="0" />
      <counter type="METHOD" missed="1" covered="0" />
      <counter type="CLASS" missed="1" covered="0" />
    </class>
    <sourcefile name="DevSetup/Private/3rdParty/VisualStudioCode/ConvertFrom-VisualStudioCodeInstall.ps1">
      <line nr="7" mi="1" ci="0" mb="0" cb="0" />
      <line nr="10" mi="1" ci="0" mb="0" cb="0" />
      <line nr="13" mi="2" ci="0" mb="0" cb="0" />
      <line nr="14" mi="2" ci="0" mb="0" cb="0" />
      <line nr="15" mi="2" ci="0" mb="0" cb="0" />
      <line nr="16" mi="2" ci="0" mb="0" cb="0" />
      <line nr="19" mi="2" ci="0" mb="0" cb="0" />
      <line nr="20" mi="2" ci="0" mb="0" cb="0" />
      <line nr="21" mi="1" ci="0" mb="0" cb="0" />
      <line nr="24" mi="1" ci="0" mb="0" cb="0" />
      <line nr="25" mi="1" ci="0" mb="0" cb="0" />
      <line nr="28" mi="1" ci="0" mb="0" cb="0" />
      <line nr="29" mi="1" ci="0" mb="0" cb="0" />
      <line nr="31" mi="1" ci="0" mb="0" cb="0" />
      <line nr="33" mi="2" ci="0" mb="0" cb="0" />
      <line nr="36" mi="2" ci="0" mb="0" cb="0" />
      <line nr="37" mi="2" ci="0" mb="0" cb="0" />
      <line nr="40" mi="1" ci="0" mb="0" cb="0" />
      <line nr="42" mi="1" ci="0" mb="0" cb="0" />
      <line nr="43" mi="1" ci="0" mb="0" cb="0" />
      <line nr="47" mi="1" ci="0" mb="0" cb="0" />
      <line nr="48" mi="1" ci="0" mb="0" cb="0" />
      <line nr="49" mi="1" ci="0" mb="0" cb="0" />
      <line nr="51" mi="1" ci="0" mb="0" cb="0" />
      <line nr="56" mi="2" ci="0" mb="0" cb="0" />
      <line nr="57" mi="2" ci="0" mb="0" cb="0" />
      <line nr="58" mi="1" ci="0" mb="0" cb="0" />
      <line nr="61" mi="1" ci="0" mb="0" cb="0" />
      <line nr="62" mi="1" ci="0" mb="0" cb="0" />
      <line nr="66" mi="1" ci="0" mb="0" cb="0" />
      <line nr="69" mi="1" ci="0" mb="0" cb="0" />
      <line nr="73" mi="1" ci="0" mb="0" cb="0" />
      <line nr="74" mi="1" ci="0" mb="0" cb="0" />
      <line nr="78" mi="1" ci="0" mb="0" cb="0" />
      <line nr="79" mi="1" ci="0" mb="0" cb="0" />
      <line nr="80" mi="1" ci="0" mb="0" cb="0" />
      <line nr="81" mi="1" ci="0" mb="0" cb="0" />
      <line nr="82" mi="2" ci="0" mb="0" cb="0" />
      <line nr="90" mi="1" ci="0" mb="0" cb="0" />
      <line nr="92" mi="1" ci="0" mb="0" cb="0" />
      <line nr="93" mi="1" ci="0" mb="0" cb="0" />
      <line nr="94" mi="1" ci="0" mb="0" cb="0" />
      <line nr="95" mi="1" ci="0" mb="0" cb="0" />
      <line nr="96" mi="1" ci="0" mb="0" cb="0" />
      <line nr="97" mi="1" ci="0" mb="0" cb="0" />
      <line nr="106" mi="1" ci="0" mb="0" cb="0" />
      <line nr="107" mi="1" ci="0" mb="0" cb="0" />
      <line nr="108" mi="1" ci="0" mb="0" cb="0" />
      <line nr="110" mi="1" ci="0" mb="0" cb="0" />
      <line nr="111" mi="1" ci="0" mb="0" cb="0" />
      <line nr="112" mi="1" ci="0" mb="0" cb="0" />
      <line nr="113" mi="1" ci="0" mb="0" cb="0" />
      <line nr="115" mi="1" ci="0" mb="0" cb="0" />
      <line nr="116" mi="1" ci="0" mb="0" cb="0" />
      <line nr="117" mi="1" ci="0" mb="0" cb="0" />
      <line nr="118" mi="1" ci="0" mb="0" cb="0" />
      <line nr="123" mi="1" ci="0" mb="0" cb="0" />
      <line nr="125" mi="1" ci="0" mb="0" cb="0" />
      <line nr="126" mi="1" ci="0" mb="0" cb="0" />
      <line nr="127" mi="1" ci="0" mb="0" cb="0" />
      <line nr="128" mi="1" ci="0" mb="0" cb="0" />
      <line nr="129" mi="2" ci="0" mb="0" cb="0" />
      <line nr="137" mi="1" ci="0" mb="0" cb="0" />
      <line nr="138" mi="1" ci="0" mb="0" cb="0" />
      <line nr="141" mi="1" ci="0" mb="0" cb="0" />
      <line nr="142" mi="1" ci="0" mb="0" cb="0" />
      <line nr="143" mi="1" ci="0" mb="0" cb="0" />
      <line nr="147" mi="1" ci="0" mb="0" cb="0" />
      <line nr="148" mi="1" ci="0" mb="0" cb="0" />
      <line nr="150" mi="1" ci="0" mb="0" cb="0" />
      <line nr="152" mi="2" ci="0" mb="0" cb="0" />
      <line nr="155" mi="1" ci="0" mb="0" cb="0" />
      <line nr="156" mi="1" ci="0" mb="0" cb="0" />
      <line nr="157" mi="1" ci="0" mb="0" cb="0" />
      <line nr="159" mi="1" ci="0" mb="0" cb="0" />
      <line nr="162" mi="1" ci="0" mb="0" cb="0" />
      <line nr="167" mi="2" ci="0" mb="0" cb="0" />
      <line nr="168" mi="2" ci="0" mb="0" cb="0" />
      <line nr="169" mi="1" ci="0" mb="0" cb="0" />
      <line nr="172" mi="1" ci="0" mb="0" cb="0" />
      <line nr="173" mi="1" ci="0" mb="0" cb="0" />
      <line nr="177" mi="1" ci="0" mb="0" cb="0" />
      <line nr="180" mi="1" ci="0" mb="0" cb="0" />
      <line nr="183" mi="1" ci="0" mb="0" cb="0" />
      <line nr="184" mi="1" ci="0" mb="0" cb="0" />
      <counter type="INSTRUCTION" missed="101" covered="0" />
      <counter type="LINE" missed="85" covered="0" />
      <counter type="METHOD" missed="1" covered="0" />
      <counter type="CLASS" missed="1" covered="0" />
    </sourcefile>
    <sourcefile name="DevSetup/Private/3rdParty/VisualStudioCode/Export-VsCodeConfig.ps1">
      <line nr="7" mi="1" ci="0" mb="0" cb="0" />
      <line nr="10" mi="1" ci="0" mb="0" cb="0" />
      <line nr="11" mi="1" ci="0" mb="0" cb="0" />
      <line nr="12" mi="1" ci="0" mb="0" cb="0" />
      <line nr="13" mi="1" ci="0" mb="0" cb="0" />
      <line nr="16" mi="1" ci="0" mb="0" cb="0" />
      <line nr="20" mi="1" ci="0" mb="0" cb="0" />
      <line nr="21" mi="1" ci="0" mb="0" cb="0" />
      <line nr="23" mi="1" ci="0" mb="0" cb="0" />
      <line nr="24" mi="1" ci="0" mb="0" cb="0" />
      <line nr="25" mi="1" ci="0" mb="0" cb="0" />
      <line nr="26" mi="1" ci="0" mb="0" cb="0" />
      <line nr="30" mi="3" ci="0" mb="0" cb="0" />
      <line nr="32" mi="1" ci="0" mb="0" cb="0" />
      <line nr="33" mi="1" ci="0" mb="0" cb="0" />
      <line nr="34" mi="1" ci="0" mb="0" cb="0" />
      <line nr="37" mi="2" ci="0" mb="0" cb="0" />
      <line nr="40" mi="2" ci="0" mb="0" cb="0" />
      <line nr="43" mi="1" ci="0" mb="0" cb="0" />
      <line nr="45" mi="1" ci="0" mb="0" cb="0" />
      <line nr="46" mi="1" ci="0" mb="0" cb="0" />
      <line nr="47" mi="1" ci="0" mb="0" cb="0" />
      <line nr="50" mi="1" ci="0" mb="0" cb="0" />
      <line nr="51" mi="1" ci="0" mb="0" cb="0" />
      <line nr="54" mi="1" ci="0" mb="0" cb="0" />
      <line nr="55" mi="1" ci="0" mb="0" cb="0" />
      <line nr="59" mi="1" ci="0" mb="0" cb="0" />
      <line nr="60" mi="1" ci="0" mb="0" cb="0" />
      <counter type="INSTRUCTION" missed="32" covered="0" />
      <counter type="LINE" missed="28" covered="0" />
      <counter type="METHOD" missed="1" covered="0" />
      <counter type="CLASS" missed="1" covered="0" />
    </sourcefile>
    <sourcefile name="DevSetup/Private/3rdParty/VisualStudioCode/Import-VsCodeConfig.ps1">
      <line nr="7" mi="1" ci="0" mb="0" cb="0" />
      <line nr="9" mi="1" ci="0" mb="0" cb="0" />
      <line nr="10" mi="1" ci="0" mb="0" cb="0" />
      <line nr="11" mi="1" ci="0" mb="0" cb="0" />
      <line nr="15" mi="1" ci="0" mb="0" cb="0" />
      <line nr="16" mi="1" ci="0" mb="0" cb="0" />
      <line nr="18" mi="1" ci="0" mb="0" cb="0" />
      <line nr="19" mi="1" ci="0" mb="0" cb="0" />
      <line nr="20" mi="1" ci="0" mb="0" cb="0" />
      <line nr="24" mi="1" ci="0" mb="0" cb="0" />
      <line nr="25" mi="1" ci="0" mb="0" cb="0" />
      <line nr="27" mi="1" ci="0" mb="0" cb="0" />
      <line nr="28" mi="1" ci="0" mb="0" cb="0" />
      <line nr="29" mi="1" ci="0" mb="0" cb="0" />
      <line nr="31" mi="1" ci="0" mb="0" cb="0" />
      <line nr="32" mi="1" ci="0" mb="0" cb="0" />
      <line nr="33" mi="1" ci="0" mb="0" cb="0" />
      <line nr="37" mi="1" ci="0" mb="0" cb="0" />
      <line nr="38" mi="1" ci="0" mb="0" cb="0" />
      <line nr="39" mi="1" ci="0" mb="0" cb="0" />
      <line nr="42" mi="1" ci="0" mb="0" cb="0" />
      <line nr="45" mi="1" ci="0" mb="0" cb="0" />
      <line nr="46" mi="1" ci="0" mb="0" cb="0" />
      <line nr="47" mi="1" ci="0" mb="0" cb="0" />
      <line nr="48" mi="1" ci="0" mb="0" cb="0" />
      <line nr="51" mi="1" ci="0" mb="0" cb="0" />
      <line nr="55" mi="2" ci="0" mb="0" cb="0" />
      <line nr="58" mi="1" ci="0" mb="0" cb="0" />
      <line nr="59" mi="1" ci="0" mb="0" cb="0" />
      <line nr="63" mi="1" ci="0" mb="0" cb="0" />
      <line nr="65" mi="2" ci="0" mb="0" cb="0" />
      <line nr="67" mi="1" ci="0" mb="0" cb="0" />
      <line nr="69" mi="1" ci="0" mb="0" cb="0" />
      <line nr="72" mi="2" ci="0" mb="0" cb="0" />
      <line nr="73" mi="1" ci="0" mb="0" cb="0" />
      <line nr="76" mi="1" ci="0" mb="0" cb="0" />
      <line nr="77" mi="1" ci="0" mb="0" cb="0" />
      <line nr="78" mi="1" ci="0" mb="0" cb="0" />
      <line nr="81" mi="2" ci="0" mb="0" cb="0" />
      <line nr="83" mi="1" ci="0" mb="0" cb="0" />
      <line nr="84" mi="1" ci="0" mb="0" cb="0" />
      <line nr="87" mi="1" ci="0" mb="0" cb="0" />
      <line nr="88" mi="1" ci="0" mb="0" cb="0" />
      <line nr="92" mi="1" ci="0" mb="0" cb="0" />
      <line nr="95" mi="1" ci="0" mb="0" cb="0" />
      <line nr="96" mi="1" ci="0" mb="0" cb="0" />
      <line nr="98" mi="1" ci="0" mb="0" cb="0" />
      <line nr="99" mi="1" ci="0" mb="0" cb="0" />
      <line nr="100" mi="1" ci="0" mb="0" cb="0" />
      <line nr="101" mi="1" ci="0" mb="0" cb="0" />
      <line nr="104" mi="1" ci="0" mb="0" cb="0" />
      <line nr="105" mi="1" ci="0" mb="0" cb="0" />
      <line nr="109" mi="1" ci="0" mb="0" cb="0" />
      <line nr="110" mi="1" ci="0" mb="0" cb="0" />
      <line nr="115" mi="1" ci="0" mb="0" cb="0" />
      <line nr="117" mi="1" ci="0" mb="0" cb="0" />
      <line nr="120" mi="1" ci="0" mb="0" cb="0" />
      <line nr="121" mi="1" ci="0" mb="0" cb="0" />
      <counter type="INSTRUCTION" missed="62" covered="0" />
      <counter type="LINE" missed="58" covered="0" />
      <counter type="METHOD" missed="1" covered="0" />
      <counter type="CLASS" missed="1" covered="0" />
    </sourcefile>
    <counter type="INSTRUCTION" missed="195" covered="0" />
    <counter type="LINE" missed="171" covered="0" />
    <counter type="METHOD" missed="3" covered="0" />
    <counter type="CLASS" missed="3" covered="0" />
  </package>
  <package name="devsetup/DevSetup/Private/Commands">
    <class name="devsetup/DevSetup/Private/Commands/Export-DevSetupEnv" sourcefilename="DevSetup/Private/Commands/Export-DevSetupEnv.ps1">
      <method name="Export-DevSetupEnv" desc="()" line="67">
        <counter type="INSTRUCTION" missed="0" covered="12" />
        <counter type="LINE" missed="0" covered="11" />
        <counter type="METHOD" missed="0" covered="1" />
      </method>
      <counter type="INSTRUCTION" missed="0" covered="12" />
      <counter type="LINE" missed="0" covered="11" />
      <counter type="METHOD" missed="0" covered="1" />
      <counter type="CLASS" missed="0" covered="1" />
    </class>
    <class name="devsetup/DevSetup/Private/Commands/Initialize-DevSetup" sourcefilename="DevSetup/Private/Commands/Initialize-DevSetup.ps1">
      <method name="Initialize-DevSetup" desc="()" line="67">
        <counter type="INSTRUCTION" missed="0" covered="30" />
        <counter type="LINE" missed="0" covered="27" />
        <counter type="METHOD" missed="0" covered="1" />
      </method>
      <counter type="INSTRUCTION" missed="0" covered="30" />
      <counter type="LINE" missed="0" covered="27" />
      <counter type="METHOD" missed="0" covered="1" />
      <counter type="CLASS" missed="0" covered="1" />
    </class>
    <class name="devsetup/DevSetup/Private/Commands/Install-DevSetupEnv" sourcefilename="DevSetup/Private/Commands/Install-DevSetupEnv.ps1">
      <method name="Install-DevSetupEnv" desc="()" line="64">
        <counter type="INSTRUCTION" missed="0" covered="24" />
        <counter type="LINE" missed="0" covered="18" />
        <counter type="METHOD" missed="0" covered="1" />
      </method>
      <counter type="INSTRUCTION" missed="0" covered="24" />
      <counter type="LINE" missed="0" covered="18" />
      <counter type="METHOD" missed="0" covered="1" />
      <counter type="CLASS" missed="0" covered="1" />
    </class>
    <class name="devsetup/DevSetup/Private/Commands/Show-DevSetupEnvList" sourcefilename="DevSetup/Private/Commands/Show-DevSetupEnvList.ps1">
      <method name="Show-DevSetupEnvList" desc="()" line="75">
        <counter type="INSTRUCTION" missed="2" covered="95" />
        <counter type="LINE" missed="1" covered="57" />
        <counter type="METHOD" missed="0" covered="1" />
      </method>
      <counter type="INSTRUCTION" missed="2" covered="95" />
      <counter type="LINE" missed="1" covered="57" />
      <counter type="METHOD" missed="0" covered="1" />
      <counter type="CLASS" missed="0" covered="1" />
    </class>
    <class name="devsetup/DevSetup/Private/Commands/Uninstall-DevSetupEnv" sourcefilename="DevSetup/Private/Commands/Uninstall-DevSetupEnv.ps1">
      <method name="Uninstall-DevSetupEnv" desc="()" line="67">
        <counter type="INSTRUCTION" missed="0" covered="13" />
        <counter type="LINE" missed="0" covered="11" />
        <counter type="METHOD" missed="0" covered="1" />
      </method>
      <counter type="INSTRUCTION" missed="0" covered="13" />
      <counter type="LINE" missed="0" covered="11" />
      <counter type="METHOD" missed="0" covered="1" />
      <counter type="CLASS" missed="0" covered="1" />
    </class>
    <sourcefile name="DevSetup/Private/Commands/Export-DevSetupEnv.ps1">
      <line nr="67" mi="0" ci="1" mb="0" cb="0" />
      <line nr="68" mi="0" ci="1" mb="0" cb="0" />
      <line nr="69" mi="0" ci="1" mb="0" cb="0" />
      <line nr="71" mi="0" ci="1" mb="0" cb="0" />
      <line nr="72" mi="0" ci="2" mb="0" cb="0" />
      <line nr="73" mi="0" ci="1" mb="0" cb="0" />
      <line nr="74" mi="0" ci="1" mb="0" cb="0" />
      <line nr="75" mi="0" ci="1" mb="0" cb="0" />
      <line nr="76" mi="0" ci="1" mb="0" cb="0" />
      <line nr="78" mi="0" ci="1" mb="0" cb="0" />
      <line nr="79" mi="0" ci="1" mb="0" cb="0" />
      <counter type="INSTRUCTION" missed="0" covered="12" />
      <counter type="LINE" missed="0" covered="11" />
      <counter type="METHOD" missed="0" covered="1" />
      <counter type="CLASS" missed="0" covered="1" />
    </sourcefile>
    <sourcefile name="DevSetup/Private/Commands/Initialize-DevSetup.ps1">
      <line nr="67" mi="0" ci="1" mb="0" cb="0" />
      <line nr="68" mi="0" ci="2" mb="0" cb="0" />
      <line nr="69" mi="0" ci="1" mb="0" cb="0" />
      <line nr="72" mi="0" ci="1" mb="0" cb="0" />
      <line nr="75" mi="0" ci="1" mb="0" cb="0" />
      <line nr="78" mi="0" ci="2" mb="0" cb="0" />
      <line nr="80" mi="0" ci="2" mb="0" cb="0" />
      <line nr="83" mi="0" ci="1" mb="0" cb="0" />
      <line nr="86" mi="0" ci="1" mb="0" cb="0" />
      <line nr="87" mi="0" ci="1" mb="0" cb="0" />
      <line nr="89" mi="0" ci="1" mb="0" cb="0" />
      <line nr="90" mi="0" ci="1" mb="0" cb="0" />
      <line nr="91" mi="0" ci="1" mb="0" cb="0" />
      <line nr="92" mi="0" ci="1" mb="0" cb="0" />
      <line nr="94" mi="0" ci="1" mb="0" cb="0" />
      <line nr="97" mi="0" ci="1" mb="0" cb="0" />
      <line nr="98" mi="0" ci="1" mb="0" cb="0" />
      <line nr="99" mi="0" ci="1" mb="0" cb="0" />
      <line nr="100" mi="0" ci="1" mb="0" cb="0" />
      <line nr="101" mi="0" ci="1" mb="0" cb="0" />
      <line nr="102" mi="0" ci="1" mb="0" cb="0" />
      <line nr="103" mi="0" ci="1" mb="0" cb="0" />
      <line nr="104" mi="0" ci="1" mb="0" cb="0" />
      <line nr="105" mi="0" ci="1" mb="0" cb="0" />
      <line nr="108" mi="0" ci="1" mb="0" cb="0" />
      <line nr="111" mi="0" ci="1" mb="0" cb="0" />
      <line nr="112" mi="0" ci="1" mb="0" cb="0" />
      <counter type="INSTRUCTION" missed="0" covered="30" />
      <counter type="LINE" missed="0" covered="27" />
      <counter type="METHOD" missed="0" covered="1" />
      <counter type="CLASS" missed="0" covered="1" />
    </sourcefile>
    <sourcefile name="DevSetup/Private/Commands/Install-DevSetupEnv.ps1">
      <line nr="64" mi="0" ci="2" mb="0" cb="0" />
      <line nr="65" mi="0" ci="2" mb="0" cb="0" />
      <line nr="66" mi="0" ci="1" mb="0" cb="0" />
      <line nr="70" mi="0" ci="1" mb="0" cb="0" />
      <line nr="73" mi="0" ci="1" mb="0" cb="0" />
      <line nr="76" mi="0" ci="1" mb="0" cb="0" />
      <line nr="77" mi="0" ci="1" mb="0" cb="0" />
      <line nr="82" mi="0" ci="2" mb="0" cb="0" />
      <line nr="85" mi="0" ci="2" mb="0" cb="0" />
      <line nr="88" mi="0" ci="2" mb="0" cb="0" />
      <line nr="91" mi="0" ci="1" mb="0" cb="0" />
      <line nr="92" mi="0" ci="1" mb="0" cb="0" />
      <line nr="94" mi="0" ci="1" mb="0" cb="0" />
      <line nr="95" mi="0" ci="1" mb="0" cb="0" />
      <line nr="96" mi="0" ci="2" mb="0" cb="0" />
      <line nr="97" mi="0" ci="1" mb="0" cb="0" />
      <line nr="99" mi="0" ci="1" mb="0" cb="0" />
      <line nr="103" mi="0" ci="1" mb="0" cb="0" />
      <counter type="INSTRUCTION" missed="0" covered="24" />
      <counter type="LINE" missed="0" covered="18" />
      <counter type="METHOD" missed="0" covered="1" />
      <counter type="CLASS" missed="0" covered="1" />
    </sourcefile>
    <sourcefile name="DevSetup/Private/Commands/Show-DevSetupEnvList.ps1">
      <line nr="75" mi="0" ci="1" mb="0" cb="0" />
      <line nr="78" mi="0" ci="1" mb="0" cb="0" />
      <line nr="79" mi="0" ci="1" mb="0" cb="0" />
      <line nr="81" mi="0" ci="2" mb="0" cb="0" />
      <line nr="82" mi="0" ci="1" mb="0" cb="0" />
      <line nr="83" mi="0" ci="2" mb="0" cb="0" />
      <line nr="84" mi="0" ci="1" mb="0" cb="0" />
      <line nr="85" mi="0" ci="2" mb="0" cb="0" />
      <line nr="86" mi="0" ci="1" mb="0" cb="0" />
      <line nr="88" mi="1" ci="0" mb="0" cb="0" />
      <line nr="90" mi="0" ci="1" mb="0" cb="0" />
      <line nr="91" mi="0" ci="1" mb="0" cb="0" />
      <line nr="92" mi="0" ci="1" mb="0" cb="0" />
      <line nr="94" mi="0" ci="1" mb="0" cb="0" />
      <line nr="98" mi="0" ci="1" mb="0" cb="0" />
      <line nr="99" mi="0" ci="1" mb="0" cb="0" />
      <line nr="101" mi="0" ci="2" mb="0" cb="0" />
      <line nr="102" mi="0" ci="1" mb="0" cb="0" />
      <line nr="103" mi="0" ci="2" mb="0" cb="0" />
      <line nr="107" mi="0" ci="1" mb="0" cb="0" />
      <line nr="108" mi="0" ci="2" mb="0" cb="0" />
      <line nr="111" mi="0" ci="1" mb="0" cb="0" />
      <line nr="112" mi="0" ci="2" mb="0" cb="0" />
      <line nr="117" mi="0" ci="1" mb="0" cb="0" />
      <line nr="118" mi="0" ci="1" mb="0" cb="0" />
      <line nr="119" mi="0" ci="1" mb="0" cb="0" />
      <line nr="120" mi="0" ci="3" mb="0" cb="0" />
      <line nr="122" mi="0" ci="1" mb="0" cb="0" />
      <line nr="123" mi="0" ci="1" mb="0" cb="0" />
      <line nr="126" mi="0" ci="1" mb="0" cb="0" />
      <line nr="129" mi="0" ci="1" mb="0" cb="0" />
      <line nr="130" mi="0" ci="1" mb="0" cb="0" />
      <line nr="131" mi="0" ci="1" mb="0" cb="0" />
      <line nr="133" mi="0" ci="1" mb="0" cb="0" />
      <line nr="134" mi="0" ci="1" mb="0" cb="0" />
      <line nr="136" mi="0" ci="1" mb="0" cb="0" />
      <line nr="140" mi="0" ci="1" mb="0" cb="0" />
      <line nr="141" mi="0" ci="1" mb="0" cb="0" />
      <line nr="142" mi="0" ci="3" mb="0" cb="0" />
      <line nr="143" mi="1" ci="2" mb="0" cb="0" />
      <line nr="144" mi="0" ci="1" mb="0" cb="0" />
      <line nr="145" mi="0" ci="1" mb="0" cb="0" />
      <line nr="146" mi="0" ci="1" mb="0" cb="0" />
      <line nr="147" mi="0" ci="1" mb="0" cb="0" />
      <line nr="148" mi="0" ci="1" mb="0" cb="0" />
      <line nr="149" mi="0" ci="1" mb="0" cb="0" />
      <line nr="150" mi="0" ci="1" mb="0" cb="0" />
      <line nr="154" mi="0" ci="1" mb="0" cb="0" />
      <line nr="155" mi="0" ci="6" mb="0" cb="0" />
      <line nr="156" mi="0" ci="6" mb="0" cb="0" />
      <line nr="157" mi="0" ci="6" mb="0" cb="0" />
      <line nr="158" mi="0" ci="6" mb="0" cb="0" />
      <line nr="159" mi="0" ci="6" mb="0" cb="0" />
      <line nr="162" mi="0" ci="1" mb="0" cb="0" />
      <line nr="163" mi="0" ci="1" mb="0" cb="0" />
      <line nr="166" mi="0" ci="1" mb="0" cb="0" />
      <line nr="168" mi="0" ci="2" mb="0" cb="0" />
      <line nr="169" mi="0" ci="1" mb="0" cb="0" />
      <counter type="INSTRUCTION" missed="2" covered="95" />
      <counter type="LINE" missed="1" covered="57" />
      <counter type="METHOD" missed="0" covered="1" />
      <counter type="CLASS" missed="0" covered="1" />
    </sourcefile>
    <sourcefile name="DevSetup/Private/Commands/Uninstall-DevSetupEnv.ps1">
      <line nr="67" mi="0" ci="2" mb="0" cb="0" />
      <line nr="68" mi="0" ci="2" mb="0" cb="0" />
      <line nr="69" mi="0" ci="1" mb="0" cb="0" />
      <line nr="73" mi="0" ci="1" mb="0" cb="0" />
      <line nr="76" mi="0" ci="1" mb="0" cb="0" />
      <line nr="79" mi="0" ci="1" mb="0" cb="0" />
      <line nr="80" mi="0" ci="1" mb="0" cb="0" />
      <line nr="85" mi="0" ci="1" mb="0" cb="0" />
      <line nr="88" mi="0" ci="1" mb="0" cb="0" />
      <line nr="91" mi="0" ci="1" mb="0" cb="0" />
      <line nr="93" mi="0" ci="1" mb="0" cb="0" />
      <counter type="INSTRUCTION" missed="0" covered="13" />
      <counter type="LINE" missed="0" covered="11" />
      <counter type="METHOD" missed="0" covered="1" />
      <counter type="CLASS" missed="0" covered="1" />
    </sourcefile>
    <counter type="INSTRUCTION" missed="2" covered="174" />
    <counter type="LINE" missed="1" covered="124" />
    <counter type="METHOD" missed="0" covered="5" />
    <counter type="CLASS" missed="0" covered="5" />
  </package>
  <package name="devsetup/DevSetup/Private/Enums">
    <class name="devsetup/DevSetup/Private/Enums/InstalledState" sourcefilename="DevSetup/Private/Enums/InstalledState.ps1">
      <method name="&lt;script&gt;" desc="()" line="1">
        <counter type="INSTRUCTION" missed="0" covered="1" />
        <counter type="LINE" missed="0" covered="1" />
        <counter type="METHOD" missed="0" covered="1" />
      </method>
      <counter type="INSTRUCTION" missed="0" covered="1" />
      <counter type="LINE" missed="0" covered="1" />
      <counter type="METHOD" missed="0" covered="1" />
      <counter type="CLASS" missed="0" covered="1" />
    </class>
    <class name="devsetup/DevSetup/Private/Enums/TaskState" sourcefilename="DevSetup/Private/Enums/TaskState.ps1">
      <method name="&lt;script&gt;" desc="()" line="1">
        <counter type="INSTRUCTION" missed="1" covered="0" />
        <counter type="LINE" missed="1" covered="0" />
        <counter type="METHOD" missed="1" covered="0" />
      </method>
      <counter type="INSTRUCTION" missed="1" covered="0" />
      <counter type="LINE" missed="1" covered="0" />
      <counter type="METHOD" missed="1" covered="0" />
      <counter type="CLASS" missed="1" covered="0" />
    </class>
    <sourcefile name="DevSetup/Private/Enums/InstalledState.ps1">
      <line nr="1" mi="0" ci="1" mb="0" cb="0" />
      <counter type="INSTRUCTION" missed="0" covered="1" />
      <counter type="LINE" missed="0" covered="1" />
      <counter type="METHOD" missed="0" covered="1" />
      <counter type="CLASS" missed="0" covered="1" />
    </sourcefile>
    <sourcefile name="DevSetup/Private/Enums/TaskState.ps1">
      <line nr="1" mi="1" ci="0" mb="0" cb="0" />
      <counter type="INSTRUCTION" missed="1" covered="0" />
      <counter type="LINE" missed="1" covered="0" />
      <counter type="METHOD" missed="1" covered="0" />
      <counter type="CLASS" missed="1" covered="0" />
    </sourcefile>
    <counter type="INSTRUCTION" missed="1" covered="1" />
    <counter type="LINE" missed="1" covered="1" />
    <counter type="METHOD" missed="1" covered="1" />
    <counter type="CLASS" missed="1" covered="1" />
  </package>
  <package name="devsetup/DevSetup/Private/Providers/Chocolatey">
    <class name="devsetup/DevSetup/Private/Providers/Chocolatey/Export-InstalledChocolateyPackages" sourcefilename="DevSetup/Private/Providers/Chocolatey/Export-InstalledChocolateyPackages.ps1">
      <method name="Export-InstalledChocolateyPackages" desc="()" line="82">
        <counter type="INSTRUCTION" missed="20" covered="76" />
        <counter type="LINE" missed="14" covered="61" />
        <counter type="METHOD" missed="0" covered="1" />
      </method>
      <counter type="INSTRUCTION" missed="20" covered="76" />
      <counter type="LINE" missed="14" covered="61" />
      <counter type="METHOD" missed="0" covered="1" />
      <counter type="CLASS" missed="0" covered="1" />
    </class>
    <class name="devsetup/DevSetup/Private/Providers/Chocolatey/Get-ChocolateyCacheFile" sourcefilename="DevSetup/Private/Providers/Chocolatey/Get-ChocolateyCacheFile.ps1">
      <method name="Get-ChocolateyCacheFile" desc="()" line="55">
        <counter type="INSTRUCTION" missed="0" covered="6" />
        <counter type="LINE" missed="0" covered="6" />
        <counter type="METHOD" missed="0" covered="1" />
      </method>
      <counter type="INSTRUCTION" missed="0" covered="6" />
      <counter type="LINE" missed="0" covered="6" />
      <counter type="METHOD" missed="0" covered="1" />
      <counter type="CLASS" missed="0" covered="1" />
    </class>
    <class name="devsetup/DevSetup/Private/Providers/Chocolatey/Get-ChocolateyPackageDependencies" sourcefilename="DevSetup/Private/Providers/Chocolatey/Get-ChocolateyPackageDependencies.ps1">
      <method name="Get-ChocolateyPackageDependencies" desc="()" line="61">
        <counter type="INSTRUCTION" missed="0" covered="19" />
        <counter type="LINE" missed="0" covered="13" />
        <counter type="METHOD" missed="0" covered="1" />
      </method>
      <counter type="INSTRUCTION" missed="0" covered="19" />
      <counter type="LINE" missed="0" covered="13" />
      <counter type="METHOD" missed="0" covered="1" />
      <counter type="CLASS" missed="0" covered="1" />
    </class>
    <class name="devsetup/DevSetup/Private/Providers/Chocolatey/Get-ChocolateyVersion" sourcefilename="DevSetup/Private/Providers/Chocolatey/Get-ChocolateyVersion.ps1">
      <method name="Get-ChocolateyVersion" desc="()" line="62">
        <counter type="INSTRUCTION" missed="0" covered="11" />
        <counter type="LINE" missed="0" covered="10" />
        <counter type="METHOD" missed="0" covered="1" />
      </method>
      <counter type="INSTRUCTION" missed="0" covered="11" />
      <counter type="LINE" missed="0" covered="10" />
      <counter type="METHOD" missed="0" covered="1" />
      <counter type="CLASS" missed="0" covered="1" />
    </class>
    <class name="devsetup/DevSetup/Private/Providers/Chocolatey/Install-Chocolatey" sourcefilename="DevSetup/Private/Providers/Chocolatey/Install-Chocolatey.ps1">
      <method name="Install-Chocolatey" desc="()" line="69">
        <counter type="INSTRUCTION" missed="0" covered="27" />
        <counter type="LINE" missed="0" covered="21" />
        <counter type="METHOD" missed="0" covered="1" />
      </method>
      <counter type="INSTRUCTION" missed="0" covered="27" />
      <counter type="LINE" missed="0" covered="21" />
      <counter type="METHOD" missed="0" covered="1" />
      <counter type="CLASS" missed="0" covered="1" />
    </class>
    <class name="devsetup/DevSetup/Private/Providers/Chocolatey/Install-ChocolateyPackage" sourcefilename="DevSetup/Private/Providers/Chocolatey/Install-ChocolateyPackage.ps1">
      <method name="Install-ChocolateyPackage" desc="()" line="94">
        <counter type="INSTRUCTION" missed="2" covered="35" />
        <counter type="LINE" missed="2" covered="29" />
        <counter type="METHOD" missed="0" covered="1" />
      </method>
      <counter type="INSTRUCTION" missed="2" covered="35" />
      <counter type="LINE" missed="2" covered="29" />
      <counter type="METHOD" missed="0" covered="1" />
      <counter type="CLASS" missed="0" covered="1" />
    </class>
    <class name="devsetup/DevSetup/Private/Providers/Chocolatey/Install-ChocolateyPackages" sourcefilename="DevSetup/Private/Providers/Chocolatey/Install-ChocolateyPackages.ps1">
      <method name="Install-ChocolateyPackages" desc="()" line="92">
        <counter type="INSTRUCTION" missed="1" covered="40" />
        <counter type="LINE" missed="1" covered="33" />
        <counter type="METHOD" missed="0" covered="1" />
      </method>
      <counter type="INSTRUCTION" missed="1" covered="40" />
      <counter type="LINE" missed="1" covered="33" />
      <counter type="METHOD" missed="0" covered="1" />
      <counter type="CLASS" missed="0" covered="1" />
    </class>
    <class name="devsetup/DevSetup/Private/Providers/Chocolatey/Read-ChocolateyCache" sourcefilename="DevSetup/Private/Providers/Chocolatey/Read-ChocolateyCache.ps1">
      <method name="Read-ChocolateyCache" desc="()" line="60">
        <counter type="INSTRUCTION" missed="0" covered="11" />
        <counter type="LINE" missed="0" covered="9" />
        <counter type="METHOD" missed="0" covered="1" />
      </method>
      <counter type="INSTRUCTION" missed="0" covered="11" />
      <counter type="LINE" missed="0" covered="9" />
      <counter type="METHOD" missed="0" covered="1" />
      <counter type="CLASS" missed="0" covered="1" />
    </class>
    <class name="devsetup/DevSetup/Private/Providers/Chocolatey/Test-ChocolateyInstalled" sourcefilename="DevSetup/Private/Providers/Chocolatey/Test-ChocolateyInstalled.ps1">
      <method name="Test-ChocolateyInstalled" desc="()" line="60">
        <counter type="INSTRUCTION" missed="0" covered="5" />
        <counter type="LINE" missed="0" covered="4" />
        <counter type="METHOD" missed="0" covered="1" />
      </method>
      <counter type="INSTRUCTION" missed="0" covered="5" />
      <counter type="LINE" missed="0" covered="4" />
      <counter type="METHOD" missed="0" covered="1" />
      <counter type="CLASS" missed="0" covered="1" />
    </class>
    <class name="devsetup/DevSetup/Private/Providers/Chocolatey/Test-ChocolateyPackageInstalled" sourcefilename="DevSetup/Private/Providers/Chocolatey/Test-ChocolateyPackageInstalled.ps1">
      <method name="Test-ChocolateyPackageInstalled" desc="()" line="83">
        <counter type="INSTRUCTION" missed="1" covered="25" />
        <counter type="LINE" missed="0" covered="20" />
        <counter type="METHOD" missed="0" covered="1" />
      </method>
      <counter type="INSTRUCTION" missed="1" covered="25" />
      <counter type="LINE" missed="0" covered="20" />
      <counter type="METHOD" missed="0" covered="1" />
      <counter type="CLASS" missed="0" covered="1" />
    </class>
    <class name="devsetup/DevSetup/Private/Providers/Chocolatey/Uninstall-ChocolateyPackage" sourcefilename="DevSetup/Private/Providers/Chocolatey/Uninstall-ChocolateyPackage.ps1">
      <method name="Uninstall-ChocolateyPackage" desc="()" line="76">
        <counter type="INSTRUCTION" missed="0" covered="13" />
        <counter type="LINE" missed="0" covered="11" />
        <counter type="METHOD" missed="0" covered="1" />
      </method>
      <counter type="INSTRUCTION" missed="0" covered="13" />
      <counter type="LINE" missed="0" covered="11" />
      <counter type="METHOD" missed="0" covered="1" />
      <counter type="CLASS" missed="0" covered="1" />
    </class>
    <class name="devsetup/DevSetup/Private/Providers/Chocolatey/Uninstall-ChocolateyPackages" sourcefilename="DevSetup/Private/Providers/Chocolatey/Uninstall-ChocolateyPackages.ps1">
      <method name="Uninstall-ChocolateyPackages" desc="()" line="87">
        <counter type="INSTRUCTION" missed="1" covered="37" />
        <counter type="LINE" missed="1" covered="30" />
        <counter type="METHOD" missed="0" covered="1" />
      </method>
      <counter type="INSTRUCTION" missed="1" covered="37" />
      <counter type="LINE" missed="1" covered="30" />
      <counter type="METHOD" missed="0" covered="1" />
      <counter type="CLASS" missed="0" covered="1" />
    </class>
    <class name="devsetup/DevSetup/Private/Providers/Chocolatey/Write-ChocolateyCache" sourcefilename="DevSetup/Private/Providers/Chocolatey/Write-ChocolateyCache.ps1">
      <method name="Write-ChocolateyCache" desc="()" line="62">
        <counter type="INSTRUCTION" missed="0" covered="11" />
        <counter type="LINE" missed="0" covered="9" />
        <counter type="METHOD" missed="0" covered="1" />
      </method>
      <counter type="INSTRUCTION" missed="0" covered="11" />
      <counter type="LINE" missed="0" covered="9" />
      <counter type="METHOD" missed="0" covered="1" />
      <counter type="CLASS" missed="0" covered="1" />
    </class>
    <sourcefile name="DevSetup/Private/Providers/Chocolatey/Export-InstalledChocolateyPackages.ps1">
      <line nr="82" mi="0" ci="2" mb="0" cb="0" />
      <line nr="83" mi="0" ci="1" mb="0" cb="0" />
      <line nr="87" mi="0" ci="1" mb="0" cb="0" />
      <line nr="88" mi="0" ci="1" mb="0" cb="0" />
      <line nr="90" mi="0" ci="1" mb="0" cb="0" />
      <line nr="91" mi="0" ci="1" mb="0" cb="0" />
      <line nr="92" mi="0" ci="1" mb="0" cb="0" />
      <line nr="95" mi="0" ci="1" mb="0" cb="0" />
      <line nr="97" mi="0" ci="2" mb="0" cb="0" />
      <line nr="99" mi="0" ci="1" mb="0" cb="0" />
      <line nr="100" mi="0" ci="1" mb="0" cb="0" />
      <line nr="103" mi="0" ci="1" mb="0" cb="0" />
      <line nr="104" mi="0" ci="1" mb="0" cb="0" />
      <line nr="105" mi="0" ci="1" mb="0" cb="0" />
      <line nr="106" mi="0" ci="1" mb="0" cb="0" />
      <line nr="109" mi="0" ci="1" mb="0" cb="0" />
      <line nr="110" mi="1" ci="0" mb="0" cb="0" />
      <line nr="114" mi="0" ci="1" mb="0" cb="0" />
      <line nr="115" mi="1" ci="0" mb="0" cb="0" />
      <line nr="119" mi="0" ci="1" mb="0" cb="0" />
      <line nr="120" mi="0" ci="1" mb="0" cb="0" />
      <line nr="121" mi="0" ci="1" mb="0" cb="0" />
      <line nr="122" mi="0" ci="1" mb="0" cb="0" />
      <line nr="127" mi="0" ci="2" mb="0" cb="0" />
      <line nr="130" mi="0" ci="1" mb="0" cb="0" />
      <line nr="133" mi="1" ci="1" mb="0" cb="0" />
      <line nr="134" mi="1" ci="1" mb="0" cb="0" />
      <line nr="135" mi="1" ci="1" mb="0" cb="0" />
      <line nr="136" mi="0" ci="2" mb="0" cb="0" />
      <line nr="139" mi="0" ci="1" mb="0" cb="0" />
      <line nr="141" mi="0" ci="2" mb="0" cb="0" />
      <line nr="142" mi="0" ci="2" mb="0" cb="0" />
      <line nr="143" mi="0" ci="1" mb="0" cb="0" />
      <line nr="146" mi="0" ci="1" mb="0" cb="0" />
      <line nr="147" mi="0" ci="3" mb="0" cb="0" />
      <line nr="148" mi="0" ci="1" mb="0" cb="0" />
      <line nr="149" mi="0" ci="1" mb="0" cb="0" />
      <line nr="150" mi="0" ci="1" mb="0" cb="0" />
      <line nr="154" mi="0" ci="1" mb="0" cb="0" />
      <line nr="155" mi="0" ci="1" mb="0" cb="0" />
      <line nr="156" mi="0" ci="1" mb="0" cb="0" />
      <line nr="159" mi="0" ci="1" mb="0" cb="0" />
      <line nr="160" mi="0" ci="3" mb="0" cb="0" />
      <line nr="163" mi="0" ci="1" mb="0" cb="0" />
      <line nr="166" mi="0" ci="1" mb="0" cb="0" />
      <line nr="168" mi="1" ci="0" mb="0" cb="0" />
      <line nr="169" mi="1" ci="0" mb="0" cb="0" />
      <line nr="170" mi="1" ci="0" mb="0" cb="0" />
      <line nr="174" mi="0" ci="1" mb="0" cb="0" />
      <line nr="176" mi="1" ci="0" mb="0" cb="0" />
      <line nr="177" mi="2" ci="0" mb="0" cb="0" />
      <line nr="180" mi="1" ci="0" mb="0" cb="0" />
      <line nr="182" mi="1" ci="0" mb="0" cb="0" />
      <line nr="184" mi="1" ci="0" mb="0" cb="0" />
      <line nr="185" mi="1" ci="0" mb="0" cb="0" />
      <line nr="186" mi="1" ci="0" mb="0" cb="0" />
      <line nr="190" mi="1" ci="0" mb="0" cb="0" />
      <line nr="193" mi="3" ci="0" mb="0" cb="0" />
      <line nr="200" mi="0" ci="2" mb="0" cb="0" />
      <line nr="203" mi="0" ci="1" mb="0" cb="0" />
      <line nr="204" mi="0" ci="2" mb="0" cb="0" />
      <line nr="208" mi="0" ci="1" mb="0" cb="0" />
      <line nr="209" mi="0" ci="1" mb="0" cb="0" />
      <line nr="210" mi="0" ci="1" mb="0" cb="0" />
      <line nr="211" mi="0" ci="1" mb="0" cb="0" />
      <line nr="214" mi="0" ci="3" mb="0" cb="0" />
      <line nr="217" mi="0" ci="1" mb="0" cb="0" />
      <line nr="218" mi="0" ci="2" mb="0" cb="0" />
      <line nr="219" mi="0" ci="1" mb="0" cb="0" />
      <line nr="222" mi="0" ci="1" mb="0" cb="0" />
      <line nr="223" mi="0" ci="1" mb="0" cb="0" />
      <line nr="227" mi="0" ci="1" mb="0" cb="0" />
      <line nr="228" mi="0" ci="1" mb="0" cb="0" />
      <line nr="231" mi="0" ci="1" mb="0" cb="0" />
      <line nr="232" mi="0" ci="1" mb="0" cb="0" />
      <counter type="INSTRUCTION" missed="20" covered="76" />
      <counter type="LINE" missed="14" covered="61" />
      <counter type="METHOD" missed="0" covered="1" />
      <counter type="CLASS" missed="0" covered="1" />
    </sourcefile>
    <sourcefile name="DevSetup/Private/Providers/Chocolatey/Get-ChocolateyCacheFile.ps1">
      <line nr="55" mi="0" ci="1" mb="0" cb="0" />
      <line nr="56" mi="0" ci="1" mb="0" cb="0" />
      <line nr="57" mi="0" ci="1" mb="0" cb="0" />
      <line nr="58" mi="0" ci="1" mb="0" cb="0" />
      <line nr="62" mi="0" ci="1" mb="0" cb="0" />
      <line nr="64" mi="0" ci="1" mb="0" cb="0" />
      <counter type="INSTRUCTION" missed="0" covered="6" />
      <counter type="LINE" missed="0" covered="6" />
      <counter type="METHOD" missed="0" covered="1" />
      <counter type="CLASS" missed="0" covered="1" />
    </sourcefile>
    <sourcefile name="DevSetup/Private/Providers/Chocolatey/Get-ChocolateyPackageDependencies.ps1">
      <line nr="61" mi="0" ci="1" mb="0" cb="0" />
      <line nr="62" mi="0" ci="1" mb="0" cb="0" />
      <line nr="64" mi="0" ci="1" mb="0" cb="0" />
      <line nr="65" mi="0" ci="2" mb="0" cb="0" />
      <line nr="66" mi="0" ci="1" mb="0" cb="0" />
      <line nr="67" mi="0" ci="1" mb="0" cb="0" />
      <line nr="70" mi="0" ci="2" mb="0" cb="0" />
      <line nr="71" mi="0" ci="4" mb="0" cb="0" />
      <line nr="72" mi="0" ci="2" mb="0" cb="0" />
      <line nr="73" mi="0" ci="1" mb="0" cb="0" />
      <line nr="77" mi="0" ci="1" mb="0" cb="0" />
      <line nr="78" mi="0" ci="1" mb="0" cb="0" />
      <line nr="81" mi="0" ci="1" mb="0" cb="0" />
      <counter type="INSTRUCTION" missed="0" covered="19" />
      <counter type="LINE" missed="0" covered="13" />
      <counter type="METHOD" missed="0" covered="1" />
      <counter type="CLASS" missed="0" covered="1" />
    </sourcefile>
    <sourcefile name="DevSetup/Private/Providers/Chocolatey/Get-ChocolateyVersion.ps1">
      <line nr="62" mi="0" ci="2" mb="0" cb="0" />
      <line nr="63" mi="0" ci="1" mb="0" cb="0" />
      <line nr="64" mi="0" ci="1" mb="0" cb="0" />
      <line nr="68" mi="0" ci="1" mb="0" cb="0" />
      <line nr="69" mi="0" ci="1" mb="0" cb="0" />
      <line nr="70" mi="0" ci="1" mb="0" cb="0" />
      <line nr="72" mi="0" ci="1" mb="0" cb="0" />
      <line nr="73" mi="0" ci="1" mb="0" cb="0" />
      <line nr="76" mi="0" ci="1" mb="0" cb="0" />
      <line nr="77" mi="0" ci="1" mb="0" cb="0" />
      <counter type="INSTRUCTION" missed="0" covered="11" />
      <counter type="LINE" missed="0" covered="10" />
      <counter type="METHOD" missed="0" covered="1" />
      <counter type="CLASS" missed="0" covered="1" />
    </sourcefile>
    <sourcefile name="DevSetup/Private/Providers/Chocolatey/Install-Chocolatey.ps1">
      <line nr="69" mi="0" ci="2" mb="0" cb="0" />
      <line nr="70" mi="0" ci="1" mb="0" cb="0" />
      <line nr="71" mi="0" ci="1" mb="0" cb="0" />
      <line nr="75" mi="0" ci="2" mb="0" cb="0" />
      <line nr="76" mi="0" ci="1" mb="0" cb="0" />
      <line nr="79" mi="0" ci="1" mb="0" cb="0" />
      <line nr="81" mi="0" ci="1" mb="0" cb="0" />
      <line nr="83" mi="0" ci="1" mb="0" cb="0" />
      <line nr="84" mi="0" ci="1" mb="0" cb="0" />
      <line nr="86" mi="0" ci="1" mb="0" cb="0" />
      <line nr="91" mi="0" ci="2" mb="0" cb="0" />
      <line nr="92" mi="0" ci="1" mb="0" cb="0" />
      <line nr="95" mi="0" ci="4" mb="0" cb="0" />
      <line nr="98" mi="0" ci="1" mb="0" cb="0" />
      <line nr="99" mi="0" ci="1" mb="0" cb="0" />
      <line nr="100" mi="0" ci="1" mb="0" cb="0" />
      <line nr="102" mi="0" ci="1" mb="0" cb="0" />
      <line nr="104" mi="0" ci="1" mb="0" cb="0" />
      <line nr="107" mi="0" ci="1" mb="0" cb="0" />
      <line nr="110" mi="0" ci="1" mb="0" cb="0" />
      <line nr="111" mi="0" ci="1" mb="0" cb="0" />
      <counter type="INSTRUCTION" missed="0" covered="27" />
      <counter type="LINE" missed="0" covered="21" />
      <counter type="METHOD" missed="0" covered="1" />
      <counter type="CLASS" missed="0" covered="1" />
    </sourcefile>
    <sourcefile name="DevSetup/Private/Providers/Chocolatey/Install-ChocolateyPackage.ps1">
      <line nr="94" mi="0" ci="2" mb="0" cb="0" />
      <line nr="95" mi="0" ci="1" mb="0" cb="0" />
      <line nr="98" mi="0" ci="1" mb="0" cb="0" />
      <line nr="99" mi="0" ci="1" mb="0" cb="0" />
      <line nr="102" mi="0" ci="1" mb="0" cb="0" />
      <line nr="103" mi="0" ci="1" mb="0" cb="0" />
      <line nr="106" mi="0" ci="1" mb="0" cb="0" />
      <line nr="108" mi="0" ci="1" mb="0" cb="0" />
      <line nr="109" mi="0" ci="1" mb="0" cb="0" />
      <line nr="112" mi="0" ci="1" mb="0" cb="0" />
      <line nr="113" mi="0" ci="2" mb="0" cb="0" />
      <line nr="116" mi="0" ci="1" mb="0" cb="0" />
      <line nr="117" mi="0" ci="1" mb="0" cb="0" />
      <line nr="122" mi="0" ci="1" mb="0" cb="0" />
      <line nr="123" mi="0" ci="2" mb="0" cb="0" />
      <line nr="126" mi="0" ci="1" mb="0" cb="0" />
      <line nr="127" mi="0" ci="2" mb="0" cb="0" />
      <line nr="130" mi="0" ci="1" mb="0" cb="0" />
      <line nr="132" mi="1" ci="0" mb="0" cb="0" />
      <line nr="133" mi="1" ci="0" mb="0" cb="0" />
      <line nr="136" mi="0" ci="2" mb="0" cb="0" />
      <line nr="138" mi="0" ci="1" mb="0" cb="0" />
      <line nr="139" mi="0" ci="1" mb="0" cb="0" />
      <line nr="140" mi="0" ci="2" mb="0" cb="0" />
      <line nr="141" mi="0" ci="1" mb="0" cb="0" />
      <line nr="142" mi="0" ci="1" mb="0" cb="0" />
      <line nr="144" mi="0" ci="1" mb="0" cb="0" />
      <line nr="146" mi="0" ci="1" mb="0" cb="0" />
      <line nr="147" mi="0" ci="1" mb="0" cb="0" />
      <line nr="151" mi="0" ci="1" mb="0" cb="0" />
      <line nr="152" mi="0" ci="1" mb="0" cb="0" />
      <counter type="INSTRUCTION" missed="2" covered="35" />
      <counter type="LINE" missed="2" covered="29" />
      <counter type="METHOD" missed="0" covered="1" />
      <counter type="CLASS" missed="0" covered="1" />
    </sourcefile>
    <sourcefile name="DevSetup/Private/Providers/Chocolatey/Install-ChocolateyPackages.ps1">
      <line nr="92" mi="0" ci="2" mb="0" cb="0" />
      <line nr="93" mi="0" ci="1" mb="0" cb="0" />
      <line nr="97" mi="0" ci="1" mb="0" cb="0" />
      <line nr="98" mi="0" ci="1" mb="0" cb="0" />
      <line nr="102" mi="0" ci="2" mb="0" cb="0" />
      <line nr="103" mi="0" ci="1" mb="0" cb="0" />
      <line nr="104" mi="0" ci="1" mb="0" cb="0" />
      <line nr="107" mi="0" ci="1" mb="0" cb="0" />
      <line nr="108" mi="0" ci="1" mb="0" cb="0" />
      <line nr="110" mi="0" ci="1" mb="0" cb="0" />
      <line nr="112" mi="0" ci="1" mb="0" cb="0" />
      <line nr="113" mi="0" ci="1" mb="0" cb="0" />
      <line nr="115" mi="0" ci="1" mb="0" cb="0" />
      <line nr="118" mi="0" ci="1" mb="0" cb="0" />
      <line nr="119" mi="0" ci="2" mb="0" cb="0" />
      <line nr="121" mi="0" ci="1" mb="0" cb="0" />
      <line nr="125" mi="0" ci="1" mb="0" cb="0" />
      <line nr="126" mi="0" ci="1" mb="0" cb="0" />
      <line nr="131" mi="0" ci="1" mb="0" cb="0" />
      <line nr="132" mi="0" ci="1" mb="0" cb="0" />
      <line nr="134" mi="0" ci="1" mb="0" cb="0" />
      <line nr="135" mi="0" ci="1" mb="0" cb="0" />
      <line nr="136" mi="0" ci="3" mb="0" cb="0" />
      <line nr="138" mi="0" ci="2" mb="0" cb="0" />
      <line nr="141" mi="0" ci="1" mb="0" cb="0" />
      <line nr="142" mi="0" ci="1" mb="0" cb="0" />
      <line nr="147" mi="0" ci="2" mb="0" cb="0" />
      <line nr="148" mi="0" ci="1" mb="0" cb="0" />
      <line nr="150" mi="1" ci="0" mb="0" cb="0" />
      <line nr="154" mi="0" ci="1" mb="0" cb="0" />
      <line nr="155" mi="0" ci="1" mb="0" cb="0" />
      <line nr="156" mi="0" ci="1" mb="0" cb="0" />
      <line nr="159" mi="0" ci="1" mb="0" cb="0" />
      <line nr="160" mi="0" ci="1" mb="0" cb="0" />
      <counter type="INSTRUCTION" missed="1" covered="40" />
      <counter type="LINE" missed="1" covered="33" />
      <counter type="METHOD" missed="0" covered="1" />
      <counter type="CLASS" missed="0" covered="1" />
    </sourcefile>
    <sourcefile name="DevSetup/Private/Providers/Chocolatey/Read-ChocolateyCache.ps1">
      <line nr="60" mi="0" ci="1" mb="0" cb="0" />
      <line nr="62" mi="0" ci="2" mb="0" cb="0" />
      <line nr="63" mi="0" ci="1" mb="0" cb="0" />
      <line nr="64" mi="0" ci="2" mb="0" cb="0" />
      <line nr="65" mi="0" ci="1" mb="0" cb="0" />
      <line nr="70" mi="0" ci="1" mb="0" cb="0" />
      <line nr="71" mi="0" ci="1" mb="0" cb="0" />
      <line nr="74" mi="0" ci="1" mb="0" cb="0" />
      <line nr="75" mi="0" ci="1" mb="0" cb="0" />
      <counter type="INSTRUCTION" missed="0" covered="11" />
      <counter type="LINE" missed="0" covered="9" />
      <counter type="METHOD" missed="0" covered="1" />
      <counter type="CLASS" missed="0" covered="1" />
    </sourcefile>
    <sourcefile name="DevSetup/Private/Providers/Chocolatey/Test-ChocolateyInstalled.ps1">
      <line nr="60" mi="0" ci="2" mb="0" cb="0" />
      <line nr="61" mi="0" ci="1" mb="0" cb="0" />
      <line nr="62" mi="0" ci="1" mb="0" cb="0" />
      <line nr="64" mi="0" ci="1" mb="0" cb="0" />
      <counter type="INSTRUCTION" missed="0" covered="5" />
      <counter type="LINE" missed="0" covered="4" />
      <counter type="METHOD" missed="0" covered="1" />
      <counter type="CLASS" missed="0" covered="1" />
    </sourcefile>
    <sourcefile name="DevSetup/Private/Providers/Chocolatey/Test-ChocolateyPackageInstalled.ps1">
      <line nr="83" mi="0" ci="2" mb="0" cb="0" />
      <line nr="84" mi="0" ci="1" mb="0" cb="0" />
      <line nr="85" mi="0" ci="1" mb="0" cb="0" />
      <line nr="88" mi="0" ci="1" mb="0" cb="0" />
      <line nr="91" mi="0" ci="1" mb="0" cb="0" />
      <line nr="92" mi="0" ci="1" mb="0" cb="0" />
      <line nr="94" mi="0" ci="4" mb="0" cb="0" />
      <line nr="95" mi="0" ci="1" mb="0" cb="0" />
      <line nr="96" mi="0" ci="1" mb="0" cb="0" />
      <line nr="97" mi="0" ci="1" mb="0" cb="0" />
      <line nr="99" mi="0" ci="1" mb="0" cb="0" />
      <line nr="100" mi="1" ci="2" mb="0" cb="0" />
      <line nr="103" mi="0" ci="1" mb="0" cb="0" />
      <line nr="104" mi="0" ci="1" mb="0" cb="0" />
      <line nr="105" mi="0" ci="1" mb="0" cb="0" />
      <line nr="106" mi="0" ci="1" mb="0" cb="0" />
      <line nr="109" mi="0" ci="1" mb="0" cb="0" />
      <line nr="110" mi="0" ci="1" mb="0" cb="0" />
      <line nr="114" mi="0" ci="1" mb="0" cb="0" />
      <line nr="116" mi="0" ci="1" mb="0" cb="0" />
      <counter type="INSTRUCTION" missed="1" covered="25" />
      <counter type="LINE" missed="0" covered="20" />
      <counter type="METHOD" missed="0" covered="1" />
      <counter type="CLASS" missed="0" covered="1" />
    </sourcefile>
    <sourcefile name="DevSetup/Private/Providers/Chocolatey/Uninstall-ChocolateyPackage.ps1">
      <line nr="76" mi="0" ci="2" mb="0" cb="0" />
      <line nr="77" mi="0" ci="1" mb="0" cb="0" />
      <line nr="80" mi="0" ci="1" mb="0" cb="0" />
      <line nr="83" mi="0" ci="2" mb="0" cb="0" />
      <line nr="85" mi="0" ci="1" mb="0" cb="0" />
      <line nr="86" mi="0" ci="1" mb="0" cb="0" />
      <line nr="87" mi="0" ci="1" mb="0" cb="0" />
      <line nr="89" mi="0" ci="1" mb="0" cb="0" />
      <line nr="90" mi="0" ci="1" mb="0" cb="0" />
      <line nr="94" mi="0" ci="1" mb="0" cb="0" />
      <line nr="95" mi="0" ci="1" mb="0" cb="0" />
      <counter type="INSTRUCTION" missed="0" covered="13" />
      <counter type="LINE" missed="0" covered="11" />
      <counter type="METHOD" missed="0" covered="1" />
      <counter type="CLASS" missed="0" covered="1" />
    </sourcefile>
    <sourcefile name="DevSetup/Private/Providers/Chocolatey/Uninstall-ChocolateyPackages.ps1">
      <line nr="87" mi="0" ci="2" mb="0" cb="0" />
      <line nr="88" mi="0" ci="1" mb="0" cb="0" />
      <line nr="92" mi="0" ci="1" mb="0" cb="0" />
      <line nr="93" mi="0" ci="1" mb="0" cb="0" />
      <line nr="97" mi="0" ci="2" mb="0" cb="0" />
      <line nr="98" mi="0" ci="1" mb="0" cb="0" />
      <line nr="99" mi="0" ci="1" mb="0" cb="0" />
      <line nr="102" mi="0" ci="1" mb="0" cb="0" />
      <line nr="103" mi="0" ci="1" mb="0" cb="0" />
      <line nr="105" mi="0" ci="1" mb="0" cb="0" />
      <line nr="107" mi="0" ci="1" mb="0" cb="0" />
      <line nr="108" mi="0" ci="1" mb="0" cb="0" />
      <line nr="110" mi="0" ci="1" mb="0" cb="0" />
      <line nr="113" mi="0" ci="1" mb="0" cb="0" />
      <line nr="114" mi="0" ci="2" mb="0" cb="0" />
      <line nr="116" mi="0" ci="1" mb="0" cb="0" />
      <line nr="120" mi="0" ci="1" mb="0" cb="0" />
      <line nr="121" mi="0" ci="1" mb="0" cb="0" />
      <line nr="126" mi="0" ci="1" mb="0" cb="0" />
      <line nr="127" mi="0" ci="1" mb="0" cb="0" />
      <line nr="129" mi="0" ci="1" mb="0" cb="0" />
      <line nr="130" mi="0" ci="3" mb="0" cb="0" />
      <line nr="132" mi="0" ci="2" mb="0" cb="0" />
      <line nr="135" mi="0" ci="2" mb="0" cb="0" />
      <line nr="136" mi="0" ci="1" mb="0" cb="0" />
      <line nr="138" mi="1" ci="0" mb="0" cb="0" />
      <line nr="142" mi="0" ci="1" mb="0" cb="0" />
      <line nr="143" mi="0" ci="1" mb="0" cb="0" />
      <line nr="144" mi="0" ci="1" mb="0" cb="0" />
      <line nr="147" mi="0" ci="1" mb="0" cb="0" />
      <line nr="148" mi="0" ci="1" mb="0" cb="0" />
      <counter type="INSTRUCTION" missed="1" covered="37" />
      <counter type="LINE" missed="1" covered="30" />
      <counter type="METHOD" missed="0" covered="1" />
      <counter type="CLASS" missed="0" covered="1" />
    </sourcefile>
    <sourcefile name="DevSetup/Private/Providers/Chocolatey/Write-ChocolateyCache.ps1">
      <line nr="62" mi="0" ci="1" mb="0" cb="0" />
      <line nr="64" mi="0" ci="2" mb="0" cb="0" />
      <line nr="65" mi="0" ci="1" mb="0" cb="0" />
      <line nr="66" mi="0" ci="1" mb="0" cb="0" />
      <line nr="80" mi="0" ci="2" mb="0" cb="0" />
      <line nr="81" mi="0" ci="1" mb="0" cb="0" />
      <line nr="82" mi="0" ci="1" mb="0" cb="0" />
      <line nr="85" mi="0" ci="1" mb="0" cb="0" />
      <line nr="86" mi="0" ci="1" mb="0" cb="0" />
      <counter type="INSTRUCTION" missed="0" covered="11" />
      <counter type="LINE" missed="0" covered="9" />
      <counter type="METHOD" missed="0" covered="1" />
      <counter type="CLASS" missed="0" covered="1" />
    </sourcefile>
    <counter type="INSTRUCTION" missed="25" covered="316" />
    <counter type="LINE" missed="18" covered="256" />
    <counter type="METHOD" missed="0" covered="13" />
    <counter type="CLASS" missed="0" covered="13" />
  </package>
  <package name="devsetup/DevSetup/Private/Providers/Core">
    <class name="devsetup/DevSetup/Private/Providers/Core/Install-CoreDependencies" sourcefilename="DevSetup/Private/Providers/Core/Install-CoreDependencies.ps1">
      <method name="Install-CoreDependencies" desc="()" line="75">
        <counter type="INSTRUCTION" missed="0" covered="38" />
        <counter type="LINE" missed="0" covered="32" />
        <counter type="METHOD" missed="0" covered="1" />
      </method>
      <counter type="INSTRUCTION" missed="0" covered="38" />
      <counter type="LINE" missed="0" covered="32" />
      <counter type="METHOD" missed="0" covered="1" />
      <counter type="CLASS" missed="0" covered="1" />
    </class>
    <class name="devsetup/DevSetup/Private/Providers/Core/Install-GitRepository" sourcefilename="DevSetup/Private/Providers/Core/Install-GitRepository.ps1">
      <method name="Install-GitRepository" desc="()" line="99">
        <counter type="INSTRUCTION" missed="40" covered="0" />
        <counter type="LINE" missed="39" covered="0" />
        <counter type="METHOD" missed="1" covered="0" />
      </method>
      <counter type="INSTRUCTION" missed="40" covered="0" />
      <counter type="LINE" missed="39" covered="0" />
      <counter type="METHOD" missed="1" covered="0" />
      <counter type="CLASS" missed="1" covered="0" />
    </class>
    <class name="devsetup/DevSetup/Private/Providers/Core/Install-Nuget" sourcefilename="DevSetup/Private/Providers/Core/Install-Nuget.ps1">
      <method name="Install-Nuget" desc="()" line="68">
        <counter type="INSTRUCTION" missed="0" covered="27" />
        <counter type="LINE" missed="0" covered="21" />
        <counter type="METHOD" missed="0" covered="1" />
      </method>
      <counter type="INSTRUCTION" missed="0" covered="27" />
      <counter type="LINE" missed="0" covered="21" />
      <counter type="METHOD" missed="0" covered="1" />
      <counter type="CLASS" missed="0" covered="1" />
    </class>
    <sourcefile name="DevSetup/Private/Providers/Core/Install-CoreDependencies.ps1">
      <line nr="75" mi="0" ci="2" mb="0" cb="0" />
      <line nr="76" mi="0" ci="1" mb="0" cb="0" />
      <line nr="77" mi="0" ci="1" mb="0" cb="0" />
      <line nr="81" mi="0" ci="1" mb="0" cb="0" />
      <line nr="82" mi="0" ci="1" mb="0" cb="0" />
      <line nr="83" mi="0" ci="1" mb="0" cb="0" />
      <line nr="84" mi="0" ci="1" mb="0" cb="0" />
      <line nr="88" mi="0" ci="1" mb="0" cb="0" />
      <line nr="89" mi="0" ci="1" mb="0" cb="0" />
      <line nr="90" mi="0" ci="1" mb="0" cb="0" />
      <line nr="94" mi="0" ci="1" mb="0" cb="0" />
[...]
      <line nr="48" mi="0" ci="1" mb="0" cb="0" />
      <line nr="49" mi="0" ci="1" mb="0" cb="0" />
      <line nr="50" mi="0" ci="1" mb="0" cb="0" />
      <line nr="51" mi="0" ci="1" mb="0" cb="0" />
      <line nr="54" mi="0" ci="1" mb="0" cb="0" />
      <line nr="55" mi="1" ci="2" mb="0" cb="0" />
      <line nr="56" mi="0" ci="1" mb="0" cb="0" />
      <line nr="59" mi="0" ci="2" mb="0" cb="0" />
      <line nr="65" mi="0" ci="1" mb="0" cb="0" />
      <line nr="66" mi="0" ci="1" mb="0" cb="0" />
      <line nr="69" mi="0" ci="2" mb="0" cb="0" />
      <line nr="70" mi="0" ci="2" mb="0" cb="0" />
      <line nr="71" mi="1" ci="0" mb="0" cb="0" />
      <line nr="73" mi="1" ci="0" mb="0" cb="0" />
      <line nr="76" mi="0" ci="1" mb="0" cb="0" />
      <line nr="77" mi="0" ci="1" mb="0" cb="0" />
      <line nr="80" mi="1" ci="0" mb="0" cb="0" />
      <line nr="83" mi="0" ci="1" mb="0" cb="0" />
      <line nr="84" mi="0" ci="1" mb="0" cb="0" />
      <counter type="INSTRUCTION" missed="4" covered="48" />
      <counter type="LINE" missed="3" covered="38" />
      <counter type="METHOD" missed="0" covered="1" />
      <counter type="CLASS" missed="0" covered="1" />
    </sourcefile>
    <sourcefile name="DevSetup/Private/Utils/Read-ConfigurationFile.ps1">
      <line nr="5" mi="0" ci="2" mb="0" cb="0" />
      <line nr="6" mi="0" ci="1" mb="0" cb="0" />
      <counter type="INSTRUCTION" missed="0" covered="3" />
      <counter type="LINE" missed="0" covered="2" />
      <counter type="METHOD" missed="0" covered="1" />
      <counter type="CLASS" missed="0" covered="1" />
    </sourcefile>
    <sourcefile name="DevSetup/Private/Utils/Test-OperatingSystem.ps1">
      <line nr="14" mi="0" ci="2" mb="0" cb="0" />
      <line nr="15" mi="1" ci="0" mb="0" cb="0" />
      <line nr="16" mi="1" ci="0" mb="0" cb="0" />
      <line nr="17" mi="1" ci="0" mb="0" cb="0" />
      <line nr="20" mi="0" ci="1" mb="0" cb="0" />
      <line nr="21" mi="0" ci="1" mb="0" cb="0" />
      <line nr="23" mi="0" ci="1" mb="0" cb="0" />
      <line nr="24" mi="0" ci="1" mb="0" cb="0" />
      <line nr="26" mi="0" ci="1" mb="0" cb="0" />
      <line nr="27" mi="0" ci="1" mb="0" cb="0" />
      <line nr="29" mi="0" ci="1" mb="0" cb="0" />
      <counter type="INSTRUCTION" missed="3" covered="9" />
      <counter type="LINE" missed="3" covered="8" />
      <counter type="METHOD" missed="0" covered="1" />
      <counter type="CLASS" missed="0" covered="1" />
    </sourcefile>
    <sourcefile name="DevSetup/Private/Utils/Test-RunningAsAdmin.ps1">
      <line nr="3" mi="0" ci="2" mb="0" cb="0" />
      <line nr="5" mi="0" ci="1" mb="0" cb="0" />
      <line nr="8" mi="0" ci="2" mb="0" cb="0" />
      <line nr="9" mi="0" ci="1" mb="0" cb="0" />
      <line nr="10" mi="0" ci="1" mb="0" cb="0" />
      <line nr="12" mi="0" ci="1" mb="0" cb="0" />
      <counter type="INSTRUCTION" missed="0" covered="8" />
      <counter type="LINE" missed="0" covered="6" />
      <counter type="METHOD" missed="0" covered="1" />
      <counter type="CLASS" missed="0" covered="1" />
    </sourcefile>
    <sourcefile name="DevSetup/Private/Utils/Write-NewConfig.ps1">
      <line nr="9" mi="2" ci="0" mb="0" cb="0" />
      <line nr="10" mi="1" ci="0" mb="0" cb="0" />
      <line nr="17" mi="1" ci="0" mb="0" cb="0" />
      <line nr="18" mi="3" ci="0" mb="0" cb="0" />
      <line nr="21" mi="1" ci="0" mb="0" cb="0" />
      <line nr="22" mi="1" ci="0" mb="0" cb="0" />
      <line nr="25" mi="1" ci="0" mb="0" cb="0" />
      <line nr="27" mi="2" ci="0" mb="0" cb="0" />
      <line nr="29" mi="1" ci="0" mb="0" cb="0" />
      <line nr="30" mi="1" ci="0" mb="0" cb="0" />
      <line nr="32" mi="1" ci="0" mb="0" cb="0" />
      <line nr="35" mi="1" ci="0" mb="0" cb="0" />
      <line nr="39" mi="1" ci="0" mb="0" cb="0" />
      <line nr="42" mi="1" ci="0" mb="0" cb="0" />
      <line nr="43" mi="1" ci="0" mb="0" cb="0" />
      <line nr="44" mi="1" ci="0" mb="0" cb="0" />
      <line nr="46" mi="1" ci="0" mb="0" cb="0" />
      <line nr="50" mi="1" ci="0" mb="0" cb="0" />
      <line nr="54" mi="1" ci="0" mb="0" cb="0" />
      <line nr="56" mi="2" ci="0" mb="0" cb="0" />
      <line nr="57" mi="1" ci="0" mb="0" cb="0" />
      <line nr="58" mi="1" ci="0" mb="0" cb="0" />
      <line nr="60" mi="1" ci="0" mb="0" cb="0" />
      <line nr="64" mi="1" ci="0" mb="0" cb="0" />
      <line nr="69" mi="1" ci="0" mb="0" cb="0" />
      <line nr="70" mi="1" ci="0" mb="0" cb="0" />
      <line nr="71" mi="3" ci="0" mb="0" cb="0" />
      <line nr="72" mi="1" ci="0" mb="0" cb="0" />
      <line nr="73" mi="2" ci="0" mb="0" cb="0" />
      <line nr="76" mi="1" ci="0" mb="0" cb="0" />
      <line nr="77" mi="1" ci="0" mb="0" cb="0" />
      <line nr="79" mi="1" ci="0" mb="0" cb="0" />
      <line nr="83" mi="1" ci="0" mb="0" cb="0" />
      <line nr="88" mi="1" ci="0" mb="0" cb="0" />
      <line nr="93" mi="1" ci="0" mb="0" cb="0" />
      <line nr="94" mi="1" ci="0" mb="0" cb="0" />
      <line nr="95" mi="1" ci="0" mb="0" cb="0" />
      <line nr="96" mi="1" ci="0" mb="0" cb="0" />
      <line nr="97" mi="1" ci="0" mb="0" cb="0" />
      <line nr="98" mi="1" ci="0" mb="0" cb="0" />
      <line nr="100" mi="1" ci="0" mb="0" cb="0" />
      <line nr="101" mi="1" ci="0" mb="0" cb="0" />
      <line nr="102" mi="1" ci="0" mb="0" cb="0" />
      <line nr="104" mi="1" ci="0" mb="0" cb="0" />
      <line nr="105" mi="1" ci="0" mb="0" cb="0" />
      <line nr="106" mi="1" ci="0" mb="0" cb="0" />
      <line nr="109" mi="1" ci="0" mb="0" cb="0" />
      <line nr="110" mi="1" ci="0" mb="0" cb="0" />
      <line nr="111" mi="1" ci="0" mb="0" cb="0" />
      <line nr="112" mi="1" ci="0" mb="0" cb="0" />
      <line nr="113" mi="2" ci="0" mb="0" cb="0" />
      <line nr="114" mi="1" ci="0" mb="0" cb="0" />
      <line nr="115" mi="1" ci="0" mb="0" cb="0" />
      <line nr="116" mi="1" ci="0" mb="0" cb="0" />
      <line nr="117" mi="1" ci="0" mb="0" cb="0" />
      <line nr="118" mi="1" ci="0" mb="0" cb="0" />
      <line nr="120" mi="1" ci="0" mb="0" cb="0" />
      <line nr="121" mi="1" ci="0" mb="0" cb="0" />
      <line nr="122" mi="1" ci="0" mb="0" cb="0" />
      <line nr="128" mi="1" ci="0" mb="0" cb="0" />
      <line nr="130" mi="1" ci="0" mb="0" cb="0" />
      <line nr="131" mi="1" ci="0" mb="0" cb="0" />
      <line nr="132" mi="1" ci="0" mb="0" cb="0" />
      <line nr="134" mi="1" ci="0" mb="0" cb="0" />
      <line nr="135" mi="1" ci="0" mb="0" cb="0" />
      <line nr="139" mi="1" ci="0" mb="0" cb="0" />
      <line nr="140" mi="1" ci="0" mb="0" cb="0" />
      <line nr="144" mi="1" ci="0" mb="0" cb="0" />
      <line nr="145" mi="1" ci="0" mb="0" cb="0" />
      <line nr="149" mi="1" ci="0" mb="0" cb="0" />
      <line nr="150" mi="1" ci="0" mb="0" cb="0" />
      <line nr="151" mi="3" ci="0" mb="0" cb="0" />
      <line nr="152" mi="1" ci="0" mb="0" cb="0" />
      <line nr="153" mi="1" ci="0" mb="0" cb="0" />
      <line nr="156" mi="1" ci="0" mb="0" cb="0" />
      <line nr="159" mi="1" ci="0" mb="0" cb="0" />
      <line nr="163" mi="1" ci="0" mb="0" cb="0" />
      <line nr="164" mi="1" ci="0" mb="0" cb="0" />
      <line nr="165" mi="1" ci="0" mb="0" cb="0" />
      <line nr="166" mi="1" ci="0" mb="0" cb="0" />
      <line nr="168" mi="1" ci="0" mb="0" cb="0" />
      <line nr="169" mi="2" ci="0" mb="0" cb="0" />
      <line nr="175" mi="1" ci="0" mb="0" cb="0" />
      <line nr="176" mi="1" ci="0" mb="0" cb="0" />
      <line nr="179" mi="1" ci="0" mb="0" cb="0" />
      <line nr="183" mi="2" ci="0" mb="0" cb="0" />
      <line nr="184" mi="2" ci="0" mb="0" cb="0" />
      <line nr="185" mi="1" ci="0" mb="0" cb="0" />
      <line nr="188" mi="1" ci="0" mb="0" cb="0" />
      <line nr="189" mi="1" ci="0" mb="0" cb="0" />
      <line nr="193" mi="1" ci="0" mb="0" cb="0" />
      <line nr="194" mi="2" ci="0" mb="0" cb="0" />
      <line nr="195" mi="1" ci="0" mb="0" cb="0" />
      <line nr="199" mi="1" ci="0" mb="0" cb="0" />
      <line nr="200" mi="2" ci="0" mb="0" cb="0" />
      <line nr="201" mi="1" ci="0" mb="0" cb="0" />
      <line nr="205" mi="1" ci="0" mb="0" cb="0" />
      <line nr="206" mi="2" ci="0" mb="0" cb="0" />
      <line nr="207" mi="1" ci="0" mb="0" cb="0" />
      <line nr="210" mi="1" ci="0" mb="0" cb="0" />
      <line nr="212" mi="1" ci="0" mb="0" cb="0" />
      <line nr="213" mi="1" ci="0" mb="0" cb="0" />
      <line nr="214" mi="1" ci="0" mb="0" cb="0" />
      <line nr="216" mi="1" ci="0" mb="0" cb="0" />
      <line nr="217" mi="1" ci="0" mb="0" cb="0" />
      <line nr="220" mi="1" ci="0" mb="0" cb="0" />
      <line nr="221" mi="1" ci="0" mb="0" cb="0" />
      <counter type="INSTRUCTION" missed="124" covered="0" />
      <counter type="LINE" missed="107" covered="0" />
      <counter type="METHOD" missed="1" covered="0" />
      <counter type="CLASS" missed="1" covered="0" />
    </sourcefile>
    <sourcefile name="DevSetup/Private/Utils/Write-StatusMessage.ps1">
      <line nr="19" mi="0" ci="1" mb="0" cb="0" />
      <line nr="20" mi="0" ci="2" mb="0" cb="0" />
      <line nr="23" mi="0" ci="1" mb="0" cb="0" />
      <line nr="24" mi="0" ci="1" mb="0" cb="0" />
      <line nr="25" mi="0" ci="1" mb="0" cb="0" />
      <line nr="27" mi="0" ci="1" mb="0" cb="0" />
      <line nr="31" mi="0" ci="1" mb="0" cb="0" />
      <line nr="33" mi="0" ci="1" mb="0" cb="0" />
      <line nr="34" mi="0" ci="1" mb="0" cb="0" />
      <line nr="35" mi="0" ci="1" mb="0" cb="0" />
      <line nr="36" mi="0" ci="1" mb="0" cb="0" />
      <line nr="38" mi="0" ci="1" mb="0" cb="0" />
      <line nr="42" mi="0" ci="1" mb="0" cb="0" />
      <line nr="44" mi="0" ci="1" mb="0" cb="0" />
      <line nr="47" mi="0" ci="1" mb="0" cb="0" />
      <line nr="50" mi="0" ci="1" mb="0" cb="0" />
      <line nr="53" mi="0" ci="1" mb="0" cb="0" />
      <line nr="56" mi="0" ci="1" mb="0" cb="0" />
      <counter type="INSTRUCTION" missed="0" covered="19" />
      <counter type="LINE" missed="0" covered="18" />
      <counter type="METHOD" missed="0" covered="1" />
      <counter type="CLASS" missed="0" covered="1" />
    </sourcefile>
    <counter type="INSTRUCTION" missed="319" covered="193" />
    <counter type="LINE" missed="264" covered="170" />
    <counter type="METHOD" missed="8" covered="17" />
    <counter type="CLASS" missed="3" covered="17" />
  </package>
  <package name="devsetup/DevSetup/Public">
    <class name="devsetup/DevSetup/Public/Use-DevSetup" sourcefilename="DevSetup/Public/Use-DevSetup.ps1">
      <method name="Use-DevSetup" desc="()" line="156">
        <counter type="INSTRUCTION" missed="160" covered="0" />
        <counter type="LINE" missed="157" covered="0" />
        <counter type="METHOD" missed="1" covered="0" />
      </method>
      <counter type="INSTRUCTION" missed="160" covered="0" />
      <counter type="LINE" missed="157" covered="0" />
      <counter type="METHOD" missed="1" covered="0" />
      <counter type="CLASS" missed="1" covered="0" />
    </class>
    <sourcefile name="DevSetup/Public/Use-DevSetup.ps1">
      <line nr="156" mi="1" ci="0" mb="0" cb="0" />
      <line nr="169" mi="1" ci="0" mb="0" cb="0" />
      <line nr="170" mi="1" ci="0" mb="0" cb="0" />
      <line nr="171" mi="1" ci="0" mb="0" cb="0" />
      <line nr="172" mi="1" ci="0" mb="0" cb="0" />
      <line nr="173" mi="1" ci="0" mb="0" cb="0" />
      <line nr="174" mi="1" ci="0" mb="0" cb="0" />
      <line nr="175" mi="1" ci="0" mb="0" cb="0" />
      <line nr="176" mi="1" ci="0" mb="0" cb="0" />
      <line nr="177" mi="1" ci="0" mb="0" cb="0" />
      <line nr="178" mi="1" ci="0" mb="0" cb="0" />
      <line nr="179" mi="1" ci="0" mb="0" cb="0" />
      <line nr="180" mi="1" ci="0" mb="0" cb="0" />
      <line nr="182" mi="1" ci="0" mb="0" cb="0" />
      <line nr="183" mi="1" ci="0" mb="0" cb="0" />
      <line nr="184" mi="1" ci="0" mb="0" cb="0" />
      <line nr="185" mi="1" ci="0" mb="0" cb="0" />
      <line nr="186" mi="1" ci="0" mb="0" cb="0" />
      <line nr="187" mi="1" ci="0" mb="0" cb="0" />
      <line nr="188" mi="1" ci="0" mb="0" cb="0" />
      <line nr="189" mi="1" ci="0" mb="0" cb="0" />
      <line nr="190" mi="1" ci="0" mb="0" cb="0" />
      <line nr="191" mi="1" ci="0" mb="0" cb="0" />
      <line nr="192" mi="1" ci="0" mb="0" cb="0" />
      <line nr="193" mi="1" ci="0" mb="0" cb="0" />
      <line nr="194" mi="1" ci="0" mb="0" cb="0" />
      <line nr="195" mi="1" ci="0" mb="0" cb="0" />
      <line nr="196" mi="1" ci="0" mb="0" cb="0" />
      <line nr="197" mi="1" ci="0" mb="0" cb="0" />
      <line nr="198" mi="1" ci="0" mb="0" cb="0" />
      <line nr="199" mi="1" ci="0" mb="0" cb="0" />
      <line nr="200" mi="1" ci="0" mb="0" cb="0" />
      <line nr="201" mi="1" ci="0" mb="0" cb="0" />
      <line nr="202" mi="1" ci="0" mb="0" cb="0" />
      <line nr="203" mi="1" ci="0" mb="0" cb="0" />
      <line nr="204" mi="1" ci="0" mb="0" cb="0" />
      <line nr="207" mi="1" ci="0" mb="0" cb="0" />
      <line nr="208" mi="1" ci="0" mb="0" cb="0" />
      <line nr="209" mi="1" ci="0" mb="0" cb="0" />
      <line nr="210" mi="1" ci="0" mb="0" cb="0" />
      <line nr="211" mi="1" ci="0" mb="0" cb="0" />
      <line nr="212" mi="1" ci="0" mb="0" cb="0" />
      <line nr="213" mi="1" ci="0" mb="0" cb="0" />
      <line nr="214" mi="1" ci="0" mb="0" cb="0" />
      <line nr="215" mi="1" ci="0" mb="0" cb="0" />
      <line nr="216" mi="1" ci="0" mb="0" cb="0" />
      <line nr="217" mi="1" ci="0" mb="0" cb="0" />
      <line nr="218" mi="1" ci="0" mb="0" cb="0" />
      <line nr="219" mi="1" ci="0" mb="0" cb="0" />
      <line nr="220" mi="1" ci="0" mb="0" cb="0" />
      <line nr="221" mi="1" ci="0" mb="0" cb="0" />
      <line nr="222" mi="1" ci="0" mb="0" cb="0" />
      <line nr="223" mi="1" ci="0" mb="0" cb="0" />
      <line nr="224" mi="1" ci="0" mb="0" cb="0" />
      <line nr="225" mi="1" ci="0" mb="0" cb="0" />
      <line nr="226" mi="1" ci="0" mb="0" cb="0" />
      <line nr="227" mi="1" ci="0" mb="0" cb="0" />
      <line nr="228" mi="1" ci="0" mb="0" cb="0" />
      <line nr="229" mi="1" ci="0" mb="0" cb="0" />
      <line nr="230" mi="1" ci="0" mb="0" cb="0" />
      <line nr="231" mi="1" ci="0" mb="0" cb="0" />
      <line nr="234" mi="1" ci="0" mb="0" cb="0" />
      <line nr="235" mi="1" ci="0" mb="0" cb="0" />
      <line nr="236" mi="1" ci="0" mb="0" cb="0" />
      <line nr="237" mi="1" ci="0" mb="0" cb="0" />
      <line nr="238" mi="1" ci="0" mb="0" cb="0" />
      <line nr="239" mi="1" ci="0" mb="0" cb="0" />
      <line nr="240" mi="1" ci="0" mb="0" cb="0" />
      <line nr="241" mi="1" ci="0" mb="0" cb="0" />
      <line nr="242" mi="1" ci="0" mb="0" cb="0" />
      <line nr="243" mi="1" ci="0" mb="0" cb="0" />
      <line nr="244" mi="1" ci="0" mb="0" cb="0" />
      <line nr="245" mi="1" ci="0" mb="0" cb="0" />
      <line nr="246" mi="1" ci="0" mb="0" cb="0" />
      <line nr="247" mi="1" ci="0" mb="0" cb="0" />
      <line nr="248" mi="1" ci="0" mb="0" cb="0" />
      <line nr="249" mi="1" ci="0" mb="0" cb="0" />
      <line nr="250" mi="1" ci="0" mb="0" cb="0" />
      <line nr="251" mi="1" ci="0" mb="0" cb="0" />
      <line nr="252" mi="1" ci="0" mb="0" cb="0" />
      <line nr="253" mi="1" ci="0" mb="0" cb="0" />
      <line nr="254" mi="1" ci="0" mb="0" cb="0" />
      <line nr="255" mi="1" ci="0" mb="0" cb="0" />
      <line nr="256" mi="1" ci="0" mb="0" cb="0" />
      <line nr="259" mi="1" ci="0" mb="0" cb="0" />
      <line nr="260" mi="1" ci="0" mb="0" cb="0" />
      <line nr="261" mi="1" ci="0" mb="0" cb="0" />
      <line nr="262" mi="1" ci="0" mb="0" cb="0" />
      <line nr="263" mi="1" ci="0" mb="0" cb="0" />
      <line nr="264" mi="1" ci="0" mb="0" cb="0" />
      <line nr="265" mi="1" ci="0" mb="0" cb="0" />
      <line nr="266" mi="1" ci="0" mb="0" cb="0" />
      <line nr="267" mi="1" ci="0" mb="0" cb="0" />
      <line nr="268" mi="1" ci="0" mb="0" cb="0" />
      <line nr="269" mi="1" ci="0" mb="0" cb="0" />
      <line nr="270" mi="1" ci="0" mb="0" cb="0" />
      <line nr="271" mi="1" ci="0" mb="0" cb="0" />
      <line nr="272" mi="1" ci="0" mb="0" cb="0" />
      <line nr="273" mi="1" ci="0" mb="0" cb="0" />
      <line nr="274" mi="1" ci="0" mb="0" cb="0" />
      <line nr="275" mi="1" ci="0" mb="0" cb="0" />
      <line nr="276" mi="1" ci="0" mb="0" cb="0" />
      <line nr="277" mi="1" ci="0" mb="0" cb="0" />
      <line nr="278" mi="1" ci="0" mb="0" cb="0" />
      <line nr="279" mi="1" ci="0" mb="0" cb="0" />
      <line nr="280" mi="1" ci="0" mb="0" cb="0" />
      <line nr="281" mi="1" ci="0" mb="0" cb="0" />
      <line nr="284" mi="1" ci="0" mb="0" cb="0" />
      <line nr="285" mi="1" ci="0" mb="0" cb="0" />
      <line nr="286" mi="1" ci="0" mb="0" cb="0" />
      <line nr="287" mi="1" ci="0" mb="0" cb="0" />
      <line nr="288" mi="1" ci="0" mb="0" cb="0" />
      <line nr="289" mi="1" ci="0" mb="0" cb="0" />
      <line nr="290" mi="1" ci="0" mb="0" cb="0" />
      <line nr="291" mi="1" ci="0" mb="0" cb="0" />
      <line nr="292" mi="1" ci="0" mb="0" cb="0" />
      <line nr="293" mi="1" ci="0" mb="0" cb="0" />
      <line nr="294" mi="1" ci="0" mb="0" cb="0" />
      <line nr="295" mi="1" ci="0" mb="0" cb="0" />
      <line nr="296" mi="1" ci="0" mb="0" cb="0" />
      <line nr="297" mi="1" ci="0" mb="0" cb="0" />
      <line nr="298" mi="1" ci="0" mb="0" cb="0" />
      <line nr="299" mi="1" ci="0" mb="0" cb="0" />
      <line nr="300" mi="1" ci="0" mb="0" cb="0" />
      <line nr="302" mi="1" ci="0" mb="0" cb="0" />
      <line nr="304" mi="1" ci="0" mb="0" cb="0" />
      <line nr="305" mi="1" ci="0" mb="0" cb="0" />
      <line nr="306" mi="1" ci="0" mb="0" cb="0" />
      <line nr="307" mi="2" ci="0" mb="0" cb="0" />
      <line nr="308" mi="1" ci="0" mb="0" cb="0" />
      <line nr="309" mi="1" ci="0" mb="0" cb="0" />
      <line nr="310" mi="1" ci="0" mb="0" cb="0" />
      <line nr="313" mi="1" ci="0" mb="0" cb="0" />
      <line nr="314" mi="1" ci="0" mb="0" cb="0" />
      <line nr="315" mi="1" ci="0" mb="0" cb="0" />
      <line nr="316" mi="1" ci="0" mb="0" cb="0" />
      <line nr="317" mi="1" ci="0" mb="0" cb="0" />
      <line nr="318" mi="1" ci="0" mb="0" cb="0" />
      <line nr="319" mi="1" ci="0" mb="0" cb="0" />
      <line nr="322" mi="2" ci="0" mb="0" cb="0" />
      <line nr="323" mi="1" ci="0" mb="0" cb="0" />
      <line nr="324" mi="1" ci="0" mb="0" cb="0" />
      <line nr="325" mi="1" ci="0" mb="0" cb="0" />
      <line nr="326" mi="1" ci="0" mb="0" cb="0" />
      <line nr="327" mi="1" ci="0" mb="0" cb="0" />
      <line nr="329" mi="1" ci="0" mb="0" cb="0" />
      <line nr="331" mi="1" ci="0" mb="0" cb="0" />
      <line nr="332" mi="1" ci="0" mb="0" cb="0" />
      <line nr="335" mi="1" ci="0" mb="0" cb="0" />
      <line nr="339" mi="1" ci="0" mb="0" cb="0" />
      <line nr="340" mi="2" ci="0" mb="0" cb="0" />
      <line nr="343" mi="1" ci="0" mb="0" cb="0" />
      <line nr="344" mi="1" ci="0" mb="0" cb="0" />
      <line nr="347" mi="1" ci="0" mb="0" cb="0" />
      <line nr="350" mi="1" ci="0" mb="0" cb="0" />
      <line nr="351" mi="1" ci="0" mb="0" cb="0" />
      <line nr="358" mi="1" ci="0" mb="0" cb="0" />
      <counter type="INSTRUCTION" missed="160" covered="0" />
      <counter type="LINE" missed="157" covered="0" />
      <counter type="METHOD" missed="1" covered="0" />
      <counter type="CLASS" missed="1" covered="0" />
    </sourcefile>
    <counter type="INSTRUCTION" missed="160" covered="0" />
    <counter type="LINE" missed="157" covered="0" />
    <counter type="METHOD" missed="1" covered="0" />
    <counter type="CLASS" missed="1" covered="0" />
  </package>
  <counter type="INSTRUCTION" missed="1287" covered="1506" />
  <counter type="LINE" missed="1066" covered="1236" />
  <counter type="METHOD" missed="21" covered="60" />
  <counter type="CLASS" missed="16" covered="60" />
</report>
