<?xml version="1.0" encoding="utf-8" standalone="no"?>
<test-results xmlns:xsi="http://www.w3.org/2001/XMLSchema-instance" xsi:noNamespaceSchemaLocation="nunit_schema_2.5.xsd" name="Pester" total="326" errors="0" failures="0" not-run="0" inconclusive="0" ignored="0" skipped="0" invalid="0" date="2025-08-29" time="00:29:43">
  <environment platform="Microsoft Windows 11 Pro|C:\WINDOWS|\Device\Harddisk0\Partition3" cwd="C:\Users\Joshua Wilson\source\repos\devsetup" user="Joshua Wilson" machine-name="DESKTOP-71OLGEK" user-domain="DESKTOP-71OLGEK" os-version="10.0.26100" nunit-version="2.5.8.0" clr-version="9.0.6" />
  <culture-info current-culture="en-US" current-uiculture="en-US" />
  <test-suite type="TestFixture" name="Pester" executed="True" result="Success" success="True" time="11.828" asserts="0" description="Pester">
    <results>
      <test-suite type="TestFixture" name="C:\Users\Joshua Wilson\source\repos\devsetup\DevSetup\Private\3rdParty\ConvertFrom-3rdPartyInstall.Tests.ps1" executed="True" result="Success" success="True" time="0.1585" asserts="0" description="C:\Users\Joshua Wilson\source\repos\devsetup\DevSetup\Private\3rdParty\ConvertFrom-3rdPartyInstall.Tests.ps1">
        <results>
          <test-suite type="TestFixture" name="ConvertFrom-3rdPartyInstall" executed="True" result="Success" success="True" time="0.0766" asserts="0" description="ConvertFrom-3rdPartyInstall">
            <results>
              <test-suite type="TestFixture" name="ConvertFrom-3rdPartyInstall.When both conversions succeed" executed="True" result="Success" success="True" time="0.0209" asserts="0" description="ConvertFrom-3rdPartyInstall.When both conversions succeed">
                <results>
                  <test-case description="Should not write any warnings" name="ConvertFrom-3rdPartyInstall.When both conversions succeed.Should not write any warnings" time="0.0089" asserts="0" success="True" result="Success" executed="True" />
                </results>
              </test-suite>
              <test-suite type="TestFixture" name="ConvertFrom-3rdPartyInstall.When Visual Studio conversion fails" executed="True" result="Success" success="True" time="0.0387" asserts="0" description="ConvertFrom-3rdPartyInstall.When Visual Studio conversion fails">
                <results>
                  <test-case description="Should write a warning for Visual Studio" name="ConvertFrom-3rdPartyInstall.When Visual Studio conversion fails.Should write a warning for Visual Studio" time="0.0096" asserts="0" success="True" result="Success" executed="True" />
                </results>
              </test-suite>
              <test-suite type="TestFixture" name="ConvertFrom-3rdPartyInstall.When Visual Studio Code conversion fails" executed="True" result="Success" success="True" time="0.0526" asserts="0" description="ConvertFrom-3rdPartyInstall.When Visual Studio Code conversion fails">
                <results>
                  <test-case description="Should write a warning for Visual Studio Code" name="ConvertFrom-3rdPartyInstall.When Visual Studio Code conversion fails.Should write a warning for Visual Studio Code" time="0.0091" asserts="0" success="True" result="Success" executed="True" />
                </results>
              </test-suite>
              <test-suite type="TestFixture" name="ConvertFrom-3rdPartyInstall.When both conversions fail" executed="True" result="Success" success="True" time="0.0725" asserts="0" description="ConvertFrom-3rdPartyInstall.When both conversions fail">
                <results>
                  <test-case description="Should write warnings for both" name="ConvertFrom-3rdPartyInstall.When both conversions fail.Should write warnings for both" time="0.0152" asserts="0" success="True" result="Success" executed="True" />
                </results>
              </test-suite>
            </results>
          </test-suite>
        </results>
      </test-suite>
      <test-suite type="TestFixture" name="C:\Users\Joshua Wilson\source\repos\devsetup\DevSetup\Private\Commands\Export-DevSetupEnv.Tests.ps1" executed="True" result="Success" success="True" time="0.1245" asserts="0" description="C:\Users\Joshua Wilson\source\repos\devsetup\DevSetup\Private\Commands\Export-DevSetupEnv.Tests.ps1">
        <results>
          <test-suite type="TestFixture" name="Export-DevSetupEnv" executed="True" result="Success" success="True" time="0.048" asserts="0" description="Export-DevSetupEnv">
            <results>
              <test-suite type="TestFixture" name="Export-DevSetupEnv.When called with a valid name" executed="True" result="Success" success="True" time="0.0133" asserts="0" description="Export-DevSetupEnv.When called with a valid name">
                <results>
                  <test-case description="Should create the config file and return its path" name="Export-DevSetupEnv.When called with a valid name.Should create the config file and return its path" time="0.0087" asserts="0" success="True" result="Success" executed="True" />
                </results>
              </test-suite>
              <test-suite type="TestFixture" name="Export-DevSetupEnv.When called with a name that needs sanitization" executed="True" result="Success" success="True" time="0.0329" asserts="0" description="Export-DevSetupEnv.When called with a name that needs sanitization">
                <results>
                  <test-case description="Should sanitize the name and warn" name="Export-DevSetupEnv.When called with a name that needs sanitization.Should sanitize the name and warn" time="0.0149" asserts="0" success="True" result="Success" executed="True" />
                </results>
              </test-suite>
              <test-suite type="TestFixture" name="Export-DevSetupEnv.When Write-NewConfig fails" executed="True" result="Success" success="True" time="0.0435" asserts="0" description="Export-DevSetupEnv.When Write-NewConfig fails">
                <results>
                  <test-case description="Should write error and return null" name="Export-DevSetupEnv.When Write-NewConfig fails.Should write error and return null" time="0.0061" asserts="0" success="True" result="Success" executed="True" />
                </results>
              </test-suite>
            </results>
          </test-suite>
        </results>
      </test-suite>
      <test-suite type="TestFixture" name="C:\Users\Joshua Wilson\source\repos\devsetup\DevSetup\Private\Commands\Initialize-DevSetup.Tests.ps1" executed="True" result="Success" success="True" time="0.2741" asserts="0" description="C:\Users\Joshua Wilson\source\repos\devsetup\DevSetup\Private\Commands\Initialize-DevSetup.Tests.ps1">
        <results>
          <test-suite type="TestFixture" name="Initialize-DevSetup" executed="True" result="Success" success="True" time="0.157" asserts="0" description="Initialize-DevSetup">
            <results>
              <test-suite type="TestFixture" name="Initialize-DevSetup.When all steps succeed" executed="True" result="Success" success="True" time="0.0383" asserts="0" description="Initialize-DevSetup.When all steps succeed">
                <results>
                  <test-case description="Should install dependencies, create directories, and return true" name="Initialize-DevSetup.When all steps succeed.Should install dependencies, create directories, and return true" time="0.0334" asserts="0" success="True" result="Success" executed="True" />
                </results>
              </test-suite>
              <test-suite type="TestFixture" name="Initialize-DevSetup.When core dependencies fail to install" executed="True" result="Success" success="True" time="0.0497" asserts="0" description="Initialize-DevSetup.When core dependencies fail to install">
                <results>
                  <test-case description="Should write error and return nothing" name="Initialize-DevSetup.When core dependencies fail to install.Should write error and return nothing" time="0.0066" asserts="0" success="True" result="Success" executed="True" />
                </results>
              </test-suite>
              <test-suite type="TestFixture" name="Initialize-DevSetup.When .devsetup directory already exists" executed="True" result="Success" success="True" time="0.084" asserts="0" description="Initialize-DevSetup.When .devsetup directory already exists">
                <results>
                  <test-case description="Should not create the directory and should log verbose" name="Initialize-DevSetup.When .devsetup directory already exists.Should not create the directory and should log verbose" time="0.0296" asserts="0" success="True" result="Success" executed="True" />
                </results>
              </test-suite>
              <test-suite type="TestFixture" name="Initialize-DevSetup.When environment path initialization fails" executed="True" result="Success" success="True" time="0.1016" asserts="0" description="Initialize-DevSetup.When environment path initialization fails">
                <results>
                  <test-case description="Should write error and return false" name="Initialize-DevSetup.When environment path initialization fails.Should write error and return false" time="0.0129" asserts="0" success="True" result="Success" executed="True" />
                </results>
              </test-suite>
              <test-suite type="TestFixture" name="Initialize-DevSetup.When an exception occurs during initialization" executed="True" result="Success" success="True" time="0.1493" asserts="0" description="Initialize-DevSetup.When an exception occurs during initialization">
                <results>
                  <test-case description="Should write error and return false" name="Initialize-DevSetup.When an exception occurs during initialization.Should write error and return false" time="0.0313" asserts="0" success="True" result="Success" executed="True" />
                </results>
              </test-suite>
            </results>
          </test-suite>
        </results>
      </test-suite>
      <test-suite type="TestFixture" name="C:\Users\Joshua Wilson\source\repos\devsetup\DevSetup\Private\Commands\Install-DevSetupEnv.Tests.ps1" executed="True" result="Success" success="True" time="0.3109" asserts="0" description="C:\Users\Joshua Wilson\source\repos\devsetup\DevSetup\Private\Commands\Install-DevSetupEnv.Tests.ps1">
        <results>
          <test-suite type="TestFixture" name="Install-DevSetupEnv" executed="True" result="Success" success="True" time="0.1501" asserts="0" description="Install-DevSetupEnv">
            <results>
              <test-suite type="TestFixture" name="Install-DevSetupEnv.When environment file does not exist" executed="True" result="Success" success="True" time="0.0202" asserts="0" description="Install-DevSetupEnv.When environment file does not exist">
                <results>
                  <test-case description="Should write error and return" name="Install-DevSetupEnv.When environment file does not exist.Should write error and return" time="0.009" asserts="0" success="True" result="Success" executed="True" />
                </results>
              </test-suite>
              <test-suite type="TestFixture" name="Install-DevSetupEnv.When YAML parsing fails" executed="True" result="Success" success="True" time="0.0371" asserts="0" description="Install-DevSetupEnv.When YAML parsing fails">
                <results>
                  <test-case description="Should write error and return" name="Install-DevSetupEnv.When YAML parsing fails.Should write error and return" time="0.0122" asserts="0" success="True" result="Success" executed="True" />
                </results>
              </test-suite>
              <test-suite type="TestFixture" name="Install-DevSetupEnv.When all dependencies install and no commands are present" executed="True" result="Success" success="True" time="0.0712" asserts="0" description="Install-DevSetupEnv.When all dependencies install and no commands are present">
                <results>
                  <test-case description="Should install dependencies and write status" name="Install-DevSetupEnv.When all dependencies install and no commands are present.Should install dependencies and write status" time="0.0296" asserts="0" success="True" result="Success" executed="True" />
                </results>
              </test-suite>
              <test-suite type="TestFixture" name="Install-DevSetupEnv.When commands are present and executed" executed="True" result="Success" success="True" time="0.1161" asserts="0" description="Install-DevSetupEnv.When commands are present and executed">
                <results>
                  <test-case description="Should execute all commands" name="Install-DevSetupEnv.When commands are present and executed.Should execute all commands" time="0.0404" asserts="0" success="True" result="Success" executed="True" />
                </results>
              </test-suite>
              <test-suite type="TestFixture" name="Install-DevSetupEnv.When a command entry is missing the command property" executed="True" result="Success" success="True" time="0.1456" asserts="0" description="Install-DevSetupEnv.When a command entry is missing the command property">
                <results>
                  <test-case description="Should skip and warn" name="Install-DevSetupEnv.When a command entry is missing the command property.Should skip and warn" time="0.0249" asserts="0" success="True" result="Success" executed="True" />
                </results>
              </test-suite>
            </results>
          </test-suite>
        </results>
      </test-suite>
      <test-suite type="TestFixture" name="C:\Users\Joshua Wilson\source\repos\devsetup\DevSetup\Private\Commands\Show-DevSetupEnvList.Tests.ps1" executed="True" result="Success" success="True" time="0.3776" asserts="0" description="C:\Users\Joshua Wilson\source\repos\devsetup\DevSetup\Private\Commands\Show-DevSetupEnvList.Tests.ps1">
        <results>
          <test-suite type="TestFixture" name="Show-DevSetupEnvList" executed="True" result="Success" success="True" time="0.2629" asserts="0" description="Show-DevSetupEnvList">
            <results>
              <test-suite type="TestFixture" name="Show-DevSetupEnvList.When environments.json does not exist" executed="True" result="Success" success="True" time="0.0256" asserts="0" description="Show-DevSetupEnvList.When environments.json does not exist">
                <results>
                  <test-case description="Should run optimization to create it" name="Show-DevSetupEnvList.When environments.json does not exist.Should run optimization to create it" time="0.0209" asserts="0" success="True" result="Success" executed="True" />
                </results>
              </test-suite>
              <test-suite type="TestFixture" name="Show-DevSetupEnvList.When environments.json is corrupt" executed="True" result="Success" success="True" time="0.047" asserts="0" description="Show-DevSetupEnvList.When environments.json is corrupt">
                <results>
                  <test-case description="Should run optimization to recreate it" name="Show-DevSetupEnvList.When environments.json is corrupt.Should run optimization to recreate it" time="0.0168" asserts="0" success="True" result="Success" executed="True" />
                </results>
              </test-suite>
              <test-suite type="TestFixture" name="Show-DevSetupEnvList.When filtering for current platform (windows)" executed="True" result="Success" success="True" time="0.0811" asserts="0" description="Show-DevSetupEnvList.When filtering for current platform (windows)">
                <results>
                  <test-case description="Should detect windows platform and filter environments" name="Show-DevSetupEnvList.When filtering for current platform (windows).Should detect windows platform and filter environments" time="0.0295" asserts="0" success="True" result="Success" executed="True" />
                </results>
              </test-suite>
              <test-suite type="TestFixture" name="Show-DevSetupEnvList.When filtering for current platform (linux)" executed="True" result="Success" success="True" time="0.1099" asserts="0" description="Show-DevSetupEnvList.When filtering for current platform (linux)">
                <results>
                  <test-case description="Should detect linux platform and filter environments" name="Show-DevSetupEnvList.When filtering for current platform (linux).Should detect linux platform and filter environments" time="0.0243" asserts="0" success="True" result="Success" executed="True" />
                </results>
              </test-suite>
              <test-suite type="TestFixture" name="Show-DevSetupEnvList.When filtering for current platform (macos)" executed="True" result="Success" success="True" time="0.138" asserts="0" description="Show-DevSetupEnvList.When filtering for current platform (macos)">
                <results>
                  <test-case description="Should detect macos platform and filter environments" name="Show-DevSetupEnvList.When filtering for current platform (macos).Should detect macos platform and filter environments" time="0.0236" asserts="0" success="True" result="Success" executed="True" />
                </results>
              </test-suite>
              <test-suite type="TestFixture" name="Show-DevSetupEnvList.When filtering for all platforms" executed="True" result="Success" success="True" time="0.1632" asserts="0" description="Show-DevSetupEnvList.When filtering for all platforms">
                <results>
                  <test-case description="Should show all environments without filtering" name="Show-DevSetupEnvList.When filtering for all platforms.Should show all environments without filtering" time="0.0207" asserts="0" success="True" result="Success" executed="True" />
                </results>
              </test-suite>
              <test-suite type="TestFixture" name="Show-DevSetupEnvList.When filtering for specific platform (windows)" executed="True" result="Success" success="True" time="0.1885" asserts="0" description="Show-DevSetupEnvList.When filtering for specific platform (windows)">
                <results>
                  <test-case description="Should filter and display only windows-compatible environments" name="Show-DevSetupEnvList.When filtering for specific platform (windows).Should filter and display only windows-compatible environments" time="0.0209" asserts="0" success="True" result="Success" executed="True" />
                </results>
              </test-suite>
              <test-suite type="TestFixture" name="Show-DevSetupEnvList.When no environments are found for a platform" executed="True" result="Success" success="True" time="0.2146" asserts="0" description="Show-DevSetupEnvList.When no environments are found for a platform">
                <results>
                  <test-case description="Should display guidance message" name="Show-DevSetupEnvList.When no environments are found for a platform.Should display guidance message" time="0.0217" asserts="0" success="True" result="Success" executed="True" />
                </results>
              </test-suite>
              <test-suite type="TestFixture" name="Show-DevSetupEnvList.When no environments exist at all" executed="True" result="Success" success="True" time="0.2325" asserts="0" description="Show-DevSetupEnvList.When no environments exist at all">
                <results>
                  <test-case description="Should display no environments found message" name="Show-DevSetupEnvList.When no environments exist at all.Should display no environments found message" time="0.0133" asserts="0" success="True" result="Success" executed="True" />
                </results>
              </test-suite>
              <test-suite type="TestFixture" name="Show-DevSetupEnvList.When environments are found" executed="True" result="Success" success="True" time="0.2585" asserts="0" description="Show-DevSetupEnvList.When environments are found">
                <results>
                  <test-case description="Should display the environments table and count" name="Show-DevSetupEnvList.When environments are found.Should display the environments table and count" time="0.0213" asserts="0" success="True" result="Success" executed="True" />
                </results>
              </test-suite>
            </results>
          </test-suite>
        </results>
      </test-suite>
      <test-suite type="TestFixture" name="C:\Users\Joshua Wilson\source\repos\devsetup\DevSetup\Private\Commands\Uninstall-DevSetupEnv.Tests.ps1" executed="True" result="Success" success="True" time="0.1952" asserts="0" description="C:\Users\Joshua Wilson\source\repos\devsetup\DevSetup\Private\Commands\Uninstall-DevSetupEnv.Tests.ps1">
        <results>
          <test-suite type="TestFixture" name="Uninstall-DevSetupEnv" executed="True" result="Success" success="True" time="0.0903" asserts="0" description="Uninstall-DevSetupEnv">
            <results>
              <test-suite type="TestFixture" name="Uninstall-DevSetupEnv.When environment file does not exist" executed="True" result="Success" success="True" time="0.0122" asserts="0" description="Uninstall-DevSetupEnv.When environment file does not exist">
                <results>
                  <test-case description="Should write error and return" name="Uninstall-DevSetupEnv.When environment file does not exist.Should write error and return" time="0.008" asserts="0" success="True" result="Success" executed="True" />
                </results>
              </test-suite>
              <test-suite type="TestFixture" name="Uninstall-DevSetupEnv.When YAML parsing fails" executed="True" result="Success" success="True" time="0.0293" asserts="0" description="Uninstall-DevSetupEnv.When YAML parsing fails">
                <results>
                  <test-case description="Should write error and return" name="Uninstall-DevSetupEnv.When YAML parsing fails.Should write error and return" time="0.0088" asserts="0" success="True" result="Success" executed="True" />
                </results>
              </test-suite>
              <test-suite type="TestFixture" name="Uninstall-DevSetupEnv.When all uninstallers succeed" executed="True" result="Success" success="True" time="0.0502" asserts="0" description="Uninstall-DevSetupEnv.When all uninstallers succeed">
                <results>
                  <test-case description="Should call all uninstallers and write status" name="Uninstall-DevSetupEnv.When all uninstallers succeed.Should call all uninstallers and write status" time="0.016" asserts="0" success="True" result="Success" executed="True" />
                </results>
              </test-suite>
              <test-suite type="TestFixture" name="Uninstall-DevSetupEnv.When a component uninstaller fails" executed="True" result="Success" success="True" time="0.0683" asserts="0" description="Uninstall-DevSetupEnv.When a component uninstaller fails">
                <results>
                  <test-case description="Should continue calling other uninstallers" name="Uninstall-DevSetupEnv.When a component uninstaller fails.Should continue calling other uninstallers" time="0.0132" asserts="0" success="True" result="Success" executed="True" />
                </results>
              </test-suite>
              <test-suite type="TestFixture" name="Uninstall-DevSetupEnv.When an exception occurs during uninstall" executed="True" result="Success" success="True" time="0.0854" asserts="0" description="Uninstall-DevSetupEnv.When an exception occurs during uninstall">
                <results>
                  <test-case description="Should write error and return" name="Uninstall-DevSetupEnv.When an exception occurs during uninstall.Should write error and return" time="0.0122" asserts="0" success="True" result="Success" executed="True" />
                </results>
              </test-suite>
            </results>
          </test-suite>
        </results>
      </test-suite>
      <test-suite type="TestFixture" name="C:\Users\Joshua Wilson\source\repos\devsetup\DevSetup\Private\Providers\Chocolatey\Export-InstalledChocolateyPackages.Tests.ps1" executed="True" result="Success" success="True" time="0.3136" asserts="0" description="C:\Users\Joshua Wilson\source\repos\devsetup\DevSetup\Private\Providers\Chocolatey\Export-InstalledChocolateyPackages.Tests.ps1">
        <results>
          <test-suite type="TestFixture" name="Export-InstalledChocolateyPackages" executed="True" result="Success" success="True" time="0.2198" asserts="0" description="Export-InstalledChocolateyPackages">
            <results>
              <test-suite type="TestFixture" name="Export-InstalledChocolateyPackages.When not running as administrator" executed="True" result="Success" success="True" time="0.0118" asserts="0" description="Export-InstalledChocolateyPackages.When not running as administrator">
                <results>
                  <test-case description="Should throw and return false" name="Export-InstalledChocolateyPackages.When not running as administrator.Should throw and return false" time="0.0076" asserts="0" success="True" result="Success" executed="True" />
                </results>
              </test-suite>
              <test-suite type="TestFixture" name="Export-InstalledChocolateyPackages.When no Chocolatey packages are found" executed="True" result="Success" success="True" time="0.0297" asserts="0" description="Export-InstalledChocolateyPackages.When no Chocolatey packages are found">
                <results>
                  <test-case description="Should warn and return true" name="Export-InstalledChocolateyPackages.When no Chocolatey packages are found.Should warn and return true" time="0.0095" asserts="0" success="True" result="Success" executed="True" />
                </results>
              </test-suite>
              <test-suite type="TestFixture" name="Export-InstalledChocolateyPackages.When Chocolatey packages are found and DryRun is used" executed="True" result="Success" success="True" time="0.0646" asserts="0" description="Export-InstalledChocolateyPackages.When Chocolatey packages are found and DryRun is used">
                <results>
                  <test-case description="Should display the YAML output and not write to file" name="Export-InstalledChocolateyPackages.When Chocolatey packages are found and DryRun is used.Should display the YAML output and not write to file" time="0.0304" asserts="0" success="True" result="Success" executed="True" />
                </results>
              </test-suite>
              <test-suite type="TestFixture" name="Export-InstalledChocolateyPackages.When Chocolatey packages are found and OutFile is specified" executed="True" result="Success" success="True" time="0.0985" asserts="0" description="Export-InstalledChocolateyPackages.When Chocolatey packages are found and OutFile is specified">
                <results>
                  <test-case description="Should write the YAML output to the specified file" name="Export-InstalledChocolateyPackages.When Chocolatey packages are found and OutFile is specified.Should write the YAML output to the specified file" time="0.0292" asserts="0" success="True" result="Success" executed="True" />
                </results>
              </test-suite>
              <test-suite type="TestFixture" name="Export-InstalledChocolateyPackages.When YAML conversion fails" executed="True" result="Success" success="True" time="0.129" asserts="0" description="Export-InstalledChocolateyPackages.When YAML conversion fails">
                <results>
                  <test-case description="Should fallback to JSON output" name="Export-InstalledChocolateyPackages.When YAML conversion fails.Should fallback to JSON output" time="0.0259" asserts="0" success="True" result="Success" executed="True" />
                </results>
              </test-suite>
              <test-suite type="TestFixture" name="Export-InstalledChocolateyPackages.When Out-File fails" executed="True" result="Success" success="True" time="0.1571" asserts="0" description="Export-InstalledChocolateyPackages.When Out-File fails">
                <results>
                  <test-case description="Should write error and return false" name="Export-InstalledChocolateyPackages.When Out-File fails.Should write error and return false" time="0.0237" asserts="0" success="True" result="Success" executed="True" />
                </results>
              </test-suite>
              <test-suite type="TestFixture" name="Export-InstalledChocolateyPackages.When package version changes" executed="True" result="Success" success="True" time="0.1866" asserts="0" description="Export-InstalledChocolateyPackages.When package version changes">
                <results>
                  <test-case description="Should update the package version in the config" name="Export-InstalledChocolateyPackages.When package version changes.Should update the package version in the config" time="0.0251" asserts="0" success="True" result="Success" executed="True" />
                </results>
              </test-suite>
              <test-suite type="TestFixture" name="Export-InstalledChocolateyPackages.When package is new" executed="True" result="Success" success="True" time="0.2154" asserts="0" description="Export-InstalledChocolateyPackages.When package is new">
                <results>
                  <test-case description="Should add the package to the config" name="Export-InstalledChocolateyPackages.When package is new.Should add the package to the config" time="0.0241" asserts="0" success="True" result="Success" executed="True" />
                </results>
              </test-suite>
            </results>
          </test-suite>
        </results>
      </test-suite>
      <test-suite type="TestFixture" name="C:\Users\Joshua Wilson\source\repos\devsetup\DevSetup\Private\Providers\Chocolatey\Get-ChocolateyCacheFile.Tests.ps1" executed="True" result="Success" success="True" time="0.0986" asserts="0" description="C:\Users\Joshua Wilson\source\repos\devsetup\DevSetup\Private\Providers\Chocolatey\Get-ChocolateyCacheFile.Tests.ps1">
        <results>
          <test-suite type="TestFixture" name="Get-ChocolateyCacheFile" executed="True" result="Success" success="True" time="0.0371" asserts="0" description="Get-ChocolateyCacheFile">
            <results>
              <test-suite type="TestFixture" name="Get-ChocolateyCacheFile.When Get-DevSetupCachePath returns a valid path" executed="True" result="Success" success="True" time="0.009" asserts="0" description="Get-ChocolateyCacheFile.When Get-DevSetupCachePath returns a valid path">
                <results>
                  <test-case description="Should return the correct cache file path" name="Get-ChocolateyCacheFile.When Get-DevSetupCachePath returns a valid path.Should return the correct cache file path" time="0.0048" asserts="0" success="True" result="Success" executed="True" />
                </results>
              </test-suite>
              <test-suite type="TestFixture" name="Get-ChocolateyCacheFile.When Get-DevSetupCachePath returns a different path" executed="True" result="Success" success="True" time="0.0179" asserts="0" description="Get-ChocolateyCacheFile.When Get-DevSetupCachePath returns a different path">
                <results>
                  <test-case description="Should append chocolatey.cache to the returned path" name="Get-ChocolateyCacheFile.When Get-DevSetupCachePath returns a different path.Should append chocolatey.cache to the returned path" time="0.0046" asserts="0" success="True" result="Success" executed="True" />
                </results>
              </test-suite>
              <test-suite type="TestFixture" name="Get-ChocolateyCacheFile.When Get-DevSetupCachePath returns an empty string" executed="True" result="Success" success="True" time="0.0331" asserts="0" description="Get-ChocolateyCacheFile.When Get-DevSetupCachePath returns an empty string">
                <results>
                  <test-case description="Should write error and return null" name="Get-ChocolateyCacheFile.When Get-DevSetupCachePath returns an empty string.Should write error and return null" time="0.0108" asserts="0" success="True" result="Success" executed="True" />
                </results>
              </test-suite>
            </results>
          </test-suite>
        </results>
      </test-suite>
      <test-suite type="TestFixture" name="C:\Users\Joshua Wilson\source\repos\devsetup\DevSetup\Private\Providers\Chocolatey\Get-ChocolateyPackageDependencies.Tests.ps1" executed="True" result="Success" success="True" time="0.166" asserts="0" description="C:\Users\Joshua Wilson\source\repos\devsetup\DevSetup\Private\Providers\Chocolatey\Get-ChocolateyPackageDependencies.Tests.ps1">
        <results>
          <test-suite type="TestFixture" name="Get-ChocolateyPackageDependencies" executed="True" result="Success" success="True" time="0.114" asserts="0" description="Get-ChocolateyPackageDependencies">
            <results>
              <test-suite type="TestFixture" name="Get-ChocolateyPackageDependencies.When Chocolatey install path does not exist" executed="True" result="Success" success="True" time="0.0175" asserts="0" description="Get-ChocolateyPackageDependencies.When Chocolatey install path does not exist">
                <results>
                  <test-case description="Should return  in PS5, empty array in PS6+" name="Get-ChocolateyPackageDependencies.When Chocolatey install path does not exist.Should return  in PS5, empty array in PS6+" time="0.0131" asserts="0" success="True" result="Success" executed="True" />
                </results>
              </test-suite>
              <test-suite type="TestFixture" name="Get-ChocolateyPackageDependencies.When no nuspec files are found" executed="True" result="Success" success="True" time="0.0331" asserts="0" description="Get-ChocolateyPackageDependencies.When no nuspec files are found">
                <results>
                  <test-case description="Should return  in PS5, empty array in PS6+" name="Get-ChocolateyPackageDependencies.When no nuspec files are found.Should return  in PS5, empty array in PS6+" time="0.0109" asserts="0" success="True" result="Success" executed="True" />
                </results>
              </test-suite>
              <test-suite type="TestFixture" name="Get-ChocolateyPackageDependencies.When nuspec files have no dependencies" executed="True" result="Success" success="True" time="0.06" asserts="0" description="Get-ChocolateyPackageDependencies.When nuspec files have no dependencies">
                <results>
                  <test-case description="Should return  in PS5, empty array in PS6+" name="Get-ChocolateyPackageDependencies.When nuspec files have no dependencies.Should return  in PS5, empty array in PS6+" time="0.0223" asserts="0" success="True" result="Success" executed="True" />
                </results>
              </test-suite>
              <test-suite type="TestFixture" name="Get-ChocolateyPackageDependencies.When nuspec files have dependencies including chocolatey system packages" executed="True" result="Success" success="True" time="0.0838" asserts="0" description="Get-ChocolateyPackageDependencies.When nuspec files have dependencies including chocolatey system packages">
                <results>
                  <test-case description="Should return only non-chocolatey dependencies" name="Get-ChocolateyPackageDependencies.When nuspec files have dependencies including chocolatey system packages.Should return only non-chocolatey dependencies" time="0.0191" asserts="0" success="True" result="Success" executed="True" />
                </results>
              </test-suite>
              <test-suite type="TestFixture" name="Get-ChocolateyPackageDependencies.When multiple nuspec files have overlapping dependencies" executed="True" result="Success" success="True" time="0.1098" asserts="0" description="Get-ChocolateyPackageDependencies.When multiple nuspec files have overlapping dependencies">
                <results>
                  <test-case description="Should return all dependencies including duplicates" name="Get-ChocolateyPackageDependencies.When multiple nuspec files have overlapping dependencies.Should return all dependencies including duplicates" time="0.0211" asserts="0" success="True" result="Success" executed="True" />
                </results>
              </test-suite>
            </results>
          </test-suite>
        </results>
      </test-suite>
      <test-suite type="TestFixture" name="C:\Users\Joshua Wilson\source\repos\devsetup\DevSetup\Private\Providers\Chocolatey\Get-ChocolateyVersion.Tests.ps1" executed="True" result="Success" success="True" time="0.1313" asserts="0" description="C:\Users\Joshua Wilson\source\repos\devsetup\DevSetup\Private\Providers\Chocolatey\Get-ChocolateyVersion.Tests.ps1">
        <results>
          <test-suite type="TestFixture" name="Get-ChocolateyVersion" executed="True" result="Success" success="True" time="0.0642" asserts="0" description="Get-ChocolateyVersion">
            <results>
              <test-suite type="TestFixture" name="Get-ChocolateyVersion.When Chocolatey is not installed" executed="True" result="Success" success="True" time="0.0117" asserts="0" description="Get-ChocolateyVersion.When Chocolatey is not installed">
                <results>
                  <test-case description="Should return null and write a warning" name="Get-ChocolateyVersion.When Chocolatey is not installed.Should return null and write a warning" time="0.0073" asserts="0" success="True" result="Success" executed="True" />
                </results>
              </test-suite>
              <test-suite type="TestFixture" name="Get-ChocolateyVersion.When Chocolatey is installed and version is returned" executed="True" result="Success" success="True" time="0.0236" asserts="0" description="Get-ChocolateyVersion.When Chocolatey is installed and version is returned">
                <results>
                  <test-case description="Should return the trimmed version string" name="Get-ChocolateyVersion.When Chocolatey is installed and version is returned.Should return the trimmed version string" time="0.0069" asserts="0" success="True" result="Success" executed="True" />
                </results>
              </test-suite>
              <test-suite type="TestFixture" name="Get-ChocolateyVersion.When Chocolatey is installed but version is not returned" executed="True" result="Success" success="True" time="0.0426" asserts="0" description="Get-ChocolateyVersion.When Chocolatey is installed but version is not returned">
                <results>
                  <test-case description="Should return null and write a warning" name="Get-ChocolateyVersion.When Chocolatey is installed but version is not returned.Should return null and write a warning" time="0.0144" asserts="0" success="True" result="Success" executed="True" />
                </results>
              </test-suite>
              <test-suite type="TestFixture" name="Get-ChocolateyVersion.When an error occurs during version retrieval" executed="True" result="Success" success="True" time="0.0596" asserts="0" description="Get-ChocolateyVersion.When an error occurs during version retrieval">
                <results>
                  <test-case description="Should return null and write a warning" name="Get-ChocolateyVersion.When an error occurs during version retrieval.Should return null and write a warning" time="0.0098" asserts="0" success="True" result="Success" executed="True" />
                </results>
              </test-suite>
            </results>
          </test-suite>
        </results>
      </test-suite>
      <test-suite type="TestFixture" name="C:\Users\Joshua Wilson\source\repos\devsetup\DevSetup\Private\Providers\Chocolatey\Install-Chocolatey.Tests.ps1" executed="True" result="Success" success="True" time="0.3494" asserts="0" description="C:\Users\Joshua Wilson\source\repos\devsetup\DevSetup\Private\Providers\Chocolatey\Install-Chocolatey.Tests.ps1">
        <results>
          <test-suite type="TestFixture" name="Install-Chocolatey" executed="True" result="Success" success="True" time="0.2617" asserts="0" description="Install-Chocolatey">
            <results>
              <test-suite type="TestFixture" name="Install-Chocolatey.When not running on Windows" executed="True" result="Success" success="True" time="0.0115" asserts="0" description="Install-Chocolatey.When not running on Windows">
                <results>
                  <test-case description="Should skip installation and return true" name="Install-Chocolatey.When not running on Windows.Should skip installation and return true" time="0.0071" asserts="0" success="True" result="Success" executed="True" />
                </results>
              </test-suite>
              <test-suite type="TestFixture" name="Install-Chocolatey.When not running as administrator" executed="True" result="Success" success="True" time="0.0288" asserts="0" description="Install-Chocolatey.When not running as administrator">
                <results>
                  <test-case description="Should throw and return false" name="Install-Chocolatey.When not running as administrator.Should throw and return false" time="0.0129" asserts="0" success="True" result="Success" executed="True" />
                </results>
              </test-suite>
              <test-suite type="TestFixture" name="Install-Chocolatey.When Chocolatey is already installed" executed="True" result="Success" success="True" time="0.0477" asserts="0" description="Install-Chocolatey.When Chocolatey is already installed">
                <results>
                  <test-case description="Should return true and show version" name="Install-Chocolatey.When Chocolatey is already installed.Should return true and show version" time="0.0145" asserts="0" success="True" result="Success" executed="True" />
                </results>
              </test-suite>
              <test-suite type="TestFixture" name="Install-Chocolatey.When Chocolatey is not installed and installation succeeds" executed="True" result="Success" success="True" time="0.1814" asserts="0" description="Install-Chocolatey.When Chocolatey is not installed and installation succeeds">
                <results>
                  <test-case description="Should install and return true" name="Install-Chocolatey.When Chocolatey is not installed and installation succeeds.Should install and return true" time="0.1294" asserts="0" success="True" result="Success" executed="True" />
                </results>
              </test-suite>
              <test-suite type="TestFixture" name="Install-Chocolatey.When Chocolatey is not installed and installation fails" executed="True" result="Success" success="True" time="0.2377" asserts="0" description="Install-Chocolatey.When Chocolatey is not installed and installation fails">
                <results>
                  <test-case description="Should return false and write error" name="Install-Chocolatey.When Chocolatey is not installed and installation fails.Should return false and write error" time="0.0516" asserts="0" success="True" result="Success" executed="True" />
                </results>
              </test-suite>
              <test-suite type="TestFixture" name="Install-Chocolatey.When an unexpected error occurs" executed="True" result="Success" success="True" time="0.2577" asserts="0" description="Install-Chocolatey.When an unexpected error occurs">
                <results>
                  <test-case description="Should return false and write error" name="Install-Chocolatey.When an unexpected error occurs.Should return false and write error" time="0.0154" asserts="0" success="True" result="Success" executed="True" />
                </results>
              </test-suite>
            </results>
          </test-suite>
        </results>
      </test-suite>
      <test-suite type="TestFixture" name="C:\Users\Joshua Wilson\source\repos\devsetup\DevSetup\Private\Providers\Chocolatey\Install-ChocolateyPackage.Tests.ps1" executed="True" result="Success" success="True" time="0.2112" asserts="0" description="C:\Users\Joshua Wilson\source\repos\devsetup\DevSetup\Private\Providers\Chocolatey\Install-ChocolateyPackage.Tests.ps1">
        <results>
          <test-suite type="TestFixture" name="Install-ChocolateyPackage" executed="True" result="Success" success="True" time="0.1029" asserts="0" description="Install-ChocolateyPackage">
            <results>
              <test-suite type="TestFixture" name="Install-ChocolateyPackage.When not running as administrator" executed="True" result="Success" success="True" time="0.0102" asserts="0" description="Install-ChocolateyPackage.When not running as administrator">
                <results>
                  <test-case description="Should throw and return false" name="Install-ChocolateyPackage.When not running as administrator.Should throw and return false" time="0.006" asserts="0" success="True" result="Success" executed="True" />
                </results>
              </test-suite>
              <test-suite type="TestFixture" name="Install-ChocolateyPackage.When package is already installed and version matches" executed="True" result="Success" success="True" time="0.0188" asserts="0" description="Install-ChocolateyPackage.When package is already installed and version matches">
                <results>
                  <test-case description="Should return true immediately" name="Install-ChocolateyPackage.When package is already installed and version matches.Should return true immediately" time="0.0046" asserts="0" success="True" result="Success" executed="True" />
                </results>
              </test-suite>
              <test-suite type="TestFixture" name="Install-ChocolateyPackage.When package is installed but version does not match" executed="True" result="Success" success="True" time="0.0387" asserts="0" description="Install-ChocolateyPackage.When package is installed but version does not match">
                <results>
                  <test-case description="Should uninstall and reinstall the package" name="Install-ChocolateyPackage.When package is installed but version does not match.Should uninstall and reinstall the package" time="0.0153" asserts="0" success="True" result="Success" executed="True" />
                </results>
              </test-suite>
              <test-suite type="TestFixture" name="Install-ChocolateyPackage.When installing with version and params" executed="True" result="Success" success="True" time="0.0551" asserts="0" description="Install-ChocolateyPackage.When installing with version and params">
                <results>
                  <test-case description="Should build the correct choco command" name="Install-ChocolateyPackage.When installing with version and params.Should build the correct choco command" time="0.0114" asserts="0" success="True" result="Success" executed="True" />
                </results>
              </test-suite>
              <test-suite type="TestFixture" name="Install-ChocolateyPackage.When installation fails (non-zero exit code)" executed="True" result="Success" success="True" time="0.0687" asserts="0" description="Install-ChocolateyPackage.When installation fails (non-zero exit code)">
                <results>
                  <test-case description="Should write error and return false" name="Install-ChocolateyPackage.When installation fails (non-zero exit code).Should write error and return false" time="0.0084" asserts="0" success="True" result="Success" executed="True" />
                </results>
              </test-suite>
              <test-suite type="TestFixture" name="Install-ChocolateyPackage.When Write-ChocolateyCache fails after install" executed="True" result="Success" success="True" time="0.087" asserts="0" description="Install-ChocolateyPackage.When Write-ChocolateyCache fails after install">
                <results>
                  <test-case description="Should write warning and return false" name="Install-ChocolateyPackage.When Write-ChocolateyCache fails after install.Should write warning and return false" time="0.0134" asserts="0" success="True" result="Success" executed="True" />
                </results>
              </test-suite>
              <test-suite type="TestFixture" name="Install-ChocolateyPackage.When an exception occurs during install" executed="True" result="Success" success="True" time="0.0988" asserts="0" description="Install-ChocolateyPackage.When an exception occurs during install">
                <results>
                  <test-case description="Should write error and return false" name="Install-ChocolateyPackage.When an exception occurs during install.Should write error and return false" time="0.0073" asserts="0" success="True" result="Success" executed="True" />
                </results>
              </test-suite>
            </results>
          </test-suite>
        </results>
      </test-suite>
      <test-suite type="TestFixture" name="C:\Users\Joshua Wilson\source\repos\devsetup\DevSetup\Private\Providers\Chocolatey\Install-ChocolateyPackages.Tests.ps1" executed="True" result="Success" success="True" time="0.2295" asserts="0" description="C:\Users\Joshua Wilson\source\repos\devsetup\DevSetup\Private\Providers\Chocolatey\Install-ChocolateyPackages.Tests.ps1">
        <results>
          <test-suite type="TestFixture" name="Install-ChocolateyPackages" executed="True" result="Success" success="True" time="0.1363" asserts="0" description="Install-ChocolateyPackages">
            <results>
              <test-suite type="TestFixture" name="Install-ChocolateyPackages.When not running as administrator" executed="True" result="Success" success="True" time="0.014" asserts="0" description="Install-ChocolateyPackages.When not running as administrator">
                <results>
                  <test-case description="Should throw and return false" name="Install-ChocolateyPackages.When not running as administrator.Should throw and return false" time="0.0097" asserts="0" success="True" result="Success" executed="True" />
                </results>
              </test-suite>
              <test-suite type="TestFixture" name="Install-ChocolateyPackages.When Chocolatey packages config is missing" executed="True" result="Success" success="True" time="0.0236" asserts="0" description="Install-ChocolateyPackages.When Chocolatey packages config is missing">
                <results>
                  <test-case description="Should write warning and return" name="Install-ChocolateyPackages.When Chocolatey packages config is missing.Should write warning and return" time="0.0049" asserts="0" success="True" result="Success" executed="True" />
                </results>
              </test-suite>
              <test-suite type="TestFixture" name="Install-ChocolateyPackages.When Write-ChocolateyCache fails" executed="True" result="Success" success="True" time="0.0368" asserts="0" description="Install-ChocolateyPackages.When Write-ChocolateyCache fails">
                <results>
                  <test-case description="Should write warning and return false" name="Install-ChocolateyPackages.When Write-ChocolateyCache fails.Should write warning and return false" time="0.0059" asserts="0" success="True" result="Success" executed="True" />
                </results>
              </test-suite>
              <test-suite type="TestFixture" name="Install-ChocolateyPackages.When all packages install successfully (string format)" executed="True" result="Success" success="True" time="0.0562" asserts="0" description="Install-ChocolateyPackages.When all packages install successfully (string format)">
                <results>
                  <test-case description="Should process all packages and return true" name="Install-ChocolateyPackages.When all packages install successfully (string format).Should process all packages and return true" time="0.0146" asserts="0" success="True" result="Success" executed="True" />
                </results>
              </test-suite>
              <test-suite type="TestFixture" name="Install-ChocolateyPackages.When all packages install successfully (object format)" executed="True" result="Success" success="True" time="0.0774" asserts="0" description="Install-ChocolateyPackages.When all packages install successfully (object format)">
                <results>
                  <test-case description="Should process all packages and return true" name="Install-ChocolateyPackages.When all packages install successfully (object format).Should process all packages and return true" time="0.0167" asserts="0" success="True" result="Success" executed="True" />
                </results>
              </test-suite>
              <test-suite type="TestFixture" name="Install-ChocolateyPackages.When some packages fail to install" executed="True" result="Success" success="True" time="0.0983" asserts="0" description="Install-ChocolateyPackages.When some packages fail to install">
                <results>
                  <test-case description="Should continue processing and return true" name="Install-ChocolateyPackages.When some packages fail to install.Should continue processing and return true" time="0.0161" asserts="0" success="True" result="Success" executed="True" />
                </results>
              </test-suite>
              <test-suite type="TestFixture" name="Install-ChocolateyPackages.When package entry is empty or missing name" executed="True" result="Success" success="True" time="0.1183" asserts="0" description="Install-ChocolateyPackages.When package entry is empty or missing name">
                <results>
                  <test-case description="Should skip invalid entries and continue" name="Install-ChocolateyPackages.When package entry is empty or missing name.Should skip invalid entries and continue" time="0.0155" asserts="0" success="True" result="Success" executed="True" />
                </results>
              </test-suite>
              <test-suite type="TestFixture" name="Install-ChocolateyPackages.When an exception occurs during installation" executed="True" result="Success" success="True" time="0.132" asserts="0" description="Install-ChocolateyPackages.When an exception occurs during installation">
                <results>
                  <test-case description="Should write error and return false" name="Install-ChocolateyPackages.When an exception occurs during installation.Should write error and return false" time="0.0093" asserts="0" success="True" result="Success" executed="True" />
                </results>
              </test-suite>
            </results>
          </test-suite>
        </results>
      </test-suite>
      <test-suite type="TestFixture" name="C:\Users\Joshua Wilson\source\repos\devsetup\DevSetup\Private\Providers\Chocolatey\Read-ChocolateyCache.Tests.ps1" executed="True" result="Success" success="True" time="0.1686" asserts="0" description="C:\Users\Joshua Wilson\source\repos\devsetup\DevSetup\Private\Providers\Chocolatey\Read-ChocolateyCache.Tests.ps1">
        <results>
          <test-suite type="TestFixture" name="Read-ChocolateyCache" executed="True" result="Success" success="True" time="0.0953" asserts="0" description="Read-ChocolateyCache">
            <results>
              <test-suite type="TestFixture" name="Read-ChocolateyCache.When cache file exists and can be read" executed="True" result="Success" success="True" time="0.0248" asserts="0" description="Read-ChocolateyCache.When cache file exists and can be read">
                <results>
                  <test-case description="Should return the cache data as an array of strings" name="Read-ChocolateyCache.When cache file exists and can be read.Should return the cache data as an array of strings" time="0.02" asserts="0" success="True" result="Success" executed="True" />
                </results>
              </test-suite>
              <test-suite type="TestFixture" name="Read-ChocolateyCache.When cache file does not exist and Write-ChocolateyCache succeeds" executed="True" result="Success" success="True" time="0.0512" asserts="0" description="Read-ChocolateyCache.When cache file does not exist and Write-ChocolateyCache succeeds">
                <results>
                  <test-case description="Should create the cache file and return its contents" name="Read-ChocolateyCache.When cache file does not exist and Write-ChocolateyCache succeeds.Should create the cache file and return its contents" time="0.0214" asserts="0" success="True" result="Success" executed="True" />
                </results>
              </test-suite>
              <test-suite type="TestFixture" name="Read-ChocolateyCache.When cache file does not exist and Write-ChocolateyCache fails" executed="True" result="Success" success="True" time="0.066" asserts="0" description="Read-ChocolateyCache.When cache file does not exist and Write-ChocolateyCache fails">
                <results>
                  <test-case description="Should throw an exception" name="Read-ChocolateyCache.When cache file does not exist and Write-ChocolateyCache fails.Should throw an exception" time="0.0102" asserts="0" success="True" result="Success" executed="True" />
                </results>
              </test-suite>
              <test-suite type="TestFixture" name="Read-ChocolateyCache.When reading cache file fails" executed="True" result="Success" success="True" time="0.0906" asserts="0" description="Read-ChocolateyCache.When reading cache file fails">
                <results>
                  <test-case description="Should write error and return null" name="Read-ChocolateyCache.When reading cache file fails.Should write error and return null" time="0.0197" asserts="0" success="True" result="Success" executed="True" />
                </results>
              </test-suite>
            </results>
          </test-suite>
        </results>
      </test-suite>
      <test-suite type="TestFixture" name="C:\Users\Joshua Wilson\source\repos\devsetup\DevSetup\Private\Providers\Chocolatey\Test-ChocolateyInstalled.Tests.ps1" executed="True" result="Success" success="True" time="0.0956" asserts="0" description="C:\Users\Joshua Wilson\source\repos\devsetup\DevSetup\Private\Providers\Chocolatey\Test-ChocolateyInstalled.Tests.ps1">
        <results>
          <test-suite type="TestFixture" name="Test-ChocolateyInstalled" executed="True" result="Success" success="True" time="0.0391" asserts="0" description="Test-ChocolateyInstalled">
            <results>
              <test-suite type="TestFixture" name="Test-ChocolateyInstalled.When Chocolatey is installed" executed="True" result="Success" success="True" time="0.0117" asserts="0" description="Test-ChocolateyInstalled.When Chocolatey is installed">
                <results>
                  <test-case description="Should return true" name="Test-ChocolateyInstalled.When Chocolatey is installed.Should return true" time="0.0073" asserts="0" success="True" result="Success" executed="True" />
                </results>
              </test-suite>
              <test-suite type="TestFixture" name="Test-ChocolateyInstalled.When Chocolatey is not installed" executed="True" result="Success" success="True" time="0.0344" asserts="0" description="Test-ChocolateyInstalled.When Chocolatey is not installed">
                <results>
                  <test-case description="Should return false and write a warning" name="Test-ChocolateyInstalled.When Chocolatey is not installed.Should return false and write a warning" time="0.0173" asserts="0" success="True" result="Success" executed="True" />
                </results>
              </test-suite>
            </results>
          </test-suite>
        </results>
      </test-suite>
      <test-suite type="TestFixture" name="C:\Users\Joshua Wilson\source\repos\devsetup\DevSetup\Private\Providers\Chocolatey\Test-ChocolateyPackageInstalled.Tests.ps1" executed="True" result="Success" success="True" time="0.1605" asserts="0" description="C:\Users\Joshua Wilson\source\repos\devsetup\DevSetup\Private\Providers\Chocolatey\Test-ChocolateyPackageInstalled.Tests.ps1">
        <results>
          <test-suite type="TestFixture" name="Test-ChocolateyPackageInstalled" executed="True" result="Success" success="True" time="0.0805" asserts="0" description="Test-ChocolateyPackageInstalled">
            <results>
              <test-suite type="TestFixture" name="Test-ChocolateyPackageInstalled.When Chocolatey is not installed" executed="True" result="Success" success="True" time="0.0161" asserts="0" description="Test-ChocolateyPackageInstalled.When Chocolatey is not installed">
                <results>
                  <test-case description="Should return NotInstalled and write a warning" name="Test-ChocolateyPackageInstalled.When Chocolatey is not installed.Should return NotInstalled and write a warning" time="0.0111" asserts="0" success="True" result="Success" executed="True" />
                </results>
              </test-suite>
              <test-suite type="TestFixture" name="Test-ChocolateyPackageInstalled.When package is not in cache" executed="True" result="Success" success="True" time="0.0262" asserts="0" description="Test-ChocolateyPackageInstalled.When package is not in cache">
                <results>
                  <test-case description="Should return NotInstalled" name="Test-ChocolateyPackageInstalled.When package is not in cache.Should return NotInstalled" time="0.0053" asserts="0" success="True" result="Success" executed="True" />
                </results>
              </test-suite>
              <test-suite type="TestFixture" name="Test-ChocolateyPackageInstalled.When package is in cache (any version)" executed="True" result="Success" success="True" time="0.0369" asserts="0" description="Test-ChocolateyPackageInstalled.When package is in cache (any version)">
                <results>
                  <test-case description="Should return Installed, GlobalVersionMet, MinimumVersionMet, RequiredVersionMet" name="Test-ChocolateyPackageInstalled.When package is in cache (any version).Should return Installed, GlobalVersionMet, MinimumVersionMet, RequiredVersionMet" time="0.006" asserts="0" success="True" result="Success" executed="True" />
                </results>
              </test-suite>
              <test-suite type="TestFixture" name="Test-ChocolateyPackageInstalled.When package is in cache but version does not match" executed="True" result="Success" success="True" time="0.0516" asserts="0" description="Test-ChocolateyPackageInstalled.When package is in cache but version does not match">
                <results>
                  <test-case description="Should not set MinimumVersionMet or RequiredVersionMet" name="Test-ChocolateyPackageInstalled.When package is in cache but version does not match.Should not set MinimumVersionMet or RequiredVersionMet" time="0.0101" asserts="0" success="True" result="Success" executed="True" />
                </results>
              </test-suite>
              <test-suite type="TestFixture" name="Test-ChocolateyPackageInstalled.When package is in cache and version matches" executed="True" result="Success" success="True" time="0.0618" asserts="0" description="Test-ChocolateyPackageInstalled.When package is in cache and version matches">
                <results>
                  <test-case description="Should set all flags" name="Test-ChocolateyPackageInstalled.When package is in cache and version matches.Should set all flags" time="0.0055" asserts="0" success="True" result="Success" executed="True" />
                </results>
              </test-suite>
              <test-suite type="TestFixture" name="Test-ChocolateyPackageInstalled.When Read-ChocolateyCache throws an error" executed="True" result="Success" success="True" time="0.0757" asserts="0" description="Test-ChocolateyPackageInstalled.When Read-ChocolateyCache throws an error">
                <results>
                  <test-case description="Should return NotInstalled" name="Test-ChocolateyPackageInstalled.When Read-ChocolateyCache throws an error.Should return NotInstalled" time="0.0093" asserts="0" success="True" result="Success" executed="True" />
                </results>
              </test-suite>
            </results>
          </test-suite>
        </results>
      </test-suite>
      <test-suite type="TestFixture" name="C:\Users\Joshua Wilson\source\repos\devsetup\DevSetup\Private\Providers\Chocolatey\Uninstall-ChocolateyPackage.Tests.ps1" executed="True" result="Success" success="True" time="0.1348" asserts="0" description="C:\Users\Joshua Wilson\source\repos\devsetup\DevSetup\Private\Providers\Chocolatey\Uninstall-ChocolateyPackage.Tests.ps1">
        <results>
          <test-suite type="TestFixture" name="Uninstall-ChocolateyPackage" executed="True" result="Success" success="True" time="0.0637" asserts="0" description="Uninstall-ChocolateyPackage">
            <results>
              <test-suite type="TestFixture" name="Uninstall-ChocolateyPackage.When not running as administrator" executed="True" result="Success" success="True" time="0.0154" asserts="0" description="Uninstall-ChocolateyPackage.When not running as administrator">
                <results>
                  <test-case description="Should throw and return false" name="Uninstall-ChocolateyPackage.When not running as administrator.Should throw and return false" time="0.0103" asserts="0" success="True" result="Success" executed="True" />
                </results>
              </test-suite>
              <test-suite type="TestFixture" name="Uninstall-ChocolateyPackage.When uninstallation succeeds" executed="True" result="Success" success="True" time="0.0289" asserts="0" description="Uninstall-ChocolateyPackage.When uninstallation succeeds">
                <results>
                  <test-case description="Should return true and write debug" name="Uninstall-ChocolateyPackage.When uninstallation succeeds.Should return true and write debug" time="0.0085" asserts="0" success="True" result="Success" executed="True" />
                </results>
              </test-suite>
              <test-suite type="TestFixture" name="Uninstall-ChocolateyPackage.When uninstallation fails (non-zero exit code)" executed="True" result="Success" success="True" time="0.0455" asserts="0" description="Uninstall-ChocolateyPackage.When uninstallation fails (non-zero exit code)">
                <results>
                  <test-case description="Should write error and return false" name="Uninstall-ChocolateyPackage.When uninstallation fails (non-zero exit code).Should write error and return false" time="0.0118" asserts="0" success="True" result="Success" executed="True" />
                </results>
              </test-suite>
              <test-suite type="TestFixture" name="Uninstall-ChocolateyPackage.When an exception occurs during uninstall" executed="True" result="Success" success="True" time="0.0589" asserts="0" description="Uninstall-ChocolateyPackage.When an exception occurs during uninstall">
                <results>
                  <test-case description="Should write error and return false" name="Uninstall-ChocolateyPackage.When an exception occurs during uninstall.Should write error and return false" time="0.0085" asserts="0" success="True" result="Success" executed="True" />
                </results>
              </test-suite>
            </results>
          </test-suite>
        </results>
      </test-suite>
      <test-suite type="TestFixture" name="C:\Users\Joshua Wilson\source\repos\devsetup\DevSetup\Private\Providers\Chocolatey\Uninstall-ChocolateyPackages.Tests.ps1" executed="True" result="Success" success="True" time="0.2411" asserts="0" description="C:\Users\Joshua Wilson\source\repos\devsetup\DevSetup\Private\Providers\Chocolatey\Uninstall-ChocolateyPackages.Tests.ps1">
        <results>
          <test-suite type="TestFixture" name="Uninstall-ChocolateyPackages" executed="True" result="Success" success="True" time="0.1365" asserts="0" description="Uninstall-ChocolateyPackages">
            <results>
              <test-suite type="TestFixture" name="Uninstall-ChocolateyPackages.When not running as administrator" executed="True" result="Success" success="True" time="0.0133" asserts="0" description="Uninstall-ChocolateyPackages.When not running as administrator">
                <results>
                  <test-case description="Should throw and return false" name="Uninstall-ChocolateyPackages.When not running as administrator.Should throw and return false" time="0.0089" asserts="0" success="True" result="Success" executed="True" />
                </results>
              </test-suite>
              <test-suite type="TestFixture" name="Uninstall-ChocolateyPackages.When Chocolatey packages config is missing" executed="True" result="Success" success="True" time="0.0234" asserts="0" description="Uninstall-ChocolateyPackages.When Chocolatey packages config is missing">
                <results>
                  <test-case description="Should write warning and return" name="Uninstall-ChocolateyPackages.When Chocolatey packages config is missing.Should write warning and return" time="0.0052" asserts="0" success="True" result="Success" executed="True" />
                </results>
              </test-suite>
              <test-suite type="TestFixture" name="Uninstall-ChocolateyPackages.When Write-ChocolateyCache fails" executed="True" result="Success" success="True" time="0.0346" asserts="0" description="Uninstall-ChocolateyPackages.When Write-ChocolateyCache fails">
                <results>
                  <test-case description="Should write warning and return false" name="Uninstall-ChocolateyPackages.When Write-ChocolateyCache fails.Should write warning and return false" time="0.0064" asserts="0" success="True" result="Success" executed="True" />
                </results>
              </test-suite>
              <test-suite type="TestFixture" name="Uninstall-ChocolateyPackages.When all packages uninstall successfully (string format)" executed="True" result="Success" success="True" time="0.056" asserts="0" description="Uninstall-ChocolateyPackages.When all packages uninstall successfully (string format)">
                <results>
                  <test-case description="Should process all packages and return true" name="Uninstall-ChocolateyPackages.When all packages uninstall successfully (string format).Should process all packages and return true" time="0.0133" asserts="0" success="True" result="Success" executed="True" />
                </results>
              </test-suite>
              <test-suite type="TestFixture" name="Uninstall-ChocolateyPackages.When all packages uninstall successfully (object format)" executed="True" result="Success" success="True" time="0.0774" asserts="0" description="Uninstall-ChocolateyPackages.When all packages uninstall successfully (object format)">
                <results>
                  <test-case description="Should process all packages and return true" name="Uninstall-ChocolateyPackages.When all packages uninstall successfully (object format).Should process all packages and return true" time="0.0168" asserts="0" success="True" result="Success" executed="True" />
                </results>
              </test-suite>
              <test-suite type="TestFixture" name="Uninstall-ChocolateyPackages.When some packages fail to uninstall" executed="True" result="Success" success="True" time="0.0975" asserts="0" description="Uninstall-ChocolateyPackages.When some packages fail to uninstall">
                <results>
                  <test-case description="Should continue processing and return true" name="Uninstall-ChocolateyPackages.When some packages fail to uninstall.Should continue processing and return true" time="0.0155" asserts="0" success="True" result="Success" executed="True" />
                </results>
              </test-suite>
              <test-suite type="TestFixture" name="Uninstall-ChocolateyPackages.When package entry is empty or missing name" executed="True" result="Success" success="True" time="0.1182" asserts="0" description="Uninstall-ChocolateyPackages.When package entry is empty or missing name">
                <results>
                  <test-case description="Should skip invalid entries and continue" name="Uninstall-ChocolateyPackages.When package entry is empty or missing name.Should skip invalid entries and continue" time="0.0162" asserts="0" success="True" result="Success" executed="True" />
                </results>
              </test-suite>
              <test-suite type="TestFixture" name="Uninstall-ChocolateyPackages.When an exception occurs during uninstallation" executed="True" result="Success" success="True" time="0.132" asserts="0" description="Uninstall-ChocolateyPackages.When an exception occurs during uninstallation">
                <results>
                  <test-case description="Should write error and return false" name="Uninstall-ChocolateyPackages.When an exception occurs during uninstallation.Should write error and return false" time="0.0092" asserts="0" success="True" result="Success" executed="True" />
                </results>
              </test-suite>
            </results>
          </test-suite>
        </results>
      </test-suite>
      <test-suite type="TestFixture" name="C:\Users\Joshua Wilson\source\repos\devsetup\DevSetup\Private\Providers\Chocolatey\Write-ChocolateyCache.Tests.ps1" executed="True" result="Success" success="True" time="0.1554" asserts="0" description="C:\Users\Joshua Wilson\source\repos\devsetup\DevSetup\Private\Providers\Chocolatey\Write-ChocolateyCache.Tests.ps1">
        <results>
          <test-suite type="TestFixture" name="Write-ChocolateyCache" executed="True" result="Success" success="True" time="0.0886" asserts="0" description="Write-ChocolateyCache">
            <results>
              <test-suite type="TestFixture" name="Write-ChocolateyCache.When Chocolatey is not installed" executed="True" result="Success" success="True" time="0.0175" asserts="0" description="Write-ChocolateyCache.When Chocolatey is not installed">
                <results>
                  <test-case description="Should return false and write error" name="Write-ChocolateyCache.When Chocolatey is not installed.Should return false and write error" time="0.0129" asserts="0" success="True" result="Success" executed="True" />
                </results>
              </test-suite>
              <test-suite type="TestFixture" name="Write-ChocolateyCache.When cache file is written successfully" executed="True" result="Success" success="True" time="0.0378" asserts="0" description="Write-ChocolateyCache.When cache file is written successfully">
                <results>
                  <test-case description="Should return true and write debug" name="Write-ChocolateyCache.When cache file is written successfully.Should return true and write debug" time="0.0152" asserts="0" success="True" result="Success" executed="True" />
                </results>
              </test-suite>
              <test-suite type="TestFixture" name="Write-ChocolateyCache.When writing cache file fails" executed="True" result="Success" success="True" time="0.0631" asserts="0" description="Write-ChocolateyCache.When writing cache file fails">
                <results>
                  <test-case description="Should return false and write error" name="Write-ChocolateyCache.When writing cache file fails.Should return false and write error" time="0.0207" asserts="0" success="True" result="Success" executed="True" />
                </results>
              </test-suite>
              <test-suite type="TestFixture" name="Write-ChocolateyCache.When choco command throws an exception" executed="True" result="Success" success="True" time="0.0838" asserts="0" description="Write-ChocolateyCache.When choco command throws an exception">
                <results>
                  <test-case description="Should return false and write error" name="Write-ChocolateyCache.When choco command throws an exception.Should return false and write error" time="0.016" asserts="0" success="True" result="Success" executed="True" />
                </results>
              </test-suite>
            </results>
          </test-suite>
        </results>
      </test-suite>
      <test-suite type="TestFixture" name="C:\Users\Joshua Wilson\source\repos\devsetup\DevSetup\Private\Providers\Core\Install-CoreDependencies.Tests.ps1" executed="True" result="Success" success="True" time="0.3576" asserts="0" description="C:\Users\Joshua Wilson\source\repos\devsetup\DevSetup\Private\Providers\Core\Install-CoreDependencies.Tests.ps1">
        <results>
          <test-suite type="TestFixture" name="Install-CoreDependencies" executed="True" result="Success" success="True" time="0.2459" asserts="0" description="Install-CoreDependencies">
            <results>
              <test-suite type="TestFixture" name="Install-CoreDependencies.When NuGet installation fails" executed="True" result="Success" success="True" time="0.0124" asserts="0" description="Install-CoreDependencies.When NuGet installation fails">
                <results>
                  <test-case description="Should return false and write error" name="Install-CoreDependencies.When NuGet installation fails.Should return false and write error" time="0.008" asserts="0" success="True" result="Success" executed="True" />
                </results>
              </test-suite>
              <test-suite type="TestFixture" name="Install-CoreDependencies.When manifest is missing or has no required modules" executed="True" result="Success" success="True" time="0.0357" asserts="0" description="Install-CoreDependencies.When manifest is missing or has no required modules">
                <results>
                  <test-case description="Should return true and write warning" name="Install-CoreDependencies.When manifest is missing or has no required modules.Should return true and write warning" time="0.0186" asserts="0" success="True" result="Success" executed="True" />
                </results>
              </test-suite>
              <test-suite type="TestFixture" name="Install-CoreDependencies.When required module installation fails" executed="True" result="Success" success="True" time="0.063" asserts="0" description="Install-CoreDependencies.When required module installation fails">
                <results>
                  <test-case description="Should return false and write error" name="Install-CoreDependencies.When required module installation fails.Should return false and write error" time="0.0226" asserts="0" success="True" result="Success" executed="True" />
                </results>
              </test-suite>
              <test-suite type="TestFixture" name="Install-CoreDependencies.When required modules include empty names" executed="True" result="Success" success="True" time="0.0909" asserts="0" description="Install-CoreDependencies.When required modules include empty names">
                <results>
                  <test-case description="Should skip empty module names and return true" name="Install-CoreDependencies.When required modules include empty names.Should skip empty module names and return true" time="0.0233" asserts="0" success="True" result="Success" executed="True" />
                </results>
              </test-suite>
[...]
                </results>
              </test-suite>
              <test-suite type="TestFixture" name="Initialize-DevSetupEnvs.When Optimize-DevSetupEnvs is called" executed="True" result="Success" success="True" time="0.2692" asserts="0" description="Initialize-DevSetupEnvs.When Optimize-DevSetupEnvs is called">
                <results>
                  <test-case description="Should call Optimize-DevSetupEnvs after cloning" name="Initialize-DevSetupEnvs.When Optimize-DevSetupEnvs is called.Should call Optimize-DevSetupEnvs after cloning" time="0.0207" asserts="0" success="True" result="Success" executed="True" />
                </results>
              </test-suite>
              <test-suite type="TestFixture" name="Initialize-DevSetupEnvs.When an unexpected error occurs" executed="True" result="Success" success="True" time="0.2796" asserts="0" description="Initialize-DevSetupEnvs.When an unexpected error occurs">
                <results>
                  <test-case description="Should write error and return null" name="Initialize-DevSetupEnvs.When an unexpected error occurs.Should write error and return null" time="0.0059" asserts="0" success="True" result="Success" executed="True" />
                </results>
              </test-suite>
            </results>
          </test-suite>
        </results>
      </test-suite>
      <test-suite type="TestFixture" name="C:\Users\Joshua Wilson\source\repos\devsetup\DevSetup\Private\Utils\Optimize-DevSetupEnvs.Tests.ps1" executed="True" result="Success" success="True" time="0.2653" asserts="0" description="C:\Users\Joshua Wilson\source\repos\devsetup\DevSetup\Private\Utils\Optimize-DevSetupEnvs.Tests.ps1">
        <results>
          <test-suite type="TestFixture" name="Optimize-DevSetupEnvs" executed="True" result="Success" success="True" time="0.1682" asserts="0" description="Optimize-DevSetupEnvs">
            <results>
              <test-suite type="TestFixture" name="Optimize-DevSetupEnvs.When environments path is missing or invalid" executed="True" result="Success" success="True" time="0.0239" asserts="0" description="Optimize-DevSetupEnvs.When environments path is missing or invalid">
                <results>
                  <test-case description="Should warn and return false" name="Optimize-DevSetupEnvs.When environments path is missing or invalid.Should warn and return false" time="0.0059" asserts="0" success="True" result="Success" executed="True" />
                  <test-case description="Should warn and return null if path does not exist" name="Optimize-DevSetupEnvs.When environments path is missing or invalid.Should warn and return null if path does not exist" time="0.0131" asserts="0" success="True" result="Success" executed="True" />
                </results>
              </test-suite>
              <test-suite type="TestFixture" name="Optimize-DevSetupEnvs.When no YAML files are found" executed="True" result="Success" success="True" time="0.0506" asserts="0" description="Optimize-DevSetupEnvs.When no YAML files are found">
                <results>
                  <test-case description="Should write status message and return empty array" name="Optimize-DevSetupEnvs.When no YAML files are found.Should write status message and return empty array" time="0.0223" asserts="0" success="True" result="Success" executed="True" />
                </results>
              </test-suite>
              <test-suite type="TestFixture" name="Optimize-DevSetupEnvs.When YAML files are found and processed successfully" executed="True" result="Success" success="True" time="0.0868" asserts="0" description="Optimize-DevSetupEnvs.When YAML files are found and processed successfully">
                <results>
                  <test-case description="Should return environments array and write status messages" name="Optimize-DevSetupEnvs.When YAML files are found and processed successfully.Should return environments array and write status messages" time="0.0315" asserts="0" success="True" result="Success" executed="True" />
                </results>
              </test-suite>
              <test-suite type="TestFixture" name="Optimize-DevSetupEnvs.When a YAML file fails to process" executed="True" result="Success" success="True" time="0.1218" asserts="0" description="Optimize-DevSetupEnvs.When a YAML file fails to process">
                <results>
                  <test-case description="Should warn and continue processing other files" name="Optimize-DevSetupEnvs.When a YAML file fails to process.Should warn and continue processing other files" time="0.0304" asserts="0" success="True" result="Success" executed="True" />
                </results>
              </test-suite>
              <test-suite type="TestFixture" name="Optimize-DevSetupEnvs.When writing environments.json fails" executed="True" result="Success" success="True" time="0.1531" asserts="0" description="Optimize-DevSetupEnvs.When writing environments.json fails">
                <results>
                  <test-case description="Should write failed status message and return null" name="Optimize-DevSetupEnvs.When writing environments.json fails.Should write failed status message and return null" time="0.0236" asserts="0" success="True" result="Success" executed="True" />
                </results>
              </test-suite>
              <test-suite type="TestFixture" name="Optimize-DevSetupEnvs.When an unexpected error occurs" executed="True" result="Success" success="True" time="0.164" asserts="0" description="Optimize-DevSetupEnvs.When an unexpected error occurs">
                <results>
                  <test-case description="Should write error and return null" name="Optimize-DevSetupEnvs.When an unexpected error occurs.Should write error and return null" time="0.0062" asserts="0" success="True" result="Success" executed="True" />
                </results>
              </test-suite>
            </results>
          </test-suite>
        </results>
      </test-suite>
      <test-suite type="TestFixture" name="C:\Users\Joshua Wilson\source\repos\devsetup\DevSetup\Private\Utils\Read-ConfigurationFile.Tests.ps1" executed="True" result="Success" success="True" time="0.1109" asserts="0" description="C:\Users\Joshua Wilson\source\repos\devsetup\DevSetup\Private\Utils\Read-ConfigurationFile.Tests.ps1">
        <results>
          <test-suite type="TestFixture" name="Read-ConfigurationFile" executed="True" result="Success" success="True" time="0.0488" asserts="0" description="Read-ConfigurationFile">
            <results>
              <test-suite type="TestFixture" name="Read-ConfigurationFile.When configuration file exists and contains valid YAML" executed="True" result="Success" success="True" time="0.0107" asserts="0" description="Read-ConfigurationFile.When configuration file exists and contains valid YAML">
                <results>
                  <test-case description="Should return parsed YAML data" name="Read-ConfigurationFile.When configuration file exists and contains valid YAML.Should return parsed YAML data" time="0.0063" asserts="0" success="True" result="Success" executed="True" />
                </results>
              </test-suite>
              <test-suite type="TestFixture" name="Read-ConfigurationFile.When configuration file does not exist" executed="True" result="Success" success="True" time="0.0253" asserts="0" description="Read-ConfigurationFile.When configuration file does not exist">
                <results>
                  <test-case description="Should throw an error" name="Read-ConfigurationFile.When configuration file does not exist.Should throw an error" time="0.0046" asserts="0" success="True" result="Success" executed="True" />
                </results>
              </test-suite>
              <test-suite type="TestFixture" name="Read-ConfigurationFile.When YAML is invalid" executed="True" result="Success" success="True" time="0.0353" asserts="0" description="Read-ConfigurationFile.When YAML is invalid">
                <results>
                  <test-case description="Should throw an error from ConvertFrom-Yaml" name="Read-ConfigurationFile.When YAML is invalid.Should throw an error from ConvertFrom-Yaml" time="0.0055" asserts="0" success="True" result="Success" executed="True" />
                </results>
              </test-suite>
              <test-suite type="TestFixture" name="Read-ConfigurationFile.When ConvertFrom-Yaml returns " executed="True" result="Success" success="True" time="0.0447" asserts="0" description="Read-ConfigurationFile.When ConvertFrom-Yaml returns ">
                <results>
                  <test-case description="Should return null" name="Read-ConfigurationFile.When ConvertFrom-Yaml returns .Should return null" time="0.0047" asserts="0" success="True" result="Success" executed="True" />
                </results>
              </test-suite>
            </results>
          </test-suite>
        </results>
      </test-suite>
      <test-suite type="TestFixture" name="C:\Users\Joshua Wilson\source\repos\devsetup\DevSetup\Private\Utils\Test-OperatingSystem.Tests.ps1" executed="True" result="Success" success="True" time="0.0818" asserts="0" description="C:\Users\Joshua Wilson\source\repos\devsetup\DevSetup\Private\Utils\Test-OperatingSystem.Tests.ps1">
        <results>
          <test-suite type="TestFixture" name="Test-OperatingSystem" executed="True" result="Success" success="True" time="0.02" asserts="0" description="Test-OperatingSystem">
            <results>
              <test-suite type="TestFixture" name="Test-OperatingSystem.When called with -Windows on PowerShell 7+" executed="True" result="Success" success="True" time="0.0138" asserts="0" description="Test-OperatingSystem.When called with -Windows on PowerShell 7+">
                <results>
                  <test-case description="Should return value of $IsWindows (default: True)" name="Test-OperatingSystem.When called with -Windows on PowerShell 7+.Should return value of $IsWindows (default: True)" time="0.0032" asserts="0" success="True" result="Success" executed="True" />
                  <test-case description="Should return value of $IsLinux (default: False)" name="Test-OperatingSystem.When called with -Windows on PowerShell 7+.Should return value of $IsLinux (default: False)" time="0.0021" asserts="0" success="True" result="Success" executed="True" />
                  <test-case description="Should return value of $IsMacOS (default: False)" name="Test-OperatingSystem.When called with -Windows on PowerShell 7+.Should return value of $IsMacOS (default: False)" time="0.0021" asserts="0" success="True" result="Success" executed="True" />
                  <test-case description="Should return  if no parameter is specified" name="Test-OperatingSystem.When called with -Windows on PowerShell 7+.Should return  if no parameter is specified" time="0.002" asserts="0" success="True" result="Success" executed="True" />
                </results>
              </test-suite>
            </results>
          </test-suite>
        </results>
      </test-suite>
      <test-suite type="TestFixture" name="C:\Users\Joshua Wilson\source\repos\devsetup\DevSetup\Private\Utils\Test-RunningAsAdmin.Tests.ps1" executed="True" result="Success" success="True" time="0.103" asserts="0" description="C:\Users\Joshua Wilson\source\repos\devsetup\DevSetup\Private\Utils\Test-RunningAsAdmin.Tests.ps1">
        <results>
          <test-suite type="TestFixture" name="Test-RunningAsAdmin" executed="True" result="Success" success="True" time="0.0428" asserts="0" description="Test-RunningAsAdmin">
            <results>
              <test-suite type="TestFixture" name="Test-RunningAsAdmin.When not running on Windows" executed="True" result="Success" success="True" time="0.0086" asserts="0" description="Test-RunningAsAdmin.When not running on Windows">
                <results>
                  <test-case description="Should return true (assume sufficient privileges)" name="Test-RunningAsAdmin.When not running on Windows.Should return true (assume sufficient privileges)" time="0.0041" asserts="0" success="True" result="Success" executed="True" />
                </results>
              </test-suite>
              <test-suite type="TestFixture" name="Test-RunningAsAdmin.When running on Windows as administrator" executed="True" result="Success" success="True" time="0.0264" asserts="0" description="Test-RunningAsAdmin.When running on Windows as administrator">
                <results>
                  <test-case description="Should return true" name="Test-RunningAsAdmin.When running on Windows as administrator.Should return true" time="0.0131" asserts="0" success="True" result="Success" executed="True" />
                </results>
              </test-suite>
              <test-suite type="TestFixture" name="Test-RunningAsAdmin.When running on Windows but not as administrator" executed="True" result="Success" success="True" time="0.0381" asserts="0" description="Test-RunningAsAdmin.When running on Windows but not as administrator">
                <results>
                  <test-case description="Should return false" name="Test-RunningAsAdmin.When running on Windows but not as administrator.Should return false" time="0.0069" asserts="0" success="True" result="Success" executed="True" />
                </results>
              </test-suite>
            </results>
          </test-suite>
        </results>
      </test-suite>
      <test-suite type="TestFixture" name="C:\Users\Joshua Wilson\source\repos\devsetup\DevSetup\Private\Utils\Write-StatusMessage.Tests.ps1" executed="True" result="Success" success="True" time="0.1722" asserts="0" description="C:\Users\Joshua Wilson\source\repos\devsetup\DevSetup\Private\Utils\Write-StatusMessage.Tests.ps1">
        <results>
          <test-suite type="TestFixture" name="Write-StatusMessage" executed="True" result="Success" success="True" time="0.1014" asserts="0" description="Write-StatusMessage">
            <results>
              <test-suite type="TestFixture" name="Write-StatusMessage.When called with default parameters" executed="True" result="Success" success="True" time="0.0098" asserts="0" description="Write-StatusMessage.When called with default parameters">
                <results>
                  <test-case description="Should call Write-Host with the message" name="Write-StatusMessage.When called with default parameters.Should call Write-Host with the message" time="0.0051" asserts="0" success="True" result="Success" executed="True" />
                </results>
              </test-suite>
              <test-suite type="TestFixture" name="Write-StatusMessage.When Verbosity is Verbose" executed="True" result="Success" success="True" time="0.0178" asserts="0" description="Write-StatusMessage.When Verbosity is Verbose">
                <results>
                  <test-case description="Should call Write-Verbose" name="Write-StatusMessage.When Verbosity is Verbose.Should call Write-Verbose" time="0.0036" asserts="0" success="True" result="Success" executed="True" />
                </results>
              </test-suite>
              <test-suite type="TestFixture" name="Write-StatusMessage.When Verbosity is Debug" executed="True" result="Success" success="True" time="0.0309" asserts="0" description="Write-StatusMessage.When Verbosity is Debug">
                <results>
                  <test-case description="Should call Write-Debug" name="Write-StatusMessage.When Verbosity is Debug.Should call Write-Debug" time="0.0045" asserts="0" success="True" result="Success" executed="True" />
                </results>
              </test-suite>
              <test-suite type="TestFixture" name="Write-StatusMessage.When Verbosity is Warning" executed="True" result="Success" success="True" time="0.0384" asserts="0" description="Write-StatusMessage.When Verbosity is Warning">
                <results>
                  <test-case description="Should call Write-Warning" name="Write-StatusMessage.When Verbosity is Warning.Should call Write-Warning" time="0.0033" asserts="0" success="True" result="Success" executed="True" />
                </results>
              </test-suite>
              <test-suite type="TestFixture" name="Write-StatusMessage.When Verbosity is Error" executed="True" result="Success" success="True" time="0.0469" asserts="0" description="Write-StatusMessage.When Verbosity is Error">
                <results>
                  <test-case description="Should call Write-Error" name="Write-StatusMessage.When Verbosity is Error.Should call Write-Error" time="0.0039" asserts="0" success="True" result="Success" executed="True" />
                </results>
              </test-suite>
              <test-suite type="TestFixture" name="Write-StatusMessage.When Indent is specified" executed="True" result="Success" success="True" time="0.0597" asserts="0" description="Write-StatusMessage.When Indent is specified">
                <results>
                  <test-case description="Should indent the message" name="Write-StatusMessage.When Indent is specified.Should indent the message" time="0.0037" asserts="0" success="True" result="Success" executed="True" />
                </results>
              </test-suite>
              <test-suite type="TestFixture" name="Write-StatusMessage.When Width is specified and message is longer" executed="True" result="Success" success="True" time="0.068" asserts="0" description="Write-StatusMessage.When Width is specified and message is longer">
                <results>
                  <test-case description="Should truncate the message with ellipsis" name="Write-StatusMessage.When Width is specified and message is longer.Should truncate the message with ellipsis" time="0.0038" asserts="0" success="True" result="Success" executed="True" />
                </results>
              </test-suite>
              <test-suite type="TestFixture" name="Write-StatusMessage.When Width is specified and message is shorter" executed="True" result="Success" success="True" time="0.076" asserts="0" description="Write-StatusMessage.When Width is specified and message is shorter">
                <results>
                  <test-case description="Should pad the message to the specified width" name="Write-StatusMessage.When Width is specified and message is shorter.Should pad the message to the specified width" time="0.0035" asserts="0" success="True" result="Success" executed="True" />
                </results>
              </test-suite>
              <test-suite type="TestFixture" name="Write-StatusMessage.When NoNewLine is specified" executed="True" result="Success" success="True" time="0.0841" asserts="0" description="Write-StatusMessage.When NoNewLine is specified">
                <results>
                  <test-case description="Should pass NoNewLine to Write-Host" name="Write-StatusMessage.When NoNewLine is specified.Should pass NoNewLine to Write-Host" time="0.0037" asserts="0" success="True" result="Success" executed="True" />
                </results>
              </test-suite>
              <test-suite type="TestFixture" name="Write-StatusMessage.When ForegroundColor is specified" executed="True" result="Success" success="True" time="0.0973" asserts="0" description="Write-StatusMessage.When ForegroundColor is specified">
                <results>
                  <test-case description="Should pass ForegroundColor to Write-Host" name="Write-StatusMessage.When ForegroundColor is specified.Should pass ForegroundColor to Write-Host" time="0.0088" asserts="0" success="True" result="Success" executed="True" />
                </results>
              </test-suite>
            </results>
          </test-suite>
        </results>
      </test-suite>
    </results>
  </test-suite>
</test-results>